<?xml version="1.0" encoding="UTF-8"?>
<testsuite xmlns:xsi="http://www.w3.org/2001/XMLSchema-instance" xsi:noNamespaceSchemaLocation="https://maven.apache.org/surefire/maven-surefire-plugin/xsd/surefire-test-report.xsd" version="3.0.2" name="com.pedido.pedido.repository.PedidoRepositoryTest" time="5.299" tests="7" errors="0" skipped="0" failures="0">
  <properties>
[...]
</properties>
  <testcase name="encontrarPedidoPorId" classname="com.pedido.pedido.repository.PedidoRepositoryTest" time="0.328">
    <system-out><![CDATA[21:52:24.224 [main] INFO org.springframework.test.context.support.AnnotationConfigContextLoaderUtils -- Could not detect default configuration classes for test class [com.pedido.pedido.repository.PedidoRepositoryTest]: PedidoRepositoryTest does not declare any static, non-private, non-final, nested classes annotated with @Configuration.
21:52:24.274 [main] INFO org.springframework.boot.test.context.SpringBootTestContextBootstrapper -- Found @SpringBootConfiguration com.pedido.pedido.PedidoApplication for test class com.pedido.pedido.repository.PedidoRepositoryTest
21:52:24.302 [main] INFO org.springframework.boot.devtools.restart.RestartApplicationListener -- Restart disabled due to context in which it is running

  .   ____          _            __ _ _
 /\\ / ___'_ __ _ _(_)_ __  __ _ \ \ \ \
( ( )\___ | '_ | '_| | '_ \/ _` | \ \ \ \
 \\/  ___)| |_)| | | | | || (_| |  ) ) ) )
  '  |____| .__|_| |_|_| |_\__, | / / / /
 =========|_|==============|___/=/_/_/_/

 :: Spring Boot ::                (v3.4.4)

2025-05-04T21:52:24.407-04:00 DEBUG 13764 --- [pedido] [kground-preinit] o.h.v.i.xml.config.ValidationXmlParser   : Trying to load META-INF/validation.xml for XML based Validator configuration.
2025-05-04T21:52:24.408-04:00 DEBUG 13764 --- [pedido] [kground-preinit] o.h.v.i.xml.config.ResourceLoaderHelper  : Trying to load META-INF/validation.xml via TCCL
2025-05-04T21:52:24.408-04:00 DEBUG 13764 --- [pedido] [kground-preinit] o.h.v.i.xml.config.ResourceLoaderHelper  : Trying to load META-INF/validation.xml via Hibernate Validator's class loader
2025-05-04T21:52:24.409-04:00 DEBUG 13764 --- [pedido] [kground-preinit] o.h.v.i.xml.config.ValidationXmlParser   : No META-INF/validation.xml found. Using annotation based configuration only.
2025-05-04T21:52:24.410-04:00 DEBUG 13764 --- [pedido] [kground-preinit] o.h.v.i.e.resolver.TraversableResolvers  : Found jakarta.persistence.Persistence on classpath containing 'getPersistenceUtil'. Assuming JPA 2 environment. Trying to instantiate JPA aware TraversableResolver
2025-05-04T21:52:24.410-04:00 DEBUG 13764 --- [pedido] [kground-preinit] o.h.v.i.e.resolver.TraversableResolvers  : Instantiated JPA aware TraversableResolver of type org.hibernate.validator.internal.engine.resolver.JPATraversableResolver.
2025-05-04T21:52:24.418-04:00 DEBUG 13764 --- [pedido] [kground-preinit] .h.v.m.ResourceBundleMessageInterpolator : Loaded expression factory via original TCCL
2025-05-04T21:52:24.420-04:00  INFO 13764 --- [pedido] [           main] c.p.p.repository.PedidoRepositoryTest    : Starting PedidoRepositoryTest using Java 21.0.6 with PID 13764 (started by sebastianvaldiviavillagra in /Users/sebastianvaldiviavillagra/Desktop/proyectos/pedidos)
2025-05-04T21:52:24.420-04:00  INFO 13764 --- [pedido] [           main] c.p.p.repository.PedidoRepositoryTest    : No active profile set, falling back to 1 default profile: "default"
2025-05-04T21:52:24.421-04:00 DEBUG 13764 --- [pedido] [           main] o.s.boot.SpringApplication               : Loading source class com.pedido.pedido.PedidoApplication
2025-05-04T21:52:24.425-04:00 DEBUG 13764 --- [pedido] [           main] s.c.a.AnnotationConfigApplicationContext : Refreshing org.springframework.context.annotation.AnnotationConfigApplicationContext@1fd386c3
2025-05-04T21:52:24.430-04:00 DEBUG 13764 --- [pedido] [           main] o.s.b.f.s.DefaultListableBeanFactory     : Creating shared instance of singleton bean 'org.springframework.context.annotation.internalConfigurationAnnotationProcessor'
2025-05-04T21:52:24.434-04:00 DEBUG 13764 --- [pedido] [           main] o.s.b.f.s.DefaultListableBeanFactory     : Creating shared instance of singleton bean 'org.springframework.boot.autoconfigure.internalCachingMetadataReaderFactory'
2025-05-04T21:52:24.442-04:00 DEBUG 13764 --- [pedido] [kground-preinit] .i.e.ValidatorFactoryConfigurationHelper : HV000252: Using org.hibernate.validator.internal.engine.DefaultPropertyNodeNameProvider as property node name provider.
2025-05-04T21:52:24.444-04:00 DEBUG 13764 --- [pedido] [kground-preinit] .i.e.ValidatorFactoryConfigurationHelper : HV000234: Using org.hibernate.validator.messageinterpolation.ResourceBundleMessageInterpolator as ValidatorFactory-scoped message interpolator.
2025-05-04T21:52:24.444-04:00 DEBUG 13764 --- [pedido] [kground-preinit] .i.e.ValidatorFactoryConfigurationHelper : HV000234: Using org.hibernate.validator.internal.engine.resolver.JPATraversableResolver as ValidatorFactory-scoped traversable resolver.
2025-05-04T21:52:24.444-04:00 DEBUG 13764 --- [pedido] [kground-preinit] .i.e.ValidatorFactoryConfigurationHelper : HV000234: Using org.hibernate.validator.internal.util.ExecutableParameterNameProvider as ValidatorFactory-scoped parameter name provider.
2025-05-04T21:52:24.444-04:00 DEBUG 13764 --- [pedido] [kground-preinit] .i.e.ValidatorFactoryConfigurationHelper : HV000234: Using org.hibernate.validator.internal.engine.DefaultClockProvider as ValidatorFactory-scoped clock provider.
2025-05-04T21:52:24.444-04:00 DEBUG 13764 --- [pedido] [kground-preinit] .i.e.ValidatorFactoryConfigurationHelper : HV000234: Using org.hibernate.validator.internal.engine.scripting.DefaultScriptEvaluatorFactory as ValidatorFactory-scoped script evaluator factory.
2025-05-04T21:52:24.586-04:00  INFO 13764 --- [pedido] [           main] .s.d.r.c.RepositoryConfigurationDelegate : Bootstrapping Spring Data JPA repositories in DEFAULT mode.
2025-05-04T21:52:24.591-04:00 DEBUG 13764 --- [pedido] [           main] o.s.b.f.s.DefaultListableBeanFactory     : Creating shared instance of singleton bean 'org.springframework.boot.autoconfigure.AutoConfigurationPackages'
2025-05-04T21:52:24.594-04:00 DEBUG 13764 --- [pedido] [           main] o.s.b.a.AutoConfigurationPackages        : @EnableAutoConfiguration was declared on a class in the package 'com.pedido.pedido'. Automatic @Repository and @Entity scanning is enabled.
2025-05-04T21:52:24.594-04:00 DEBUG 13764 --- [pedido] [           main] .s.d.r.c.RepositoryConfigurationDelegate : Scanning for JPA repositories in packages com.pedido.pedido.
2025-05-04T21:52:24.598-04:00 DEBUG 13764 --- [pedido] [           main] o.s.d.r.c.RepositoryComponentProvider    : Identified candidate component class: file [/Users/sebastianvaldiviavillagra/Desktop/proyectos/pedidos/target/classes/com/pedido/pedido/Repository/PedidoRepository.class]
2025-05-04T21:52:24.608-04:00  INFO 13764 --- [pedido] [           main] .s.d.r.c.RepositoryConfigurationDelegate : Finished Spring Data repository scanning in 13 ms. Found 1 JPA repository interface.
2025-05-04T21:52:24.621-04:00 DEBUG 13764 --- [pedido] [           main] o.s.b.f.s.DefaultListableBeanFactory     : Creating shared instance of singleton bean 'org.springframework.boot.test.context.ImportsContextCustomizer$ImportsCleanupPostProcessor'
2025-05-04T21:52:24.622-04:00 DEBUG 13764 --- [pedido] [           main] o.s.b.f.s.DefaultListableBeanFactory     : Creating shared instance of singleton bean 'org.springframework.boot.test.mock.mockito.MockitoPostProcessor'
2025-05-04T21:52:24.622-04:00 DEBUG 13764 --- [pedido] [           main] o.s.b.f.s.DefaultListableBeanFactory     : Creating shared instance of singleton bean 'emBeanDefinitionRegistrarPostProcessor'
2025-05-04T21:52:24.622-04:00 DEBUG 13764 --- [pedido] [           main] o.s.b.f.s.DefaultListableBeanFactory     : Creating shared instance of singleton bean 'org.springframework.boot.sql.init.dependency.DatabaseInitializationDependencyConfigurer$DependsOnDatabaseInitializationPostProcessor'
2025-05-04T21:52:24.631-04:00 DEBUG 13764 --- [pedido] [           main] o.s.b.f.s.DefaultListableBeanFactory     : Creating shared instance of singleton bean 'org.springframework.context.event.internalEventListenerProcessor'
2025-05-04T21:52:24.631-04:00 DEBUG 13764 --- [pedido] [           main] o.s.b.f.s.DefaultListableBeanFactory     : Creating shared instance of singleton bean 'org.springframework.context.event.internalEventListenerFactory'
2025-05-04T21:52:24.632-04:00 DEBUG 13764 --- [pedido] [           main] o.s.b.f.s.DefaultListableBeanFactory     : Creating shared instance of singleton bean 'org.springframework.transaction.config.internalTransactionalEventListenerFactory'
2025-05-04T21:52:24.632-04:00 DEBUG 13764 --- [pedido] [           main] o.s.b.f.s.DefaultListableBeanFactory     : Creating shared instance of singleton bean 'org.springframework.context.annotation.internalAutowiredAnnotationProcessor'
2025-05-04T21:52:24.633-04:00 DEBUG 13764 --- [pedido] [           main] o.s.b.f.s.DefaultListableBeanFactory     : Creating shared instance of singleton bean 'org.springframework.context.annotation.internalCommonAnnotationProcessor'
2025-05-04T21:52:24.634-04:00 DEBUG 13764 --- [pedido] [           main] o.s.b.f.s.DefaultListableBeanFactory     : Creating shared instance of singleton bean 'org.springframework.context.annotation.internalPersistenceAnnotationProcessor'
2025-05-04T21:52:24.634-04:00 DEBUG 13764 --- [pedido] [           main] o.s.b.f.s.DefaultListableBeanFactory     : Creating shared instance of singleton bean 'org.springframework.boot.test.mock.mockito.MockitoPostProcessor$SpyPostProcessor'
2025-05-04T21:52:24.635-04:00 DEBUG 13764 --- [pedido] [           main] o.s.b.f.s.DefaultListableBeanFactory     : Creating shared instance of singleton bean 'jdbcConnectionDetailsHikariBeanPostProcessor'
2025-05-04T21:52:24.639-04:00 DEBUG 13764 --- [pedido] [           main] o.s.b.f.s.DefaultListableBeanFactory     : Creating shared instance of singleton bean 'org.springframework.boot.context.properties.ConfigurationPropertiesBindingPostProcessor'
2025-05-04T21:52:24.640-04:00 DEBUG 13764 --- [pedido] [           main] o.s.b.f.s.DefaultListableBeanFactory     : Creating shared instance of singleton bean 'org.springframework.boot.context.internalConfigurationPropertiesBinder'
2025-05-04T21:52:24.641-04:00 DEBUG 13764 --- [pedido] [           main] o.s.b.f.s.DefaultListableBeanFactory     : Creating shared instance of singleton bean 'org.springframework.aop.config.internalAutoProxyCreator'
2025-05-04T21:52:24.645-04:00 DEBUG 13764 --- [pedido] [           main] o.s.b.f.s.DefaultListableBeanFactory     : Creating shared instance of singleton bean 'org.springframework.test.context.support.internalDynamicPropertyRegistrarBeanInitializer'
2025-05-04T21:52:24.646-04:00 DEBUG 13764 --- [pedido] [           main] o.s.b.f.s.DefaultListableBeanFactory     : Creating shared instance of singleton bean 'org.springframework.transaction.config.internalTransactionAdvisor'
2025-05-04T21:52:24.646-04:00 DEBUG 13764 --- [pedido] [           main] o.s.b.f.s.DefaultListableBeanFactory     : Creating shared instance of singleton bean 'org.springframework.transaction.annotation.ProxyTransactionManagementConfiguration'
2025-05-04T21:52:24.651-04:00 DEBUG 13764 --- [pedido] [           main] o.s.b.f.s.DefaultListableBeanFactory     : Creating shared instance of singleton bean 'transactionAttributeSource'
2025-05-04T21:52:24.652-04:00 DEBUG 13764 --- [pedido] [           main] o.s.b.f.s.DefaultListableBeanFactory     : Creating shared instance of singleton bean 'transactionInterceptor'
2025-05-04T21:52:24.652-04:00 DEBUG 13764 --- [pedido] [           main] o.s.b.f.s.DefaultListableBeanFactory     : Autowiring by type from bean name 'transactionInterceptor' via factory method to bean named 'transactionAttributeSource'
2025-05-04T21:52:24.653-04:00 DEBUG 13764 --- [pedido] [           main] o.s.b.f.s.DefaultListableBeanFactory     : Autowiring by type from bean name 'org.springframework.transaction.config.internalTransactionAdvisor' via factory method to bean named 'transactionAttributeSource'
2025-05-04T21:52:24.653-04:00 DEBUG 13764 --- [pedido] [           main] o.s.b.f.s.DefaultListableBeanFactory     : Autowiring by type from bean name 'org.springframework.transaction.config.internalTransactionAdvisor' via factory method to bean named 'transactionInterceptor'
2025-05-04T21:52:24.655-04:00 DEBUG 13764 --- [pedido] [           main] o.s.b.f.s.DefaultListableBeanFactory     : Creating shared instance of singleton bean 'dataSourceScriptDatabaseInitializer'
2025-05-04T21:52:24.655-04:00 DEBUG 13764 --- [pedido] [           main] o.s.b.f.s.DefaultListableBeanFactory     : Creating shared instance of singleton bean 'org.springframework.boot.autoconfigure.sql.init.DataSourceInitializationConfiguration'
2025-05-04T21:52:24.655-04:00 DEBUG 13764 --- [pedido] [           main] o.s.b.f.s.DefaultListableBeanFactory     : Creating shared instance of singleton bean 'dataSource'
2025-05-04T21:52:24.655-04:00 DEBUG 13764 --- [pedido] [           main] o.s.b.f.s.DefaultListableBeanFactory     : Creating shared instance of singleton bean 'org.springframework.boot.autoconfigure.jdbc.DataSourceConfiguration$Hikari'
2025-05-04T21:52:24.656-04:00 DEBUG 13764 --- [pedido] [           main] o.s.b.f.s.DefaultListableBeanFactory     : Creating shared instance of singleton bean 'spring.datasource-org.springframework.boot.autoconfigure.jdbc.DataSourceProperties'
2025-05-04T21:52:24.656-04:00 DEBUG 13764 --- [pedido] [           main] o.s.b.f.s.DefaultListableBeanFactory     : Creating shared instance of singleton bean 'org.springframework.boot.context.properties.BoundConfigurationProperties'
2025-05-04T21:52:24.660-04:00 DEBUG 13764 --- [pedido] [           main] o.s.b.f.s.DefaultListableBeanFactory     : Creating shared instance of singleton bean 'jdbcConnectionDetails'
2025-05-04T21:52:24.660-04:00 DEBUG 13764 --- [pedido] [           main] o.s.b.f.s.DefaultListableBeanFactory     : Creating shared instance of singleton bean 'org.springframework.boot.autoconfigure.jdbc.DataSourceAutoConfiguration$PooledDataSourceConfiguration'
2025-05-04T21:52:24.661-04:00 DEBUG 13764 --- [pedido] [           main] o.s.b.f.s.DefaultListableBeanFactory     : Autowiring by type from bean name 'jdbcConnectionDetails' via factory method to bean named 'spring.datasource-org.springframework.boot.autoconfigure.jdbc.DataSourceProperties'
2025-05-04T21:52:24.661-04:00 DEBUG 13764 --- [pedido] [           main] o.s.b.f.s.DefaultListableBeanFactory     : Autowiring by type from bean name 'dataSource' via factory method to bean named 'spring.datasource-org.springframework.boot.autoconfigure.jdbc.DataSourceProperties'
2025-05-04T21:52:24.661-04:00 DEBUG 13764 --- [pedido] [           main] o.s.b.f.s.DefaultListableBeanFactory     : Autowiring by type from bean name 'dataSource' via factory method to bean named 'jdbcConnectionDetails'
2025-05-04T21:52:24.727-04:00 DEBUG 13764 --- [pedido] [           main] o.s.b.f.s.DefaultListableBeanFactory     : Creating shared instance of singleton bean 'spring.sql.init-org.springframework.boot.autoconfigure.sql.init.SqlInitializationProperties'
2025-05-04T21:52:24.728-04:00 DEBUG 13764 --- [pedido] [           main] o.s.b.f.s.DefaultListableBeanFactory     : Autowiring by type from bean name 'dataSourceScriptDatabaseInitializer' via factory method to bean named 'dataSource'
2025-05-04T21:52:24.728-04:00 DEBUG 13764 --- [pedido] [           main] o.s.b.f.s.DefaultListableBeanFactory     : Autowiring by type from bean name 'dataSourceScriptDatabaseInitializer' via factory method to bean named 'spring.sql.init-org.springframework.boot.autoconfigure.sql.init.SqlInitializationProperties'
2025-05-04T21:52:24.729-04:00 DEBUG 13764 --- [pedido] [           main] o.s.b.f.s.DefaultListableBeanFactory     : Creating shared instance of singleton bean 'entityManagerFactory'
2025-05-04T21:52:24.729-04:00 DEBUG 13764 --- [pedido] [           main] o.s.b.f.s.DefaultListableBeanFactory     : Creating shared instance of singleton bean 'org.springframework.boot.autoconfigure.orm.jpa.HibernateJpaConfiguration'
2025-05-04T21:52:24.729-04:00 DEBUG 13764 --- [pedido] [           main] o.s.b.f.s.DefaultListableBeanFactory     : Creating shared instance of singleton bean 'spring.jpa-org.springframework.boot.autoconfigure.orm.jpa.JpaProperties'
2025-05-04T21:52:24.731-04:00 DEBUG 13764 --- [pedido] [           main] o.s.b.f.s.DefaultListableBeanFactory     : Creating shared instance of singleton bean 'spring.jpa.hibernate-org.springframework.boot.autoconfigure.orm.jpa.HibernateProperties'
2025-05-04T21:52:24.731-04:00 DEBUG 13764 --- [pedido] [           main] o.s.b.f.s.DefaultListableBeanFactory     : Autowiring by type from bean name 'org.springframework.boot.autoconfigure.orm.jpa.HibernateJpaConfiguration' via constructor to bean named 'dataSource'
2025-05-04T21:52:24.731-04:00 DEBUG 13764 --- [pedido] [           main] o.s.b.f.s.DefaultListableBeanFactory     : Autowiring by type from bean name 'org.springframework.boot.autoconfigure.orm.jpa.HibernateJpaConfiguration' via constructor to bean named 'spring.jpa-org.springframework.boot.autoconfigure.orm.jpa.JpaProperties'
2025-05-04T21:52:24.731-04:00 DEBUG 13764 --- [pedido] [           main] o.s.b.f.s.DefaultListableBeanFactory     : Autowiring by type from bean name 'org.springframework.boot.autoconfigure.orm.jpa.HibernateJpaConfiguration' via constructor to bean named 'org.springframework.beans.factory.support.DefaultListableBeanFactory@189b5fb1'
2025-05-04T21:52:24.731-04:00 DEBUG 13764 --- [pedido] [           main] o.s.b.f.s.DefaultListableBeanFactory     : Autowiring by type from bean name 'org.springframework.boot.autoconfigure.orm.jpa.HibernateJpaConfiguration' via constructor to bean named 'spring.jpa.hibernate-org.springframework.boot.autoconfigure.orm.jpa.HibernateProperties'
2025-05-04T21:52:24.732-04:00 DEBUG 13764 --- [pedido] [           main] o.s.b.f.s.DefaultListableBeanFactory     : Creating shared instance of singleton bean 'hikariPoolDataSourceMetadataProvider'
2025-05-04T21:52:24.733-04:00 DEBUG 13764 --- [pedido] [           main] o.s.b.f.s.DefaultListableBeanFactory     : Creating shared instance of singleton bean 'org.springframework.boot.autoconfigure.jdbc.metadata.DataSourcePoolMetadataProvidersConfiguration$HikariPoolDataSourceMetadataProviderConfiguration'
2025-05-04T21:52:24.735-04:00 DEBUG 13764 --- [pedido] [           main] o.s.b.f.s.DefaultListableBeanFactory     : Creating shared instance of singleton bean 'entityManagerFactoryBuilder'
2025-05-04T21:52:24.735-04:00 DEBUG 13764 --- [pedido] [           main] o.s.b.f.s.DefaultListableBeanFactory     : Creating shared instance of singleton bean 'jpaVendorAdapter'
2025-05-04T21:52:24.738-04:00 DEBUG 13764 --- [pedido] [           main] o.s.b.f.s.DefaultListableBeanFactory     : Autowiring by type from bean name 'entityManagerFactoryBuilder' via factory method to bean named 'jpaVendorAdapter'
2025-05-04T21:52:24.740-04:00 DEBUG 13764 --- [pedido] [           main] o.s.b.f.s.DefaultListableBeanFactory     : Creating shared instance of singleton bean 'persistenceManagedTypes'
2025-05-04T21:52:24.740-04:00 DEBUG 13764 --- [pedido] [           main] o.s.b.f.s.DefaultListableBeanFactory     : Autowiring by type from bean name 'persistenceManagedTypes' via factory method to bean named 'org.springframework.beans.factory.support.DefaultListableBeanFactory@189b5fb1'
2025-05-04T21:52:24.740-04:00 DEBUG 13764 --- [pedido] [           main] o.s.b.f.s.DefaultListableBeanFactory     : Autowiring by type from bean name 'persistenceManagedTypes' via factory method to bean named 'org.springframework.context.annotation.AnnotationConfigApplicationContext@1fd386c3'
2025-05-04T21:52:24.743-04:00 DEBUG 13764 --- [pedido] [           main] o.s.b.f.s.DefaultListableBeanFactory     : Autowiring by type from bean name 'entityManagerFactory' via factory method to bean named 'entityManagerFactoryBuilder'
2025-05-04T21:52:24.743-04:00 DEBUG 13764 --- [pedido] [           main] o.s.b.f.s.DefaultListableBeanFactory     : Autowiring by type from bean name 'entityManagerFactory' via factory method to bean named 'persistenceManagedTypes'
2025-05-04T21:52:24.748-04:00 DEBUG 13764 --- [pedido] [           main] j.LocalContainerEntityManagerFactoryBean : Building JPA container EntityManagerFactory for persistence unit 'default'
2025-05-04T21:52:24.756-04:00 DEBUG 13764 --- [pedido] [           main] o.hibernate.jpa.internal.util.LogHelper  : PersistenceUnitInfo [
	name: default
	persistence provider classname: null
	classloader: jdk.internal.loader.ClassLoaders$AppClassLoader@2c854dc5
	excludeUnlistedClasses: true
	JTA datasource: null
	Non JTA datasource: HikariDataSource (null)
	Transaction type: RESOURCE_LOCAL
	PU root URL: file:/Users/sebastianvaldiviavillagra/Desktop/proyectos/pedidos/target/test-classes/
	Shared Cache Mode: UNSPECIFIED
	Validation Mode: AUTO
	Jar files URLs []
	Managed classes names [
		com.pedido.pedido.Model.Pedido]
	Mapping files names []
	Properties []
2025-05-04T21:52:24.758-04:00 DEBUG 13764 --- [pedido] [           main] o.h.i.internal.IntegratorServiceImpl     : Adding Integrator [org.hibernate.boot.beanvalidation.BeanValidationIntegrator].
2025-05-04T21:52:24.758-04:00 DEBUG 13764 --- [pedido] [           main] o.h.i.internal.IntegratorServiceImpl     : Adding Integrator [org.hibernate.cache.internal.CollectionCacheInvalidator].
2025-05-04T21:52:24.777-04:00  INFO 13764 --- [pedido] [           main] org.hibernate.Version                    : HHH000412: Hibernate ORM core version 6.6.11.Final
2025-05-04T21:52:24.778-04:00 DEBUG 13764 --- [pedido] [           main] org.hibernate.cfg.Environment            : HHH000206: 'hibernate.properties' not found
2025-05-04T21:52:24.785-04:00 DEBUG 13764 --- [pedido] [           main] org.hibernate.orm.idgen.factory          : Registering IdentifierGenerator strategy [uuid2] -> [org.hibernate.id.UUIDGenerator]
2025-05-04T21:52:24.785-04:00 DEBUG 13764 --- [pedido] [           main] org.hibernate.orm.idgen.factory          : Registering IdentifierGenerator strategy [guid] -> [org.hibernate.id.GUIDGenerator]
2025-05-04T21:52:24.785-04:00 DEBUG 13764 --- [pedido] [           main] org.hibernate.orm.idgen.factory          : Registering IdentifierGenerator strategy [uuid] -> [org.hibernate.id.UUIDHexGenerator]
2025-05-04T21:52:24.785-04:00 DEBUG 13764 --- [pedido] [           main] org.hibernate.orm.idgen.factory          : Registering IdentifierGenerator strategy [uuid.hex] -> [org.hibernate.id.UUIDHexGenerator]
2025-05-04T21:52:24.785-04:00 DEBUG 13764 --- [pedido] [           main] org.hibernate.orm.idgen.factory          : Registering IdentifierGenerator strategy [assigned] -> [org.hibernate.id.Assigned]
2025-05-04T21:52:24.786-04:00 DEBUG 13764 --- [pedido] [           main] org.hibernate.orm.idgen.factory          : Registering IdentifierGenerator strategy [identity] -> [org.hibernate.id.IdentityGenerator]
2025-05-04T21:52:24.786-04:00 DEBUG 13764 --- [pedido] [           main] org.hibernate.orm.idgen.factory          : Registering IdentifierGenerator strategy [select] -> [org.hibernate.id.SelectGenerator]
2025-05-04T21:52:24.786-04:00 DEBUG 13764 --- [pedido] [           main] org.hibernate.orm.idgen.factory          : Registering IdentifierGenerator strategy [sequence] -> [org.hibernate.id.enhanced.SequenceStyleGenerator]
2025-05-04T21:52:24.787-04:00 DEBUG 13764 --- [pedido] [           main] org.hibernate.orm.idgen.factory          : Registering IdentifierGenerator strategy [increment] -> [org.hibernate.id.IncrementGenerator]
2025-05-04T21:52:24.787-04:00 DEBUG 13764 --- [pedido] [           main] org.hibernate.orm.idgen.factory          : Registering IdentifierGenerator strategy [foreign] -> [org.hibernate.id.ForeignGenerator]
2025-05-04T21:52:24.787-04:00 DEBUG 13764 --- [pedido] [           main] org.hibernate.orm.idgen.factory          : Registering IdentifierGenerator strategy [enhanced-sequence] -> [org.hibernate.id.enhanced.SequenceStyleGenerator]
2025-05-04T21:52:24.787-04:00 DEBUG 13764 --- [pedido] [           main] org.hibernate.orm.idgen.factory          : Registering IdentifierGenerator strategy [enhanced-table] -> [org.hibernate.id.enhanced.TableGenerator]
2025-05-04T21:52:24.789-04:00 DEBUG 13764 --- [pedido] [           main] o.h.c.internal.RegionFactoryInitiator    : Cannot default RegionFactory based on registered strategies as `[]` RegionFactory strategies were registered
2025-05-04T21:52:24.790-04:00  INFO 13764 --- [pedido] [           main] o.h.c.internal.RegionFactoryInitiator    : HHH000026: Second-level cache disabled
2025-05-04T21:52:24.815-04:00 DEBUG 13764 --- [pedido] [           main] org.hibernate.type.BasicTypeRegistry     : Adding type registration boolean -> org.hibernate.type.BasicTypeReference@52ea0269
2025-05-04T21:52:24.815-04:00 DEBUG 13764 --- [pedido] [           main] org.hibernate.type.BasicTypeRegistry     : Adding type registration boolean -> org.hibernate.type.BasicTypeReference@52ea0269
2025-05-04T21:52:24.816-04:00 DEBUG 13764 --- [pedido] [           main] org.hibernate.type.BasicTypeRegistry     : Adding type registration java.lang.Boolean -> org.hibernate.type.BasicTypeReference@52ea0269
2025-05-04T21:52:24.816-04:00 DEBUG 13764 --- [pedido] [           main] org.hibernate.type.BasicTypeRegistry     : Adding type registration numeric_boolean -> org.hibernate.type.BasicTypeReference@746c411c
2025-05-04T21:52:24.816-04:00 DEBUG 13764 --- [pedido] [           main] org.hibernate.type.BasicTypeRegistry     : Adding type registration org.hibernate.type.NumericBooleanConverter -> org.hibernate.type.BasicTypeReference@746c411c
2025-05-04T21:52:24.816-04:00 DEBUG 13764 --- [pedido] [           main] org.hibernate.type.BasicTypeRegistry     : Adding type registration true_false -> org.hibernate.type.BasicTypeReference@43ecfeb5
2025-05-04T21:52:24.816-04:00 DEBUG 13764 --- [pedido] [           main] org.hibernate.type.BasicTypeRegistry     : Adding type registration org.hibernate.type.TrueFalseConverter -> org.hibernate.type.BasicTypeReference@43ecfeb5
2025-05-04T21:52:24.816-04:00 DEBUG 13764 --- [pedido] [           main] org.hibernate.type.BasicTypeRegistry     : Adding type registration yes_no -> org.hibernate.type.BasicTypeReference@51efb731
2025-05-04T21:52:24.816-04:00 DEBUG 13764 --- [pedido] [           main] org.hibernate.type.BasicTypeRegistry     : Adding type registration org.hibernate.type.YesNoConverter -> org.hibernate.type.BasicTypeReference@51efb731
2025-05-04T21:52:24.816-04:00 DEBUG 13764 --- [pedido] [           main] org.hibernate.type.BasicTypeRegistry     : Adding type registration byte -> org.hibernate.type.BasicTypeReference@53940e2f
2025-05-04T21:52:24.816-04:00 DEBUG 13764 --- [pedido] [           main] org.hibernate.type.BasicTypeRegistry     : Adding type registration byte -> org.hibernate.type.BasicTypeReference@53940e2f
2025-05-04T21:52:24.816-04:00 DEBUG 13764 --- [pedido] [           main] org.hibernate.type.BasicTypeRegistry     : Adding type registration java.lang.Byte -> org.hibernate.type.BasicTypeReference@53940e2f
2025-05-04T21:52:24.816-04:00 DEBUG 13764 --- [pedido] [           main] org.hibernate.type.BasicTypeRegistry     : Adding type registration binary -> org.hibernate.type.BasicTypeReference@45e6d1e0
2025-05-04T21:52:24.816-04:00 DEBUG 13764 --- [pedido] [           main] org.hibernate.type.BasicTypeRegistry     : Adding type registration byte[] -> org.hibernate.type.BasicTypeReference@45e6d1e0
2025-05-04T21:52:24.816-04:00 DEBUG 13764 --- [pedido] [           main] org.hibernate.type.BasicTypeRegistry     : Adding type registration [B -> org.hibernate.type.BasicTypeReference@45e6d1e0
2025-05-04T21:52:24.816-04:00 DEBUG 13764 --- [pedido] [           main] org.hibernate.type.BasicTypeRegistry     : Adding type registration binary_wrapper -> org.hibernate.type.BasicTypeReference@61db86bf
2025-05-04T21:52:24.816-04:00 DEBUG 13764 --- [pedido] [           main] org.hibernate.type.BasicTypeRegistry     : Adding type registration wrapper-binary -> org.hibernate.type.BasicTypeReference@61db86bf
2025-05-04T21:52:24.816-04:00 DEBUG 13764 --- [pedido] [           main] org.hibernate.type.BasicTypeRegistry     : Adding type registration image -> org.hibernate.type.BasicTypeReference@4da1f38a
2025-05-04T21:52:24.816-04:00 DEBUG 13764 --- [pedido] [           main] org.hibernate.type.BasicTypeRegistry     : Adding type registration blob -> org.hibernate.type.BasicTypeReference@3e377967
2025-05-04T21:52:24.816-04:00 DEBUG 13764 --- [pedido] [           main] org.hibernate.type.BasicTypeRegistry     : Adding type registration java.sql.Blob -> org.hibernate.type.BasicTypeReference@3e377967
2025-05-04T21:52:24.816-04:00 DEBUG 13764 --- [pedido] [           main] org.hibernate.type.BasicTypeRegistry     : Adding type registration materialized_blob -> org.hibernate.type.BasicTypeReference@4dadd690
2025-05-04T21:52:24.816-04:00 DEBUG 13764 --- [pedido] [           main] org.hibernate.type.BasicTypeRegistry     : Adding type registration materialized_blob_wrapper -> org.hibernate.type.BasicTypeReference@707e4fe4
2025-05-04T21:52:24.816-04:00 DEBUG 13764 --- [pedido] [           main] org.hibernate.type.BasicTypeRegistry     : Adding type registration short -> org.hibernate.type.BasicTypeReference@3281dfc2
2025-05-04T21:52:24.816-04:00 DEBUG 13764 --- [pedido] [           main] org.hibernate.type.BasicTypeRegistry     : Adding type registration short -> org.hibernate.type.BasicTypeReference@3281dfc2
2025-05-04T21:52:24.816-04:00 DEBUG 13764 --- [pedido] [           main] org.hibernate.type.BasicTypeRegistry     : Adding type registration java.lang.Short -> org.hibernate.type.BasicTypeReference@3281dfc2
2025-05-04T21:52:24.816-04:00 DEBUG 13764 --- [pedido] [           main] org.hibernate.type.BasicTypeRegistry     : Adding type registration integer -> org.hibernate.type.BasicTypeReference@377874b4
2025-05-04T21:52:24.816-04:00 DEBUG 13764 --- [pedido] [           main] org.hibernate.type.BasicTypeRegistry     : Adding type registration int -> org.hibernate.type.BasicTypeReference@377874b4
2025-05-04T21:52:24.816-04:00 DEBUG 13764 --- [pedido] [           main] org.hibernate.type.BasicTypeRegistry     : Adding type registration java.lang.Integer -> org.hibernate.type.BasicTypeReference@377874b4
2025-05-04T21:52:24.816-04:00 DEBUG 13764 --- [pedido] [           main] org.hibernate.type.BasicTypeRegistry     : Adding type registration long -> org.hibernate.type.BasicTypeReference@14422d9d
2025-05-04T21:52:24.816-04:00 DEBUG 13764 --- [pedido] [           main] org.hibernate.type.BasicTypeRegistry     : Adding type registration long -> org.hibernate.type.BasicTypeReference@14422d9d
2025-05-04T21:52:24.816-04:00 DEBUG 13764 --- [pedido] [           main] org.hibernate.type.BasicTypeRegistry     : Adding type registration java.lang.Long -> org.hibernate.type.BasicTypeReference@14422d9d
2025-05-04T21:52:24.816-04:00 DEBUG 13764 --- [pedido] [           main] org.hibernate.type.BasicTypeRegistry     : Adding type registration float -> org.hibernate.type.BasicTypeReference@16c1519e
2025-05-04T21:52:24.816-04:00 DEBUG 13764 --- [pedido] [           main] org.hibernate.type.BasicTypeRegistry     : Adding type registration float -> org.hibernate.type.BasicTypeReference@16c1519e
2025-05-04T21:52:24.817-04:00 DEBUG 13764 --- [pedido] [           main] org.hibernate.type.BasicTypeRegistry     : Adding type registration java.lang.Float -> org.hibernate.type.BasicTypeReference@16c1519e
2025-05-04T21:52:24.817-04:00 DEBUG 13764 --- [pedido] [           main] org.hibernate.type.BasicTypeRegistry     : Adding type registration double -> org.hibernate.type.BasicTypeReference@2a02e34b
2025-05-04T21:52:24.817-04:00 DEBUG 13764 --- [pedido] [           main] org.hibernate.type.BasicTypeRegistry     : Adding type registration double -> org.hibernate.type.BasicTypeReference@2a02e34b
2025-05-04T21:52:24.817-04:00 DEBUG 13764 --- [pedido] [           main] org.hibernate.type.BasicTypeRegistry     : Adding type registration java.lang.Double -> org.hibernate.type.BasicTypeReference@2a02e34b
2025-05-04T21:52:24.817-04:00 DEBUG 13764 --- [pedido] [           main] org.hibernate.type.BasicTypeRegistry     : Adding type registration big_integer -> org.hibernate.type.BasicTypeReference@5eabff6b
2025-05-04T21:52:24.817-04:00 DEBUG 13764 --- [pedido] [           main] org.hibernate.type.BasicTypeRegistry     : Adding type registration java.math.BigInteger -> org.hibernate.type.BasicTypeReference@5eabff6b
2025-05-04T21:52:24.817-04:00 DEBUG 13764 --- [pedido] [           main] org.hibernate.type.BasicTypeRegistry     : Adding type registration big_decimal -> org.hibernate.type.BasicTypeReference@5b000fe6
2025-05-04T21:52:24.817-04:00 DEBUG 13764 --- [pedido] [           main] org.hibernate.type.BasicTypeRegistry     : Adding type registration java.math.BigDecimal -> org.hibernate.type.BasicTypeReference@5b000fe6
2025-05-04T21:52:24.817-04:00 DEBUG 13764 --- [pedido] [           main] org.hibernate.type.BasicTypeRegistry     : Adding type registration character -> org.hibernate.type.BasicTypeReference@4751e8b9
2025-05-04T21:52:24.817-04:00 DEBUG 13764 --- [pedido] [           main] org.hibernate.type.BasicTypeRegistry     : Adding type registration char -> org.hibernate.type.BasicTypeReference@4751e8b9
2025-05-04T21:52:24.817-04:00 DEBUG 13764 --- [pedido] [           main] org.hibernate.type.BasicTypeRegistry     : Adding type registration java.lang.Character -> org.hibernate.type.BasicTypeReference@4751e8b9
2025-05-04T21:52:24.817-04:00 DEBUG 13764 --- [pedido] [           main] org.hibernate.type.BasicTypeRegistry     : Adding type registration character_nchar -> org.hibernate.type.BasicTypeReference@7af443a3
2025-05-04T21:52:24.817-04:00 DEBUG 13764 --- [pedido] [           main] org.hibernate.type.BasicTypeRegistry     : Adding type registration string -> org.hibernate.type.BasicTypeReference@7b25ab31
2025-05-04T21:52:24.817-04:00 DEBUG 13764 --- [pedido] [           main] org.hibernate.type.BasicTypeRegistry     : Adding type registration java.lang.String -> org.hibernate.type.BasicTypeReference@7b25ab31
2025-05-04T21:52:24.817-04:00 DEBUG 13764 --- [pedido] [           main] org.hibernate.type.BasicTypeRegistry     : Adding type registration nstring -> org.hibernate.type.BasicTypeReference@2001e48c
2025-05-04T21:52:24.817-04:00 DEBUG 13764 --- [pedido] [           main] org.hibernate.type.BasicTypeRegistry     : Adding type registration characters -> org.hibernate.type.BasicTypeReference@68ddd415
2025-05-04T21:52:24.817-04:00 DEBUG 13764 --- [pedido] [           main] org.hibernate.type.BasicTypeRegistry     : Adding type registration char[] -> org.hibernate.type.BasicTypeReference@68ddd415
2025-05-04T21:52:24.817-04:00 DEBUG 13764 --- [pedido] [           main] org.hibernate.type.BasicTypeRegistry     : Adding type registration [C -> org.hibernate.type.BasicTypeReference@68ddd415
2025-05-04T21:52:24.817-04:00 DEBUG 13764 --- [pedido] [           main] org.hibernate.type.BasicTypeRegistry     : Adding type registration wrapper-characters -> org.hibernate.type.BasicTypeReference@306c7bf6
2025-05-04T21:52:24.817-04:00 DEBUG 13764 --- [pedido] [           main] org.hibernate.type.BasicTypeRegistry     : Adding type registration text -> org.hibernate.type.BasicTypeReference@664632e9
2025-05-04T21:52:24.817-04:00 DEBUG 13764 --- [pedido] [           main] org.hibernate.type.BasicTypeRegistry     : Adding type registration ntext -> org.hibernate.type.BasicTypeReference@494c8f29
2025-05-04T21:52:24.817-04:00 DEBUG 13764 --- [pedido] [           main] org.hibernate.type.BasicTypeRegistry     : Adding type registration clob -> org.hibernate.type.BasicTypeReference@4f379769
2025-05-04T21:52:24.817-04:00 DEBUG 13764 --- [pedido] [           main] org.hibernate.type.BasicTypeRegistry     : Adding type registration java.sql.Clob -> org.hibernate.type.BasicTypeReference@4f379769
2025-05-04T21:52:24.817-04:00 DEBUG 13764 --- [pedido] [           main] org.hibernate.type.BasicTypeRegistry     : Adding type registration nclob -> org.hibernate.type.BasicTypeReference@1c57f6b2
2025-05-04T21:52:24.817-04:00 DEBUG 13764 --- [pedido] [           main] org.hibernate.type.BasicTypeRegistry     : Adding type registration java.sql.NClob -> org.hibernate.type.BasicTypeReference@1c57f6b2
2025-05-04T21:52:24.817-04:00 DEBUG 13764 --- [pedido] [           main] org.hibernate.type.BasicTypeRegistry     : Adding type registration materialized_clob -> org.hibernate.type.BasicTypeReference@4b515eab
2025-05-04T21:52:24.817-04:00 DEBUG 13764 --- [pedido] [           main] org.hibernate.type.BasicTypeRegistry     : Adding type registration materialized_clob_char_array -> org.hibernate.type.BasicTypeReference@66c9b52f
2025-05-04T21:52:24.817-04:00 DEBUG 13764 --- [pedido] [           main] org.hibernate.type.BasicTypeRegistry     : Adding type registration materialized_clob_character_array -> org.hibernate.type.BasicTypeReference@1536ea40
2025-05-04T21:52:24.817-04:00 DEBUG 13764 --- [pedido] [           main] org.hibernate.type.BasicTypeRegistry     : Adding type registration materialized_nclob -> org.hibernate.type.BasicTypeReference@36776c32
2025-05-04T21:52:24.817-04:00 DEBUG 13764 --- [pedido] [           main] org.hibernate.type.BasicTypeRegistry     : Adding type registration materialized_nclob_character_array -> org.hibernate.type.BasicTypeReference@7792d851
2025-05-04T21:52:24.817-04:00 DEBUG 13764 --- [pedido] [           main] org.hibernate.type.BasicTypeRegistry     : Adding type registration materialized_nclob_char_array -> org.hibernate.type.BasicTypeReference@5cd96b41
2025-05-04T21:52:24.817-04:00 DEBUG 13764 --- [pedido] [           main] org.hibernate.type.BasicTypeRegistry     : Adding type registration Duration -> org.hibernate.type.BasicTypeReference@7e1ffe70
2025-05-04T21:52:24.817-04:00 DEBUG 13764 --- [pedido] [           main] org.hibernate.type.BasicTypeRegistry     : Adding type registration java.time.Duration -> org.hibernate.type.BasicTypeReference@7e1ffe70
2025-05-04T21:52:24.817-04:00 DEBUG 13764 --- [pedido] [           main] org.hibernate.type.BasicTypeRegistry     : Adding type registration LocalDateTime -> org.hibernate.type.BasicTypeReference@73041b7d
2025-05-04T21:52:24.817-04:00 DEBUG 13764 --- [pedido] [           main] org.hibernate.type.BasicTypeRegistry     : Adding type registration java.time.LocalDateTime -> org.hibernate.type.BasicTypeReference@73041b7d
2025-05-04T21:52:24.817-04:00 DEBUG 13764 --- [pedido] [           main] org.hibernate.type.BasicTypeRegistry     : Adding type registration LocalDate -> org.hibernate.type.BasicTypeReference@1235151c
2025-05-04T21:52:24.817-04:00 DEBUG 13764 --- [pedido] [           main] org.hibernate.type.BasicTypeRegistry     : Adding type registration java.time.LocalDate -> org.hibernate.type.BasicTypeReference@1235151c
2025-05-04T21:52:24.817-04:00 DEBUG 13764 --- [pedido] [           main] org.hibernate.type.BasicTypeRegistry     : Adding type registration LocalTime -> org.hibernate.type.BasicTypeReference@5a1f778
2025-05-04T21:52:24.817-04:00 DEBUG 13764 --- [pedido] [           main] org.hibernate.type.BasicTypeRegistry     : Adding type registration java.time.LocalTime -> org.hibernate.type.BasicTypeReference@5a1f778
2025-05-04T21:52:24.817-04:00 DEBUG 13764 --- [pedido] [           main] org.hibernate.type.BasicTypeRegistry     : Adding type registration OffsetDateTime -> org.hibernate.type.BasicTypeReference@4cc65c2
2025-05-04T21:52:24.817-04:00 DEBUG 13764 --- [pedido] [           main] org.hibernate.type.BasicTypeRegistry     : Adding type registration java.time.OffsetDateTime -> org.hibernate.type.BasicTypeReference@4cc65c2
2025-05-04T21:52:24.818-04:00 DEBUG 13764 --- [pedido] [           main] org.hibernate.type.BasicTypeRegistry     : Adding type registration OffsetDateTimeWithTimezone -> org.hibernate.type.BasicTypeReference@574059d5
2025-05-04T21:52:24.818-04:00 DEBUG 13764 --- [pedido] [           main] org.hibernate.type.BasicTypeRegistry     : Adding type registration OffsetDateTimeWithoutTimezone -> org.hibernate.type.BasicTypeReference@6d672bd4
2025-05-04T21:52:24.818-04:00 DEBUG 13764 --- [pedido] [           main] org.hibernate.type.BasicTypeRegistry     : Adding type registration OffsetTime -> org.hibernate.type.BasicTypeReference@67770b37
2025-05-04T21:52:24.818-04:00 DEBUG 13764 --- [pedido] [           main] org.hibernate.type.BasicTypeRegistry     : Adding type registration java.time.OffsetTime -> org.hibernate.type.BasicTypeReference@67770b37
2025-05-04T21:52:24.818-04:00 DEBUG 13764 --- [pedido] [           main] org.hibernate.type.BasicTypeRegistry     : Adding type registration OffsetTimeUtc -> org.hibernate.type.BasicTypeReference@72906e
2025-05-04T21:52:24.818-04:00 DEBUG 13764 --- [pedido] [           main] org.hibernate.type.BasicTypeRegistry     : Adding type registration OffsetTimeWithTimezone -> org.hibernate.type.BasicTypeReference@5529ff44
2025-05-04T21:52:24.818-04:00 DEBUG 13764 --- [pedido] [           main] org.hibernate.type.BasicTypeRegistry     : Adding type registration OffsetTimeWithoutTimezone -> org.hibernate.type.BasicTypeReference@14447be
2025-05-04T21:52:24.818-04:00 DEBUG 13764 --- [pedido] [           main] org.hibernate.type.BasicTypeRegistry     : Adding type registration ZonedDateTime -> org.hibernate.type.BasicTypeReference@5eb5da12
2025-05-04T21:52:24.818-04:00 DEBUG 13764 --- [pedido] [           main] org.hibernate.type.BasicTypeRegistry     : Adding type registration java.time.ZonedDateTime -> org.hibernate.type.BasicTypeReference@5eb5da12
2025-05-04T21:52:24.818-04:00 DEBUG 13764 --- [pedido] [           main] org.hibernate.type.BasicTypeRegistry     : Adding type registration ZonedDateTimeWithTimezone -> org.hibernate.type.BasicTypeReference@4a50d04a
2025-05-04T21:52:24.818-04:00 DEBUG 13764 --- [pedido] [           main] org.hibernate.type.BasicTypeRegistry     : Adding type registration ZonedDateTimeWithoutTimezone -> org.hibernate.type.BasicTypeReference@5099c59b
2025-05-04T21:52:24.818-04:00 DEBUG 13764 --- [pedido] [           main] org.hibernate.type.BasicTypeRegistry     : Adding type registration date -> org.hibernate.type.BasicTypeReference@73c31181
2025-05-04T21:52:24.818-04:00 DEBUG 13764 --- [pedido] [           main] org.hibernate.type.BasicTypeRegistry     : Adding type registration java.sql.Date -> org.hibernate.type.BasicTypeReference@73c31181
2025-05-04T21:52:24.818-04:00 DEBUG 13764 --- [pedido] [           main] org.hibernate.type.BasicTypeRegistry     : Adding type registration time -> org.hibernate.type.BasicTypeReference@3d620a1
2025-05-04T21:52:24.818-04:00 DEBUG 13764 --- [pedido] [           main] org.hibernate.type.BasicTypeRegistry     : Adding type registration java.sql.Time -> org.hibernate.type.BasicTypeReference@3d620a1
2025-05-04T21:52:24.818-04:00 DEBUG 13764 --- [pedido] [           main] org.hibernate.type.BasicTypeRegistry     : Adding type registration timestamp -> org.hibernate.type.BasicTypeReference@4f486211
2025-05-04T21:52:24.818-04:00 DEBUG 13764 --- [pedido] [           main] org.hibernate.type.BasicTypeRegistry     : Adding type registration java.sql.Timestamp -> org.hibernate.type.BasicTypeReference@4f486211
2025-05-04T21:52:24.818-04:00 DEBUG 13764 --- [pedido] [           main] org.hibernate.type.BasicTypeRegistry     : Adding type registration java.util.Date -> org.hibernate.type.BasicTypeReference@4f486211
2025-05-04T21:52:24.818-04:00 DEBUG 13764 --- [pedido] [           main] org.hibernate.type.BasicTypeRegistry     : Adding type registration calendar -> org.hibernate.type.BasicTypeReference@51e3d37e
2025-05-04T21:52:24.818-04:00 DEBUG 13764 --- [pedido] [           main] org.hibernate.type.BasicTypeRegistry     : Adding type registration java.util.Calendar -> org.hibernate.type.BasicTypeReference@51e3d37e
2025-05-04T21:52:24.818-04:00 DEBUG 13764 --- [pedido] [           main] org.hibernate.type.BasicTypeRegistry     : Adding type registration java.util.GregorianCalendar -> org.hibernate.type.BasicTypeReference@51e3d37e
2025-05-04T21:52:24.818-04:00 DEBUG 13764 --- [pedido] [           main] org.hibernate.type.BasicTypeRegistry     : Adding type registration calendar_date -> org.hibernate.type.BasicTypeReference@3a479fda
2025-05-04T21:52:24.818-04:00 DEBUG 13764 --- [pedido] [           main] org.hibernate.type.BasicTypeRegistry     : Adding type registration calendar_time -> org.hibernate.type.BasicTypeReference@472d0f4
2025-05-04T21:52:24.818-04:00 DEBUG 13764 --- [pedido] [           main] org.hibernate.type.BasicTypeRegistry     : Adding type registration instant -> org.hibernate.type.BasicTypeReference@4bc59b27
2025-05-04T21:52:24.818-04:00 DEBUG 13764 --- [pedido] [           main] org.hibernate.type.BasicTypeRegistry     : Adding type registration java.time.Instant -> org.hibernate.type.BasicTypeReference@4bc59b27
2025-05-04T21:52:24.818-04:00 DEBUG 13764 --- [pedido] [           main] org.hibernate.type.BasicTypeRegistry     : Adding type registration uuid -> org.hibernate.type.BasicTypeReference@4d7a64ca
2025-05-04T21:52:24.818-04:00 DEBUG 13764 --- [pedido] [           main] org.hibernate.type.BasicTypeRegistry     : Adding type registration java.util.UUID -> org.hibernate.type.BasicTypeReference@4d7a64ca
2025-05-04T21:52:24.818-04:00 DEBUG 13764 --- [pedido] [           main] org.hibernate.type.BasicTypeRegistry     : Adding type registration pg-uuid -> org.hibernate.type.BasicTypeReference@4d7a64ca
2025-05-04T21:52:24.818-04:00 DEBUG 13764 --- [pedido] [           main] org.hibernate.type.BasicTypeRegistry     : Adding type registration uuid-binary -> org.hibernate.type.BasicTypeReference@76ff68c5
2025-05-04T21:52:24.818-04:00 DEBUG 13764 --- [pedido] [           main] org.hibernate.type.BasicTypeRegistry     : Adding type registration uuid-char -> org.hibernate.type.BasicTypeReference@6418e39e
2025-05-04T21:52:24.818-04:00 DEBUG 13764 --- [pedido] [           main] org.hibernate.type.BasicTypeRegistry     : Adding type registration class -> org.hibernate.type.BasicTypeReference@3635099
2025-05-04T21:52:24.818-04:00 DEBUG 13764 --- [pedido] [           main] org.hibernate.type.BasicTypeRegistry     : Adding type registration java.lang.Class -> org.hibernate.type.BasicTypeReference@3635099
2025-05-04T21:52:24.818-04:00 DEBUG 13764 --- [pedido] [           main] org.hibernate.type.BasicTypeRegistry     : Adding type registration currency -> org.hibernate.type.BasicTypeReference@1da1380b
2025-05-04T21:52:24.818-04:00 DEBUG 13764 --- [pedido] [           main] org.hibernate.type.BasicTypeRegistry     : Adding type registration Currency -> org.hibernate.type.BasicTypeReference@1da1380b
2025-05-04T21:52:24.818-04:00 DEBUG 13764 --- [pedido] [           main] org.hibernate.type.BasicTypeRegistry     : Adding type registration java.util.Currency -> org.hibernate.type.BasicTypeReference@1da1380b
2025-05-04T21:52:24.818-04:00 DEBUG 13764 --- [pedido] [           main] org.hibernate.type.BasicTypeRegistry     : Adding type registration locale -> org.hibernate.type.BasicTypeReference@1095d23a
2025-05-04T21:52:24.819-04:00 DEBUG 13764 --- [pedido] [           main] org.hibernate.type.BasicTypeRegistry     : Adding type registration java.util.Locale -> org.hibernate.type.BasicTypeReference@1095d23a
2025-05-04T21:52:24.819-04:00 DEBUG 13764 --- [pedido] [           main] org.hibernate.type.BasicTypeRegistry     : Adding type registration serializable -> org.hibernate.type.BasicTypeReference@3332c7a5
2025-05-04T21:52:24.819-04:00 DEBUG 13764 --- [pedido] [           main] org.hibernate.type.BasicTypeRegistry     : Adding type registration java.io.Serializable -> org.hibernate.type.BasicTypeReference@3332c7a5
2025-05-04T21:52:24.819-04:00 DEBUG 13764 --- [pedido] [           main] org.hibernate.type.BasicTypeRegistry     : Adding type registration timezone -> org.hibernate.type.BasicTypeReference@2accaec2
2025-05-04T21:52:24.819-04:00 DEBUG 13764 --- [pedido] [           main] org.hibernate.type.BasicTypeRegistry     : Adding type registration java.util.TimeZone -> org.hibernate.type.BasicTypeReference@2accaec2
2025-05-04T21:52:24.819-04:00 DEBUG 13764 --- [pedido] [           main] org.hibernate.type.BasicTypeRegistry     : Adding type registration ZoneOffset -> org.hibernate.type.BasicTypeReference@3e39baf0
2025-05-04T21:52:24.819-04:00 DEBUG 13764 --- [pedido] [           main] org.hibernate.type.BasicTypeRegistry     : Adding type registration java.time.ZoneOffset -> org.hibernate.type.BasicTypeReference@3e39baf0
2025-05-04T21:52:24.819-04:00 DEBUG 13764 --- [pedido] [           main] org.hibernate.type.BasicTypeRegistry     : Adding type registration url -> org.hibernate.type.BasicTypeReference@83bb0f
2025-05-04T21:52:24.819-04:00 DEBUG 13764 --- [pedido] [           main] org.hibernate.type.BasicTypeRegistry     : Adding type registration java.net.URL -> org.hibernate.type.BasicTypeReference@83bb0f
2025-05-04T21:52:24.819-04:00 DEBUG 13764 --- [pedido] [           main] org.hibernate.type.BasicTypeRegistry     : Adding type registration vector -> org.hibernate.type.BasicTypeReference@25a94b55
2025-05-04T21:52:24.819-04:00 DEBUG 13764 --- [pedido] [           main] org.hibernate.type.BasicTypeRegistry     : Adding type registration float_vector -> org.hibernate.type.BasicTypeReference@6adc5b9c
2025-05-04T21:52:24.819-04:00 DEBUG 13764 --- [pedido] [           main] org.hibernate.type.BasicTypeRegistry     : Adding type registration double_vector -> org.hibernate.type.BasicTypeReference@19c1820d
2025-05-04T21:52:24.819-04:00 DEBUG 13764 --- [pedido] [           main] org.hibernate.type.BasicTypeRegistry     : Adding type registration byte_vector -> org.hibernate.type.BasicTypeReference@40709f9
2025-05-04T21:52:24.819-04:00 DEBUG 13764 --- [pedido] [           main] org.hibernate.type.BasicTypeRegistry     : Adding type registration row_version -> org.hibernate.type.BasicTypeReference@6b1b19cf
2025-05-04T21:52:24.821-04:00 DEBUG 13764 --- [pedido] [           main] org.hibernate.type.BasicTypeRegistry     : Adding type registration object -> org.hibernate.type.JavaObjectType@29a33620
2025-05-04T21:52:24.821-04:00 DEBUG 13764 --- [pedido] [           main] org.hibernate.type.BasicTypeRegistry     : Adding type registration java.lang.Object -> org.hibernate.type.JavaObjectType@29a33620
2025-05-04T21:52:24.821-04:00 DEBUG 13764 --- [pedido] [           main] org.hibernate.type.BasicTypeRegistry     : Adding type registration null -> org.hibernate.type.NullType@1fd7a37
2025-05-04T21:52:24.821-04:00 DEBUG 13764 --- [pedido] [           main] org.hibernate.type.BasicTypeRegistry     : Adding type registration imm_date -> org.hibernate.type.BasicTypeReference@5b202ff
2025-05-04T21:52:24.821-04:00 DEBUG 13764 --- [pedido] [           main] org.hibernate.type.BasicTypeRegistry     : Adding type registration imm_time -> org.hibernate.type.BasicTypeReference@58a84a12
2025-05-04T21:52:24.821-04:00 DEBUG 13764 --- [pedido] [           main] org.hibernate.type.BasicTypeRegistry     : Adding type registration imm_timestamp -> org.hibernate.type.BasicTypeReference@e700eba
2025-05-04T21:52:24.821-04:00 DEBUG 13764 --- [pedido] [           main] org.hibernate.type.BasicTypeRegistry     : Adding type registration imm_calendar -> org.hibernate.type.BasicTypeReference@6436e181
2025-05-04T21:52:24.821-04:00 DEBUG 13764 --- [pedido] [           main] org.hibernate.type.BasicTypeRegistry     : Adding type registration imm_calendar_date -> org.hibernate.type.BasicTypeReference@7186b202
2025-05-04T21:52:24.821-04:00 DEBUG 13764 --- [pedido] [           main] org.hibernate.type.BasicTypeRegistry     : Adding type registration imm_calendar_time -> org.hibernate.type.BasicTypeReference@6b649efa
2025-05-04T21:52:24.821-04:00 DEBUG 13764 --- [pedido] [           main] org.hibernate.type.BasicTypeRegistry     : Adding type registration imm_binary -> org.hibernate.type.BasicTypeReference@65ef48f2
2025-05-04T21:52:24.821-04:00 DEBUG 13764 --- [pedido] [           main] org.hibernate.type.BasicTypeRegistry     : Adding type registration imm_serializable -> org.hibernate.type.BasicTypeReference@36068727
2025-05-04T21:52:24.822-04:00 DEBUG 13764 --- [pedido] [           main] o.h.boot.internal.BootstrapContextImpl   : Injecting JPA temp ClassLoader [org.springframework.instrument.classloading.SimpleThrowawayClassLoader@31973858] into BootstrapContext; was [null]
2025-05-04T21:52:24.822-04:00 DEBUG 13764 --- [pedido] [           main] o.h.boot.internal.ClassLoaderAccessImpl  : ClassLoaderAccessImpl#injectTempClassLoader(org.springframework.instrument.classloading.SimpleThrowawayClassLoader@31973858) [was null]
2025-05-04T21:52:24.823-04:00 DEBUG 13764 --- [pedido] [           main] o.h.boot.internal.BootstrapContextImpl   : Injecting ScanEnvironment [org.hibernate.jpa.boot.internal.StandardJpaScanEnvironmentImpl@10850d17] into BootstrapContext; was [null]
2025-05-04T21:52:24.823-04:00 DEBUG 13764 --- [pedido] [           main] o.h.boot.internal.BootstrapContextImpl   : Injecting ScanOptions [org.hibernate.boot.archive.scan.internal.StandardScanOptions@51e754e1] into BootstrapContext; was [org.hibernate.boot.archive.scan.internal.StandardScanOptions@26865482]
2025-05-04T21:52:24.828-04:00 DEBUG 13764 --- [pedido] [           main] o.h.j.b.i.PersistenceUnitInfoDescriptor  : Pushing class transformers for PU named 'default' on loading classloader jdk.internal.loader.ClassLoaders$AppClassLoader@2c854dc5
2025-05-04T21:52:24.886-04:00  INFO 13764 --- [pedido] [           main] o.s.o.j.p.SpringPersistenceUnitInfo      : No LoadTimeWeaver setup: ignoring JPA class transformer
2025-05-04T21:52:24.886-04:00 DEBUG 13764 --- [pedido] [           main] o.h.boot.internal.BootstrapContextImpl   : Injecting JPA temp ClassLoader [null] into BootstrapContext; was [org.springframework.instrument.classloading.SimpleThrowawayClassLoader@31973858]
2025-05-04T21:52:24.887-04:00 DEBUG 13764 --- [pedido] [           main] o.h.boot.internal.ClassLoaderAccessImpl  : ClassLoaderAccessImpl#injectTempClassLoader(null) [was org.springframework.instrument.classloading.SimpleThrowawayClassLoader@31973858]
2025-05-04T21:52:24.896-04:00  INFO 13764 --- [pedido] [           main] com.zaxxer.hikari.HikariDataSource       : HikariPool-1 - Starting...
2025-05-04T21:52:24.897-04:00  WARN 13764 --- [pedido] [           main] c.zaxxer.hikari.util.DriverDataSource    : Registered driver with driverClassName=oracle.jdbc.driver.OracleDriver was not found, trying direct instantiation.
2025-05-04T21:52:25.376-04:00  INFO 13764 --- [pedido] [           main] com.zaxxer.hikari.pool.HikariPool        : HikariPool-1 - Added connection oracle.jdbc.driver.T4CConnection@5a47730c
2025-05-04T21:52:25.376-04:00  INFO 13764 --- [pedido] [           main] com.zaxxer.hikari.HikariDataSource       : HikariPool-1 - Start completed.
2025-05-04T21:52:25.386-04:00 DEBUG 13764 --- [pedido] [           main] o.h.e.j.e.i.JdbcEnvironmentInitiator     : Database ->
	   name : Oracle
	version : Oracle Database 19c Enterprise Edition Release 19.0.0.0.0 - Production
Version 19.27.0.1.0
	  major : 19
	  minor : 27
2025-05-04T21:52:25.386-04:00 DEBUG 13764 --- [pedido] [           main] o.h.e.j.e.i.JdbcEnvironmentInitiator     : Driver ->
	   name : Oracle JDBC driver
	version : 23.5.0.24.07
	  major : 23
	  minor : 5
2025-05-04T21:52:25.386-04:00 DEBUG 13764 --- [pedido] [           main] o.h.e.j.e.i.JdbcEnvironmentInitiator     : JDBC version : 4.3
2025-05-04T21:52:25.455-04:00  WARN 13764 --- [pedido] [           main] org.hibernate.orm.deprecation            : HHH90000025: OracleDialect does not need to be specified explicitly using 'hibernate.dialect' (remove the property setting and it will be selected by default)
2025-05-04T21:52:25.455-04:00 DEBUG 13764 --- [pedido] [           main] org.hibernate.orm.dialect                : HHH035001: Using dialect: org.hibernate.dialect.OracleDialect, version: 19.27
2025-05-04T21:52:25.495-04:00  INFO 13764 --- [pedido] [           main] org.hibernate.orm.connections.pooling    : HHH10001005: Database info:
	Database JDBC URL [Connecting through datasource 'HikariDataSource (HikariPool-1)']
	Database driver: undefined/unknown
	Database version: 19.27
	Autocommit mode: undefined/unknown
	Isolation level: undefined/unknown
	Minimum pool size: undefined/unknown
	Maximum pool size: undefined/unknown
2025-05-04T21:52:25.499-04:00 DEBUG 13764 --- [pedido] [           main] o.h.t.d.jdbc.spi.JdbcTypeRegistry        : addDescriptor(NCharTypeDescriptor) replaced previous registration(CharTypeDescriptor)
2025-05-04T21:52:25.499-04:00 DEBUG 13764 --- [pedido] [           main] o.h.t.d.jdbc.spi.JdbcTypeRegistry        : addDescriptor(NVarcharTypeDescriptor) replaced previous registration(VarcharTypeDescriptor)
2025-05-04T21:52:25.499-04:00 DEBUG 13764 --- [pedido] [           main] o.h.t.d.jdbc.spi.JdbcTypeRegistry        : addDescriptor(LongNVarcharTypeDescriptor) replaced previous registration(LongVarcharTypeDescriptor)
2025-05-04T21:52:25.500-04:00 DEBUG 13764 --- [pedido] [           main] o.h.t.d.jdbc.spi.JdbcTypeRegistry        : addDescriptor(NClobTypeDescriptor(DEFAULT)) replaced previous registration(ClobTypeDescriptor(DEFAULT))
2025-05-04T21:52:25.500-04:00 DEBUG 13764 --- [pedido] [           main] o.h.t.d.jdbc.spi.JdbcTypeRegistry        : addDescriptor(BooleanTypeDescriptor) replaced previous registration(BooleanTypeDescriptor)
2025-05-04T21:52:25.503-04:00 DEBUG 13764 --- [pedido] [           main] org.hibernate.type.BasicTypeRegistry     : Adding type registration null -> org.hibernate.type.NullType@29bd2796
2025-05-04T21:52:25.503-04:00 DEBUG 13764 --- [pedido] [           main] org.hibernate.type.BasicTypeRegistry     : Type registration key [null] overrode previous entry : `org.hibernate.type.NullType@1fd7a37`
2025-05-04T21:52:25.503-04:00 DEBUG 13764 --- [pedido] [           main] org.hibernate.type.BasicTypeRegistry     : Adding type registration JAVA_OBJECT -> org.hibernate.type.JavaObjectType@4627dfda
2025-05-04T21:52:25.503-04:00 DEBUG 13764 --- [pedido] [           main] org.hibernate.type.BasicTypeRegistry     : Adding type registration java.lang.Object -> org.hibernate.type.JavaObjectType@4627dfda
2025-05-04T21:52:25.503-04:00 DEBUG 13764 --- [pedido] [           main] org.hibernate.type.BasicTypeRegistry     : Type registration key [java.lang.Object] overrode previous entry : `org.hibernate.type.JavaObjectType@29a33620`
2025-05-04T21:52:25.505-04:00 DEBUG 13764 --- [pedido] [           main] org.hibernate.type.BasicTypeRegistry     : Adding type registration org.hibernate.type.DurationType -> basicType@1(java.time.Duration,3015)
2025-05-04T21:52:25.505-04:00 DEBUG 13764 --- [pedido] [           main] org.hibernate.type.BasicTypeRegistry     : Adding type registration Duration -> basicType@1(java.time.Duration,3015)
2025-05-04T21:52:25.505-04:00 DEBUG 13764 --- [pedido] [           main] org.hibernate.type.BasicTypeRegistry     : Adding type registration java.time.Duration -> basicType@1(java.time.Duration,3015)
2025-05-04T21:52:25.506-04:00 DEBUG 13764 --- [pedido] [           main] o.h.type.spi.TypeConfiguration$Scope     : Scoping TypeConfiguration [org.hibernate.type.spi.TypeConfiguration@153c6603] to MetadataBuildingContext [org.hibernate.boot.internal.MetadataBuildingContextRootImpl@24e2355c]
2025-05-04T21:52:25.518-04:00 DEBUG 13764 --- [pedido] [           main] o.h.boot.model.relational.Namespace      : Created database namespace [logicalName=Name{catalog=null, schema=null}, physicalName=Name{catalog=null, schema=null}]
2025-05-04T21:52:25.525-04:00 DEBUG 13764 --- [pedido] [           main] o.h.boot.model.internal.EntityBinder     : Binding entity from annotated class: com.pedido.pedido.Model.Pedido
2025-05-04T21:52:25.528-04:00 DEBUG 13764 --- [pedido] [           main] o.h.boot.model.internal.EntityBinder     : Import with entity name Pedido
2025-05-04T21:52:25.530-04:00 DEBUG 13764 --- [pedido] [           main] o.h.boot.model.internal.EntityBinder     : Bind entity com.pedido.pedido.Model.Pedido on table pedido
2025-05-04T21:52:25.533-04:00 DEBUG 13764 --- [pedido] [           main] o.h.boot.model.internal.AnnotatedColumn  : Binding column: AnnotatedDiscriminatorColumn(column='DTYPE')
2025-05-04T21:52:25.539-04:00 DEBUG 13764 --- [pedido] [           main] o.h.boot.model.internal.AnnotatedColumn  : Binding column: AnnotatedColumn()
2025-05-04T21:52:25.539-04:00 DEBUG 13764 --- [pedido] [           main] o.h.boot.internal.ClassLoaderAccessImpl  : Not known whether passed class name [com.pedido.pedido.Model.Pedido] is safe
2025-05-04T21:52:25.539-04:00 DEBUG 13764 --- [pedido] [           main] o.h.boot.internal.ClassLoaderAccessImpl  : No temp ClassLoader provided; using live ClassLoader for loading potentially unsafe class : com.pedido.pedido.Model.Pedido
2025-05-04T21:52:25.540-04:00 DEBUG 13764 --- [pedido] [           main] o.h.boot.model.internal.PropertyBinder   : MetadataSourceProcessor property id with lazy=false
2025-05-04T21:52:25.541-04:00 DEBUG 13764 --- [pedido] [           main] o.h.b.m.internal.AbstractPropertyHolder  : Attempting to locate auto-apply AttributeConverter for property [com.pedido.pedido.Model.Pedido:id]
2025-05-04T21:52:25.542-04:00 DEBUG 13764 --- [pedido] [           main] o.h.b.model.internal.BasicValueBinder    : building BasicValue for id
2025-05-04T21:52:25.542-04:00 DEBUG 13764 --- [pedido] [           main] org.hibernate.mapping.BasicValue         : Skipping column re-registration: pedido.id
2025-05-04T21:52:25.543-04:00 DEBUG 13764 --- [pedido] [           main] o.h.boot.model.internal.PropertyBinder   : Building property id
2025-05-04T21:52:25.543-04:00 DEBUG 13764 --- [pedido] [           main] o.h.boot.model.internal.BinderHelper     : #makeIdGenerator(BasicValue([Column(id)]), id, identity, , ...)
2025-05-04T21:52:25.544-04:00 DEBUG 13764 --- [pedido] [           main] o.h.boot.model.internal.AnnotatedColumn  : Binding column: AnnotatedColumn()
2025-05-04T21:52:25.544-04:00 DEBUG 13764 --- [pedido] [           main] o.h.boot.model.internal.PropertyBinder   : MetadataSourceProcessor property ciudad with lazy=false
2025-05-04T21:52:25.544-04:00 DEBUG 13764 --- [pedido] [           main] o.h.b.m.internal.AbstractPropertyHolder  : Attempting to locate auto-apply AttributeConverter for property [com.pedido.pedido.Model.Pedido:ciudad]
2025-05-04T21:52:25.544-04:00 DEBUG 13764 --- [pedido] [           main] o.h.b.model.internal.BasicValueBinder    : building BasicValue for ciudad
2025-05-04T21:52:25.544-04:00 DEBUG 13764 --- [pedido] [           main] org.hibernate.mapping.BasicValue         : Skipping column re-registration: pedido.ciudad
2025-05-04T21:52:25.544-04:00 DEBUG 13764 --- [pedido] [           main] o.h.boot.model.internal.PropertyBinder   : Building property ciudad
2025-05-04T21:52:25.544-04:00 DEBUG 13764 --- [pedido] [           main] o.h.boot.model.internal.AnnotatedColumn  : Binding column: AnnotatedColumn()
2025-05-04T21:52:25.544-04:00 DEBUG 13764 --- [pedido] [           main] o.h.boot.model.internal.PropertyBinder   : MetadataSourceProcessor property codigoPostal with lazy=false
2025-05-04T21:52:25.544-04:00 DEBUG 13764 --- [pedido] [           main] o.h.b.m.internal.AbstractPropertyHolder  : Attempting to locate auto-apply AttributeConverter for property [com.pedido.pedido.Model.Pedido:codigoPostal]
2025-05-04T21:52:25.544-04:00 DEBUG 13764 --- [pedido] [           main] o.h.b.model.internal.BasicValueBinder    : building BasicValue for codigoPostal
2025-05-04T21:52:25.544-04:00 DEBUG 13764 --- [pedido] [           main] org.hibernate.mapping.BasicValue         : Skipping column re-registration: pedido.codigo_postal
2025-05-04T21:52:25.544-04:00 DEBUG 13764 --- [pedido] [           main] o.h.boot.model.internal.PropertyBinder   : Building property codigoPostal
2025-05-04T21:52:25.544-04:00 DEBUG 13764 --- [pedido] [           main] o.h.boot.model.internal.AnnotatedColumn  : Binding column: AnnotatedColumn()
2025-05-04T21:52:25.544-04:00 DEBUG 13764 --- [pedido] [           main] o.h.boot.model.internal.PropertyBinder   : MetadataSourceProcessor property coordenadas with lazy=false
2025-05-04T21:52:25.544-04:00 DEBUG 13764 --- [pedido] [           main] o.h.b.m.internal.AbstractPropertyHolder  : Attempting to locate auto-apply AttributeConverter for property [com.pedido.pedido.Model.Pedido:coordenadas]
2025-05-04T21:52:25.544-04:00 DEBUG 13764 --- [pedido] [           main] o.h.b.model.internal.BasicValueBinder    : building BasicValue for coordenadas
2025-05-04T21:52:25.545-04:00 DEBUG 13764 --- [pedido] [           main] org.hibernate.mapping.BasicValue         : Skipping column re-registration: pedido.coordenadas
2025-05-04T21:52:25.545-04:00 DEBUG 13764 --- [pedido] [           main] o.h.boot.model.internal.PropertyBinder   : Building property coordenadas
2025-05-04T21:52:25.545-04:00 DEBUG 13764 --- [pedido] [           main] o.h.boot.model.internal.AnnotatedColumn  : Binding column: AnnotatedColumn()
2025-05-04T21:52:25.545-04:00 DEBUG 13764 --- [pedido] [           main] o.h.boot.model.internal.PropertyBinder   : MetadataSourceProcessor property direccion with lazy=false
2025-05-04T21:52:25.545-04:00 DEBUG 13764 --- [pedido] [           main] o.h.b.m.internal.AbstractPropertyHolder  : Attempting to locate auto-apply AttributeConverter for property [com.pedido.pedido.Model.Pedido:direccion]
2025-05-04T21:52:25.545-04:00 DEBUG 13764 --- [pedido] [           main] o.h.b.model.internal.BasicValueBinder    : building BasicValue for direccion
2025-05-04T21:52:25.545-04:00 DEBUG 13764 --- [pedido] [           main] org.hibernate.mapping.BasicValue         : Skipping column re-registration: pedido.direccion
2025-05-04T21:52:25.545-04:00 DEBUG 13764 --- [pedido] [           main] o.h.boot.model.internal.PropertyBinder   : Building property direccion
2025-05-04T21:52:25.545-04:00 DEBUG 13764 --- [pedido] [           main] o.h.boot.model.internal.AnnotatedColumn  : Binding column: AnnotatedColumn()
2025-05-04T21:52:25.545-04:00 DEBUG 13764 --- [pedido] [           main] o.h.boot.model.internal.PropertyBinder   : MetadataSourceProcessor property email with lazy=false
2025-05-04T21:52:25.545-04:00 DEBUG 13764 --- [pedido] [           main] o.h.b.m.internal.AbstractPropertyHolder  : Attempting to locate auto-apply AttributeConverter for property [com.pedido.pedido.Model.Pedido:email]
2025-05-04T21:52:25.545-04:00 DEBUG 13764 --- [pedido] [           main] o.h.b.model.internal.BasicValueBinder    : building BasicValue for email
2025-05-04T21:52:25.545-04:00 DEBUG 13764 --- [pedido] [           main] org.hibernate.mapping.BasicValue         : Skipping column re-registration: pedido.email
2025-05-04T21:52:25.545-04:00 DEBUG 13764 --- [pedido] [           main] o.h.boot.model.internal.PropertyBinder   : Building property email
2025-05-04T21:52:25.545-04:00 DEBUG 13764 --- [pedido] [           main] o.h.boot.model.internal.AnnotatedColumn  : Binding column: AnnotatedColumn()
2025-05-04T21:52:25.545-04:00 DEBUG 13764 --- [pedido] [           main] o.h.boot.model.internal.PropertyBinder   : MetadataSourceProcessor property estado with lazy=false
2025-05-04T21:52:25.545-04:00 DEBUG 13764 --- [pedido] [           main] o.h.b.m.internal.AbstractPropertyHolder  : Attempting to locate auto-apply AttributeConverter for property [com.pedido.pedido.Model.Pedido:estado]
2025-05-04T21:52:25.545-04:00 DEBUG 13764 --- [pedido] [           main] o.h.b.model.internal.BasicValueBinder    : building BasicValue for estado
2025-05-04T21:52:25.545-04:00 DEBUG 13764 --- [pedido] [           main] org.hibernate.mapping.BasicValue         : Skipping column re-registration: pedido.estado
2025-05-04T21:52:25.545-04:00 DEBUG 13764 --- [pedido] [           main] o.h.boot.model.internal.PropertyBinder   : Building property estado
2025-05-04T21:52:25.545-04:00 DEBUG 13764 --- [pedido] [           main] o.h.boot.model.internal.AnnotatedColumn  : Binding column: AnnotatedColumn()
2025-05-04T21:52:25.545-04:00 DEBUG 13764 --- [pedido] [           main] o.h.boot.model.internal.PropertyBinder   : MetadataSourceProcessor property fechaEntrega with lazy=false
2025-05-04T21:52:25.545-04:00 DEBUG 13764 --- [pedido] [           main] o.h.b.m.internal.AbstractPropertyHolder  : Attempting to locate auto-apply AttributeConverter for property [com.pedido.pedido.Model.Pedido:fechaEntrega]
2025-05-04T21:52:25.545-04:00 DEBUG 13764 --- [pedido] [           main] o.h.b.model.internal.BasicValueBinder    : building BasicValue for fechaEntrega
2025-05-04T21:52:25.545-04:00 DEBUG 13764 --- [pedido] [           main] org.hibernate.mapping.BasicValue         : Skipping column re-registration: pedido.fecha_entrega
2025-05-04T21:52:25.545-04:00 DEBUG 13764 --- [pedido] [           main] o.h.boot.model.internal.PropertyBinder   : Building property fechaEntrega
2025-05-04T21:52:25.545-04:00 DEBUG 13764 --- [pedido] [           main] o.h.boot.model.internal.AnnotatedColumn  : Binding column: AnnotatedColumn()
2025-05-04T21:52:25.545-04:00 DEBUG 13764 --- [pedido] [           main] o.h.boot.model.internal.PropertyBinder   : MetadataSourceProcessor property fechaEstimadaEntrega with lazy=false
2025-05-04T21:52:25.546-04:00 DEBUG 13764 --- [pedido] [           main] o.h.b.m.internal.AbstractPropertyHolder  : Attempting to locate auto-apply AttributeConverter for property [com.pedido.pedido.Model.Pedido:fechaEstimadaEntrega]
2025-05-04T21:52:25.546-04:00 DEBUG 13764 --- [pedido] [           main] o.h.b.model.internal.BasicValueBinder    : building BasicValue for fechaEstimadaEntrega
2025-05-04T21:52:25.546-04:00 DEBUG 13764 --- [pedido] [           main] org.hibernate.mapping.BasicValue         : Skipping column re-registration: pedido.fecha_estimada_entrega
2025-05-04T21:52:25.546-04:00 DEBUG 13764 --- [pedido] [           main] o.h.boot.model.internal.PropertyBinder   : Building property fechaEstimadaEntrega
2025-05-04T21:52:25.546-04:00 DEBUG 13764 --- [pedido] [           main] o.h.boot.model.internal.AnnotatedColumn  : Binding column: AnnotatedColumn()
2025-05-04T21:52:25.546-04:00 DEBUG 13764 --- [pedido] [           main] o.h.boot.model.internal.PropertyBinder   : MetadataSourceProcessor property fechaPedido with lazy=false
2025-05-04T21:52:25.546-04:00 DEBUG 13764 --- [pedido] [           main] o.h.b.m.internal.AbstractPropertyHolder  : Attempting to locate auto-apply AttributeConverter for property [com.pedido.pedido.Model.Pedido:fechaPedido]
2025-05-04T21:52:25.546-04:00 DEBUG 13764 --- [pedido] [           main] o.h.b.model.internal.BasicValueBinder    : building BasicValue for fechaPedido
2025-05-04T21:52:25.546-04:00 DEBUG 13764 --- [pedido] [           main] org.hibernate.mapping.BasicValue         : Skipping column re-registration: pedido.fecha_pedido
2025-05-04T21:52:25.546-04:00 DEBUG 13764 --- [pedido] [           main] o.h.boot.model.internal.PropertyBinder   : Building property fechaPedido
2025-05-04T21:52:25.546-04:00 DEBUG 13764 --- [pedido] [           main] o.h.boot.model.internal.AnnotatedColumn  : Binding column: AnnotatedColumn()
2025-05-04T21:52:25.546-04:00 DEBUG 13764 --- [pedido] [           main] o.h.boot.model.internal.PropertyBinder   : MetadataSourceProcessor property nomDestinatario with lazy=false
2025-05-04T21:52:25.546-04:00 DEBUG 13764 --- [pedido] [           main] o.h.b.m.internal.AbstractPropertyHolder  : Attempting to locate auto-apply AttributeConverter for property [com.pedido.pedido.Model.Pedido:nomDestinatario]
2025-05-04T21:52:25.546-04:00 DEBUG 13764 --- [pedido] [           main] o.h.b.model.internal.BasicValueBinder    : building BasicValue for nomDestinatario
2025-05-04T21:52:25.546-04:00 DEBUG 13764 --- [pedido] [           main] org.hibernate.mapping.BasicValue         : Skipping column re-registration: pedido.nom_destinatario
2025-05-04T21:52:25.546-04:00 DEBUG 13764 --- [pedido] [           main] o.h.boot.model.internal.PropertyBinder   : Building property nomDestinatario
2025-05-04T21:52:25.546-04:00 DEBUG 13764 --- [pedido] [           main] o.h.boot.model.internal.AnnotatedColumn  : Binding column: AnnotatedColumn()
2025-05-04T21:52:25.546-04:00 DEBUG 13764 --- [pedido] [           main] o.h.boot.model.internal.PropertyBinder   : MetadataSourceProcessor property nomRemitente with lazy=false
2025-05-04T21:52:25.546-04:00 DEBUG 13764 --- [pedido] [           main] o.h.b.m.internal.AbstractPropertyHolder  : Attempting to locate auto-apply AttributeConverter for property [com.pedido.pedido.Model.Pedido:nomRemitente]
2025-05-04T21:52:25.546-04:00 DEBUG 13764 --- [pedido] [           main] o.h.b.model.internal.BasicValueBinder    : building BasicValue for nomRemitente
2025-05-04T21:52:25.546-04:00 DEBUG 13764 --- [pedido] [           main] org.hibernate.mapping.BasicValue         : Skipping column re-registration: pedido.nom_remitente
2025-05-04T21:52:25.546-04:00 DEBUG 13764 --- [pedido] [           main] o.h.boot.model.internal.PropertyBinder   : Building property nomRemitente
2025-05-04T21:52:25.546-04:00 DEBUG 13764 --- [pedido] [           main] o.h.boot.model.internal.AnnotatedColumn  : Binding column: AnnotatedColumn()
2025-05-04T21:52:25.546-04:00 DEBUG 13764 --- [pedido] [           main] o.h.boot.model.internal.PropertyBinder   : MetadataSourceProcessor property observaciones with lazy=false
2025-05-04T21:52:25.546-04:00 DEBUG 13764 --- [pedido] [           main] o.h.b.m.internal.AbstractPropertyHolder  : Attempting to locate auto-apply AttributeConverter for property [com.pedido.pedido.Model.Pedido:observaciones]
2025-05-04T21:52:25.546-04:00 DEBUG 13764 --- [pedido] [           main] o.h.b.model.internal.BasicValueBinder    : building BasicValue for observaciones
2025-05-04T21:52:25.546-04:00 DEBUG 13764 --- [pedido] [           main] org.hibernate.mapping.BasicValue         : Skipping column re-registration: pedido.observaciones
2025-05-04T21:52:25.546-04:00 DEBUG 13764 --- [pedido] [           main] o.h.boot.model.internal.PropertyBinder   : Building property observaciones
2025-05-04T21:52:25.546-04:00 DEBUG 13764 --- [pedido] [           main] o.h.boot.model.internal.AnnotatedColumn  : Binding column: AnnotatedColumn()
2025-05-04T21:52:25.547-04:00 DEBUG 13764 --- [pedido] [           main] o.h.boot.model.internal.PropertyBinder   : MetadataSourceProcessor property pais with lazy=false
2025-05-04T21:52:25.547-04:00 DEBUG 13764 --- [pedido] [           main] o.h.b.m.internal.AbstractPropertyHolder  : Attempting to locate auto-apply AttributeConverter for property [com.pedido.pedido.Model.Pedido:pais]
2025-05-04T21:52:25.547-04:00 DEBUG 13764 --- [pedido] [           main] o.h.b.model.internal.BasicValueBinder    : building BasicValue for pais
2025-05-04T21:52:25.547-04:00 DEBUG 13764 --- [pedido] [           main] org.hibernate.mapping.BasicValue         : Skipping column re-registration: pedido.pais
2025-05-04T21:52:25.547-04:00 DEBUG 13764 --- [pedido] [           main] o.h.boot.model.internal.PropertyBinder   : Building property pais
2025-05-04T21:52:25.547-04:00 DEBUG 13764 --- [pedido] [           main] o.h.boot.model.internal.AnnotatedColumn  : Binding column: AnnotatedColumn()
2025-05-04T21:52:25.547-04:00 DEBUG 13764 --- [pedido] [           main] o.h.boot.model.internal.PropertyBinder   : MetadataSourceProcessor property peso with lazy=false
2025-05-04T21:52:25.547-04:00 DEBUG 13764 --- [pedido] [           main] o.h.b.m.internal.AbstractPropertyHolder  : Attempting to locate auto-apply AttributeConverter for property [com.pedido.pedido.Model.Pedido:peso]
2025-05-04T21:52:25.547-04:00 DEBUG 13764 --- [pedido] [           main] o.h.b.model.internal.BasicValueBinder    : building BasicValue for peso
2025-05-04T21:52:25.547-04:00 DEBUG 13764 --- [pedido] [           main] org.hibernate.mapping.BasicValue         : Skipping column re-registration: pedido.peso
2025-05-04T21:52:25.547-04:00 DEBUG 13764 --- [pedido] [           main] o.h.boot.model.internal.PropertyBinder   : Building property peso
2025-05-04T21:52:25.547-04:00 DEBUG 13764 --- [pedido] [           main] o.h.boot.model.internal.AnnotatedColumn  : Binding column: AnnotatedColumn()
2025-05-04T21:52:25.547-04:00 DEBUG 13764 --- [pedido] [           main] o.h.boot.model.internal.PropertyBinder   : MetadataSourceProcessor property precioTotal with lazy=false
2025-05-04T21:52:25.547-04:00 DEBUG 13764 --- [pedido] [           main] o.h.b.m.internal.AbstractPropertyHolder  : Attempting to locate auto-apply AttributeConverter for property [com.pedido.pedido.Model.Pedido:precioTotal]
2025-05-04T21:52:25.547-04:00 DEBUG 13764 --- [pedido] [           main] o.h.b.model.internal.BasicValueBinder    : building BasicValue for precioTotal
2025-05-04T21:52:25.547-04:00 DEBUG 13764 --- [pedido] [           main] org.hibernate.mapping.BasicValue         : Skipping column re-registration: pedido.precio_total
2025-05-04T21:52:25.547-04:00 DEBUG 13764 --- [pedido] [           main] o.h.boot.model.internal.PropertyBinder   : Building property precioTotal
2025-05-04T21:52:25.547-04:00 DEBUG 13764 --- [pedido] [           main] o.h.boot.model.internal.AnnotatedColumn  : Binding column: AnnotatedColumn()
2025-05-04T21:52:25.547-04:00 DEBUG 13764 --- [pedido] [           main] o.h.boot.model.internal.PropertyBinder   : MetadataSourceProcessor property telefonoDestinatario with lazy=false
2025-05-04T21:52:25.547-04:00 DEBUG 13764 --- [pedido] [           main] o.h.b.m.internal.AbstractPropertyHolder  : Attempting to locate auto-apply AttributeConverter for property [com.pedido.pedido.Model.Pedido:telefonoDestinatario]
2025-05-04T21:52:25.547-04:00 DEBUG 13764 --- [pedido] [           main] o.h.b.model.internal.BasicValueBinder    : building BasicValue for telefonoDestinatario
2025-05-04T21:52:25.547-04:00 DEBUG 13764 --- [pedido] [           main] org.hibernate.mapping.BasicValue         : Skipping column re-registration: pedido.telefono_destinatario
2025-05-04T21:52:25.547-04:00 DEBUG 13764 --- [pedido] [           main] o.h.boot.model.internal.PropertyBinder   : Building property telefonoDestinatario
2025-05-04T21:52:25.547-04:00 DEBUG 13764 --- [pedido] [           main] o.h.boot.model.internal.AnnotatedColumn  : Binding column: AnnotatedColumn()
2025-05-04T21:52:25.547-04:00 DEBUG 13764 --- [pedido] [           main] o.h.boot.model.internal.PropertyBinder   : MetadataSourceProcessor property telefonoRemitente with lazy=false
2025-05-04T21:52:25.547-04:00 DEBUG 13764 --- [pedido] [           main] o.h.b.m.internal.AbstractPropertyHolder  : Attempting to locate auto-apply AttributeConverter for property [com.pedido.pedido.Model.Pedido:telefonoRemitente]
2025-05-04T21:52:25.547-04:00 DEBUG 13764 --- [pedido] [           main] o.h.b.model.internal.BasicValueBinder    : building BasicValue for telefonoRemitente
2025-05-04T21:52:25.547-04:00 DEBUG 13764 --- [pedido] [           main] org.hibernate.mapping.BasicValue         : Skipping column re-registration: pedido.telefono_remitente
2025-05-04T21:52:25.547-04:00 DEBUG 13764 --- [pedido] [           main] o.h.boot.model.internal.PropertyBinder   : Building property telefonoRemitente
2025-05-04T21:52:25.548-04:00 DEBUG 13764 --- [pedido] [           main] o.h.boot.model.internal.AnnotatedColumn  : Binding column: AnnotatedColumn()
2025-05-04T21:52:25.548-04:00 DEBUG 13764 --- [pedido] [           main] o.h.boot.model.internal.PropertyBinder   : MetadataSourceProcessor property volumen with lazy=false
[...]
	at org.junit.platform.launcher.core.EngineExecutionOrchestrator.execute(EngineExecutionOrchestrator.java:198) ~[junit-platform-launcher-1.11.4.jar:1.11.4]
	at org.junit.platform.launcher.core.EngineExecutionOrchestrator.execute(EngineExecutionOrchestrator.java:169) ~[junit-platform-launcher-1.11.4.jar:1.11.4]
	at org.junit.platform.launcher.core.EngineExecutionOrchestrator.execute(EngineExecutionOrchestrator.java:93) ~[junit-platform-launcher-1.11.4.jar:1.11.4]
	at org.junit.platform.launcher.core.EngineExecutionOrchestrator.lambda$execute$0(EngineExecutionOrchestrator.java:58) ~[junit-platform-launcher-1.11.4.jar:1.11.4]
	at org.junit.platform.launcher.core.EngineExecutionOrchestrator.withInterceptedStreams(EngineExecutionOrchestrator.java:141) ~[junit-platform-launcher-1.11.4.jar:1.11.4]
	at org.junit.platform.launcher.core.EngineExecutionOrchestrator.execute(EngineExecutionOrchestrator.java:57) ~[junit-platform-launcher-1.11.4.jar:1.11.4]
	at org.junit.platform.launcher.core.DefaultLauncher.execute(DefaultLauncher.java:103) ~[junit-platform-launcher-1.11.4.jar:1.11.4]
	at org.junit.platform.launcher.core.DefaultLauncher.execute(DefaultLauncher.java:85) ~[junit-platform-launcher-1.11.4.jar:1.11.4]
	at org.junit.platform.launcher.core.DelegatingLauncher.execute(DelegatingLauncher.java:47) ~[junit-platform-launcher-1.11.4.jar:1.11.4]
	at org.apache.maven.surefire.junitplatform.LazyLauncher.execute(LazyLauncher.java:56) ~[surefire-junit-platform-3.5.2.jar:3.5.2]
	at org.apache.maven.surefire.junitplatform.JUnitPlatformProvider.execute(JUnitPlatformProvider.java:184) ~[surefire-junit-platform-3.5.2.jar:3.5.2]
	at org.apache.maven.surefire.junitplatform.JUnitPlatformProvider.invokeAllTests(JUnitPlatformProvider.java:148) ~[surefire-junit-platform-3.5.2.jar:3.5.2]
	at org.apache.maven.surefire.junitplatform.JUnitPlatformProvider.invoke(JUnitPlatformProvider.java:122) ~[surefire-junit-platform-3.5.2.jar:3.5.2]
	at org.apache.maven.surefire.booter.ForkedBooter.runSuitesInProcess(ForkedBooter.java:385) ~[surefire-booter-3.5.2.jar:3.5.2]
	at org.apache.maven.surefire.booter.ForkedBooter.execute(ForkedBooter.java:162) ~[surefire-booter-3.5.2.jar:3.5.2]
	at org.apache.maven.surefire.booter.ForkedBooter.run(ForkedBooter.java:507) ~[surefire-booter-3.5.2.jar:3.5.2]
	at org.apache.maven.surefire.booter.ForkedBooter.main(ForkedBooter.java:495) ~[surefire-booter-3.5.2.jar:3.5.2]

2025-05-04T21:52:29.459-04:00 DEBUG 13764 --- [pedido] [           main] o.s.orm.jpa.JpaTransactionManager        : Participating transaction failed - marking existing transaction as rollback-only
2025-05-04T21:52:29.459-04:00 DEBUG 13764 --- [pedido] [           main] o.s.orm.jpa.JpaTransactionManager        : Setting JPA transaction on EntityManager [SessionImpl(1058753044<open>)] rollback-only
2025-05-04T21:52:29.459-04:00 DEBUG 13764 --- [pedido] [           main] cResourceLocalTransactionCoordinatorImpl : JDBC transaction marked for rollback-only (exception provided for stack trace)

java.lang.Exception: exception just for purpose of providing stack trace
	at org.hibernate.resource.transaction.backend.jdbc.internal.JdbcResourceLocalTransactionCoordinatorImpl$TransactionDriverControlImpl.markRollbackOnly(JdbcResourceLocalTransactionCoordinatorImpl.java:309) ~[hibernate-core-6.6.11.Final.jar:6.6.11.Final]
	at org.hibernate.engine.transaction.internal.TransactionImpl.markRollbackOnly(TransactionImpl.java:203) ~[hibernate-core-6.6.11.Final.jar:6.6.11.Final]
	at org.hibernate.engine.transaction.internal.TransactionImpl.setRollbackOnly(TransactionImpl.java:224) ~[hibernate-core-6.6.11.Final.jar:6.6.11.Final]
	at org.springframework.orm.jpa.JpaTransactionManager$JpaTransactionObject.setRollbackOnly(JpaTransactionManager.java:716) ~[spring-orm-6.2.5.jar:6.2.5]
	at org.springframework.orm.jpa.JpaTransactionManager.doSetRollbackOnly(JpaTransactionManager.java:615) ~[spring-orm-6.2.5.jar:6.2.5]
	at org.springframework.transaction.support.AbstractPlatformTransactionManager.processRollback(AbstractPlatformTransactionManager.java:906) ~[spring-tx-6.2.5.jar:6.2.5]
	at org.springframework.transaction.support.AbstractPlatformTransactionManager.rollback(AbstractPlatformTransactionManager.java:866) ~[spring-tx-6.2.5.jar:6.2.5]
	at org.springframework.transaction.interceptor.TransactionAspectSupport.completeTransactionAfterThrowing(TransactionAspectSupport.java:716) ~[spring-tx-6.2.5.jar:6.2.5]
	at org.springframework.transaction.interceptor.TransactionAspectSupport.invokeWithinTransaction(TransactionAspectSupport.java:384) ~[spring-tx-6.2.5.jar:6.2.5]
	at org.springframework.transaction.interceptor.TransactionInterceptor.invoke(TransactionInterceptor.java:119) ~[spring-tx-6.2.5.jar:6.2.5]
	at org.springframework.aop.framework.ReflectiveMethodInvocation.proceed(ReflectiveMethodInvocation.java:184) ~[spring-aop-6.2.5.jar:6.2.5]
	at org.springframework.dao.support.PersistenceExceptionTranslationInterceptor.invoke(PersistenceExceptionTranslationInterceptor.java:138) ~[spring-tx-6.2.5.jar:6.2.5]
	at org.springframework.aop.framework.ReflectiveMethodInvocation.proceed(ReflectiveMethodInvocation.java:184) ~[spring-aop-6.2.5.jar:6.2.5]
	at org.springframework.data.jpa.repository.support.CrudMethodMetadataPostProcessor$CrudMethodMetadataPopulatingMethodInterceptor.invoke(CrudMethodMetadataPostProcessor.java:165) ~[spring-data-jpa-3.4.4.jar:3.4.4]
	at org.springframework.aop.framework.ReflectiveMethodInvocation.proceed(ReflectiveMethodInvocation.java:184) ~[spring-aop-6.2.5.jar:6.2.5]
	at org.springframework.aop.framework.JdkDynamicAopProxy.invoke(JdkDynamicAopProxy.java:223) ~[spring-aop-6.2.5.jar:6.2.5]
	at jdk.proxy2/jdk.proxy2.$Proxy126.save(Unknown Source) ~[na:na]
	at com.pedido.pedido.repository.PedidoRepositoryTest.lambda$lanzarErrorAlGuardarPedidoSinNombreRemitente$1(PedidoRepositoryTest.java:114) ~[test-classes/:na]
	at org.junit.jupiter.api.AssertThrows.assertThrows(AssertThrows.java:53) ~[junit-jupiter-api-5.11.4.jar:5.11.4]
	at org.junit.jupiter.api.AssertThrows.assertThrows(AssertThrows.java:35) ~[junit-jupiter-api-5.11.4.jar:5.11.4]
	at org.junit.jupiter.api.Assertions.assertThrows(Assertions.java:3128) ~[junit-jupiter-api-5.11.4.jar:5.11.4]
	at com.pedido.pedido.repository.PedidoRepositoryTest.lanzarErrorAlGuardarPedidoSinNombreRemitente(PedidoRepositoryTest.java:113) ~[test-classes/:na]
	at java.base/jdk.internal.reflect.DirectMethodHandleAccessor.invoke(DirectMethodHandleAccessor.java:103) ~[na:na]
	at java.base/java.lang.reflect.Method.invoke(Method.java:580) ~[na:na]
	at org.junit.platform.commons.util.ReflectionUtils.invokeMethod(ReflectionUtils.java:767) ~[junit-platform-commons-1.11.4.jar:1.11.4]
	at org.junit.jupiter.engine.execution.MethodInvocation.proceed(MethodInvocation.java:60) ~[junit-jupiter-engine-5.11.4.jar:5.11.4]
	at org.junit.jupiter.engine.execution.InvocationInterceptorChain$ValidatingInvocation.proceed(InvocationInterceptorChain.java:131) ~[junit-jupiter-engine-5.11.4.jar:5.11.4]
	at org.junit.jupiter.engine.extension.TimeoutExtension.intercept(TimeoutExtension.java:156) ~[junit-jupiter-engine-5.11.4.jar:5.11.4]
	at org.junit.jupiter.engine.extension.TimeoutExtension.interceptTestableMethod(TimeoutExtension.java:147) ~[junit-jupiter-engine-5.11.4.jar:5.11.4]
	at org.junit.jupiter.engine.extension.TimeoutExtension.interceptTestMethod(TimeoutExtension.java:86) ~[junit-jupiter-engine-5.11.4.jar:5.11.4]
	at org.junit.jupiter.engine.execution.InterceptingExecutableInvoker$ReflectiveInterceptorCall.lambda$ofVoidMethod$0(InterceptingExecutableInvoker.java:103) ~[junit-jupiter-engine-5.11.4.jar:5.11.4]
	at org.junit.jupiter.engine.execution.InterceptingExecutableInvoker.lambda$invoke$0(InterceptingExecutableInvoker.java:93) ~[junit-jupiter-engine-5.11.4.jar:5.11.4]
	at org.junit.jupiter.engine.execution.InvocationInterceptorChain$InterceptedInvocation.proceed(InvocationInterceptorChain.java:106) ~[junit-jupiter-engine-5.11.4.jar:5.11.4]
	at org.junit.jupiter.engine.execution.InvocationInterceptorChain.proceed(InvocationInterceptorChain.java:64) ~[junit-jupiter-engine-5.11.4.jar:5.11.4]
	at org.junit.jupiter.engine.execution.InvocationInterceptorChain.chainAndInvoke(InvocationInterceptorChain.java:45) ~[junit-jupiter-engine-5.11.4.jar:5.11.4]
	at org.junit.jupiter.engine.execution.InvocationInterceptorChain.invoke(InvocationInterceptorChain.java:37) ~[junit-jupiter-engine-5.11.4.jar:5.11.4]
	at org.junit.jupiter.engine.execution.InterceptingExecutableInvoker.invoke(InterceptingExecutableInvoker.java:92) ~[junit-jupiter-engine-5.11.4.jar:5.11.4]
	at org.junit.jupiter.engine.execution.InterceptingExecutableInvoker.invoke(InterceptingExecutableInvoker.java:86) ~[junit-jupiter-engine-5.11.4.jar:5.11.4]
	at org.junit.jupiter.engine.descriptor.TestMethodTestDescriptor.lambda$invokeTestMethod$8(TestMethodTestDescriptor.java:217) ~[junit-jupiter-engine-5.11.4.jar:5.11.4]
	at org.junit.platform.engine.support.hierarchical.ThrowableCollector.execute(ThrowableCollector.java:73) ~[junit-platform-engine-1.11.4.jar:1.11.4]
	at org.junit.jupiter.engine.descriptor.TestMethodTestDescriptor.invokeTestMethod(TestMethodTestDescriptor.java:213) ~[junit-jupiter-engine-5.11.4.jar:5.11.4]
	at org.junit.jupiter.engine.descriptor.TestMethodTestDescriptor.execute(TestMethodTestDescriptor.java:138) ~[junit-jupiter-engine-5.11.4.jar:5.11.4]
	at org.junit.jupiter.engine.descriptor.TestMethodTestDescriptor.execute(TestMethodTestDescriptor.java:68) ~[junit-jupiter-engine-5.11.4.jar:5.11.4]
	at org.junit.platform.engine.support.hierarchical.NodeTestTask.lambda$executeRecursively$6(NodeTestTask.java:156) ~[junit-platform-engine-1.11.4.jar:1.11.4]
	at org.junit.platform.engine.support.hierarchical.ThrowableCollector.execute(ThrowableCollector.java:73) ~[junit-platform-engine-1.11.4.jar:1.11.4]
	at org.junit.platform.engine.support.hierarchical.NodeTestTask.lambda$executeRecursively$8(NodeTestTask.java:146) ~[junit-platform-engine-1.11.4.jar:1.11.4]
	at org.junit.platform.engine.support.hierarchical.Node.around(Node.java:137) ~[junit-platform-engine-1.11.4.jar:1.11.4]
	at org.junit.platform.engine.support.hierarchical.NodeTestTask.lambda$executeRecursively$9(NodeTestTask.java:144) ~[junit-platform-engine-1.11.4.jar:1.11.4]
	at org.junit.platform.engine.support.hierarchical.ThrowableCollector.execute(ThrowableCollector.java:73) ~[junit-platform-engine-1.11.4.jar:1.11.4]
	at org.junit.platform.engine.support.hierarchical.NodeTestTask.executeRecursively(NodeTestTask.java:143) ~[junit-platform-engine-1.11.4.jar:1.11.4]
	at org.junit.platform.engine.support.hierarchical.NodeTestTask.execute(NodeTestTask.java:100) ~[junit-platform-engine-1.11.4.jar:1.11.4]
	at java.base/java.util.ArrayList.forEach(ArrayList.java:1596) ~[na:na]
	at org.junit.platform.engine.support.hierarchical.SameThreadHierarchicalTestExecutorService.invokeAll(SameThreadHierarchicalTestExecutorService.java:41) ~[junit-platform-engine-1.11.4.jar:1.11.4]
	at org.junit.platform.engine.support.hierarchical.NodeTestTask.lambda$executeRecursively$6(NodeTestTask.java:160) ~[junit-platform-engine-1.11.4.jar:1.11.4]
	at org.junit.platform.engine.support.hierarchical.ThrowableCollector.execute(ThrowableCollector.java:73) ~[junit-platform-engine-1.11.4.jar:1.11.4]
	at org.junit.platform.engine.support.hierarchical.NodeTestTask.lambda$executeRecursively$8(NodeTestTask.java:146) ~[junit-platform-engine-1.11.4.jar:1.11.4]
	at org.junit.platform.engine.support.hierarchical.Node.around(Node.java:137) ~[junit-platform-engine-1.11.4.jar:1.11.4]
	at org.junit.platform.engine.support.hierarchical.NodeTestTask.lambda$executeRecursively$9(NodeTestTask.java:144) ~[junit-platform-engine-1.11.4.jar:1.11.4]
	at org.junit.platform.engine.support.hierarchical.ThrowableCollector.execute(ThrowableCollector.java:73) ~[junit-platform-engine-1.11.4.jar:1.11.4]
	at org.junit.platform.engine.support.hierarchical.NodeTestTask.executeRecursively(NodeTestTask.java:143) ~[junit-platform-engine-1.11.4.jar:1.11.4]
	at org.junit.platform.engine.support.hierarchical.NodeTestTask.execute(NodeTestTask.java:100) ~[junit-platform-engine-1.11.4.jar:1.11.4]
	at java.base/java.util.ArrayList.forEach(ArrayList.java:1596) ~[na:na]
	at org.junit.platform.engine.support.hierarchical.SameThreadHierarchicalTestExecutorService.invokeAll(SameThreadHierarchicalTestExecutorService.java:41) ~[junit-platform-engine-1.11.4.jar:1.11.4]
	at org.junit.platform.engine.support.hierarchical.NodeTestTask.lambda$executeRecursively$6(NodeTestTask.java:160) ~[junit-platform-engine-1.11.4.jar:1.11.4]
	at org.junit.platform.engine.support.hierarchical.ThrowableCollector.execute(ThrowableCollector.java:73) ~[junit-platform-engine-1.11.4.jar:1.11.4]
	at org.junit.platform.engine.support.hierarchical.NodeTestTask.lambda$executeRecursively$8(NodeTestTask.java:146) ~[junit-platform-engine-1.11.4.jar:1.11.4]
	at org.junit.platform.engine.support.hierarchical.Node.around(Node.java:137) ~[junit-platform-engine-1.11.4.jar:1.11.4]
	at org.junit.platform.engine.support.hierarchical.NodeTestTask.lambda$executeRecursively$9(NodeTestTask.java:144) ~[junit-platform-engine-1.11.4.jar:1.11.4]
	at org.junit.platform.engine.support.hierarchical.ThrowableCollector.execute(ThrowableCollector.java:73) ~[junit-platform-engine-1.11.4.jar:1.11.4]
	at org.junit.platform.engine.support.hierarchical.NodeTestTask.executeRecursively(NodeTestTask.java:143) ~[junit-platform-engine-1.11.4.jar:1.11.4]
	at org.junit.platform.engine.support.hierarchical.NodeTestTask.execute(NodeTestTask.java:100) ~[junit-platform-engine-1.11.4.jar:1.11.4]
	at org.junit.platform.engine.support.hierarchical.SameThreadHierarchicalTestExecutorService.submit(SameThreadHierarchicalTestExecutorService.java:35) ~[junit-platform-engine-1.11.4.jar:1.11.4]
	at org.junit.platform.engine.support.hierarchical.HierarchicalTestExecutor.execute(HierarchicalTestExecutor.java:57) ~[junit-platform-engine-1.11.4.jar:1.11.4]
	at org.junit.platform.engine.support.hierarchical.HierarchicalTestEngine.execute(HierarchicalTestEngine.java:54) ~[junit-platform-engine-1.11.4.jar:1.11.4]
	at org.junit.platform.launcher.core.EngineExecutionOrchestrator.execute(EngineExecutionOrchestrator.java:198) ~[junit-platform-launcher-1.11.4.jar:1.11.4]
	at org.junit.platform.launcher.core.EngineExecutionOrchestrator.execute(EngineExecutionOrchestrator.java:169) ~[junit-platform-launcher-1.11.4.jar:1.11.4]
	at org.junit.platform.launcher.core.EngineExecutionOrchestrator.execute(EngineExecutionOrchestrator.java:93) ~[junit-platform-launcher-1.11.4.jar:1.11.4]
	at org.junit.platform.launcher.core.EngineExecutionOrchestrator.lambda$execute$0(EngineExecutionOrchestrator.java:58) ~[junit-platform-launcher-1.11.4.jar:1.11.4]
	at org.junit.platform.launcher.core.EngineExecutionOrchestrator.withInterceptedStreams(EngineExecutionOrchestrator.java:141) ~[junit-platform-launcher-1.11.4.jar:1.11.4]
	at org.junit.platform.launcher.core.EngineExecutionOrchestrator.execute(EngineExecutionOrchestrator.java:57) ~[junit-platform-launcher-1.11.4.jar:1.11.4]
	at org.junit.platform.launcher.core.DefaultLauncher.execute(DefaultLauncher.java:103) ~[junit-platform-launcher-1.11.4.jar:1.11.4]
	at org.junit.platform.launcher.core.DefaultLauncher.execute(DefaultLauncher.java:85) ~[junit-platform-launcher-1.11.4.jar:1.11.4]
	at org.junit.platform.launcher.core.DelegatingLauncher.execute(DelegatingLauncher.java:47) ~[junit-platform-launcher-1.11.4.jar:1.11.4]
	at org.apache.maven.surefire.junitplatform.LazyLauncher.execute(LazyLauncher.java:56) ~[surefire-junit-platform-3.5.2.jar:3.5.2]
	at org.apache.maven.surefire.junitplatform.JUnitPlatformProvider.execute(JUnitPlatformProvider.java:184) ~[surefire-junit-platform-3.5.2.jar:3.5.2]
	at org.apache.maven.surefire.junitplatform.JUnitPlatformProvider.invokeAllTests(JUnitPlatformProvider.java:148) ~[surefire-junit-platform-3.5.2.jar:3.5.2]
	at org.apache.maven.surefire.junitplatform.JUnitPlatformProvider.invoke(JUnitPlatformProvider.java:122) ~[surefire-junit-platform-3.5.2.jar:3.5.2]
	at org.apache.maven.surefire.booter.ForkedBooter.runSuitesInProcess(ForkedBooter.java:385) ~[surefire-booter-3.5.2.jar:3.5.2]
	at org.apache.maven.surefire.booter.ForkedBooter.execute(ForkedBooter.java:162) ~[surefire-booter-3.5.2.jar:3.5.2]
	at org.apache.maven.surefire.booter.ForkedBooter.run(ForkedBooter.java:507) ~[surefire-booter-3.5.2.jar:3.5.2]
	at org.apache.maven.surefire.booter.ForkedBooter.main(ForkedBooter.java:495) ~[surefire-booter-3.5.2.jar:3.5.2]

2025-05-04T21:52:29.460-04:00 DEBUG 13764 --- [pedido] [           main] org.springframework.test.context.cache   : Spring test ApplicationContext cache statistics: [DefaultContextCache@49c72fb7 size = 1, maxSize = 32, parentContextCount = 0, hitCount = 91, missCount = 1, failureCount = 0]
2025-05-04T21:52:29.460-04:00 DEBUG 13764 --- [pedido] [           main] org.springframework.test.context.cache   : Spring test ApplicationContext cache statistics: [DefaultContextCache@49c72fb7 size = 1, maxSize = 32, parentContextCount = 0, hitCount = 92, missCount = 1, failureCount = 0]
2025-05-04T21:52:29.460-04:00 DEBUG 13764 --- [pedido] [           main] org.springframework.test.context.cache   : Spring test ApplicationContext cache statistics: [DefaultContextCache@49c72fb7 size = 1, maxSize = 32, parentContextCount = 0, hitCount = 93, missCount = 1, failureCount = 0]
2025-05-04T21:52:29.460-04:00 DEBUG 13764 --- [pedido] [           main] org.springframework.test.context.cache   : Spring test ApplicationContext cache statistics: [DefaultContextCache@49c72fb7 size = 1, maxSize = 32, parentContextCount = 0, hitCount = 94, missCount = 1, failureCount = 0]
2025-05-04T21:52:29.460-04:00 DEBUG 13764 --- [pedido] [           main] org.springframework.test.context.cache   : Spring test ApplicationContext cache statistics: [DefaultContextCache@49c72fb7 size = 1, maxSize = 32, parentContextCount = 0, hitCount = 95, missCount = 1, failureCount = 0]
2025-05-04T21:52:29.460-04:00 DEBUG 13764 --- [pedido] [           main] org.springframework.test.context.cache   : Spring test ApplicationContext cache statistics: [DefaultContextCache@49c72fb7 size = 1, maxSize = 32, parentContextCount = 0, hitCount = 96, missCount = 1, failureCount = 0]
2025-05-04T21:52:29.460-04:00 DEBUG 13764 --- [pedido] [           main] org.springframework.test.context.cache   : Spring test ApplicationContext cache statistics: [DefaultContextCache@49c72fb7 size = 1, maxSize = 32, parentContextCount = 0, hitCount = 97, missCount = 1, failureCount = 0]
2025-05-04T21:52:29.460-04:00 DEBUG 13764 --- [pedido] [           main] o.s.orm.jpa.JpaTransactionManager        : Initiating transaction rollback
2025-05-04T21:52:29.460-04:00 DEBUG 13764 --- [pedido] [           main] o.s.orm.jpa.JpaTransactionManager        : Rolling back JPA transaction on EntityManager [SessionImpl(1058753044<open>)]
2025-05-04T21:52:29.460-04:00 DEBUG 13764 --- [pedido] [           main] o.h.e.t.internal.TransactionImpl         : rolling back
2025-05-04T21:52:29.468-04:00 DEBUG 13764 --- [pedido] [           main] o.s.orm.jpa.JpaTransactionManager        : Closing JPA EntityManager [SessionImpl(1058753044<open>)] after transaction
2025-05-04T21:52:29.468-04:00 DEBUG 13764 --- [pedido] [           main] o.s.t.c.transaction.TransactionContext   : Rolled back transaction (1) for test class [com.pedido.pedido.repository.PedidoRepositoryTest]; test method [lanzarErrorAlGuardarPedidoSinNombreRemitente]
2025-05-04T21:52:29.468-04:00 DEBUG 13764 --- [pedido] [           main] .c.s.DirtiesContextTestExecutionListener : After test method: class [PedidoRepositoryTest], method [lanzarErrorAlGuardarPedidoSinNombreRemitente], class annotated with @DirtiesContext [false] with mode [null], method annotated with @DirtiesContext [false] with mode [null]
]]></system-out>
  </testcase>
</testsuite>