<?xml version="1.0" encoding="UTF-8"?>
<testsuite xmlns:xsi="http://www.w3.org/2001/XMLSchema-instance" xsi:noNamespaceSchemaLocation="https://maven.apache.org/surefire/maven-surefire-plugin/xsd/surefire-test-report.xsd" version="3.0.2" name="com.pedido.pedido.PedidoApplicationTests" time="6.456" tests="1" errors="0" skipped="0" failures="0">
  <properties>
[...]
</properties>
  <testcase name="contextLoads" classname="com.pedido.pedido.PedidoApplicationTests" time="0.264">
    <system-out><![CDATA[15:48:19.728 [main] INFO org.springframework.test.context.support.AnnotationConfigContextLoaderUtils -- Could not detect default configuration classes for test class [com.pedido.pedido.PedidoApplicationTests]: PedidoApplicationTests does not declare any static, non-private, non-final, nested classes annotated with @Configuration.
15:48:19.763 [main] INFO org.springframework.boot.test.context.SpringBootTestContextBootstrapper -- Found @SpringBootConfiguration com.pedido.pedido.PedidoApplication for test class com.pedido.pedido.PedidoApplicationTests
15:48:19.805 [main] INFO org.springframework.boot.devtools.restart.RestartApplicationListener -- Restart disabled due to context in which it is running

  .   ____          _            __ _ _
 /\\ / ___'_ __ _ _(_)_ __  __ _ \ \ \ \
( ( )\___ | '_ | '_| | '_ \/ _` | \ \ \ \
 \\/  ___)| |_)| | | | | || (_| |  ) ) ) )
  '  |____| .__|_| |_|_| |_\__, | / / / /
 =========|_|==============|___/=/_/_/_/

 :: Spring Boot ::                (v3.4.4)

2025-05-01T15:48:19.875-04:00 DEBUG 3567 --- [pedido] [kground-preinit] o.h.v.i.xml.config.ValidationXmlParser   : Trying to load META-INF/validation.xml for XML based Validator configuration.
2025-05-01T15:48:19.875-04:00 DEBUG 3567 --- [pedido] [kground-preinit] o.h.v.i.xml.config.ResourceLoaderHelper  : Trying to load META-INF/validation.xml via TCCL
2025-05-01T15:48:19.876-04:00 DEBUG 3567 --- [pedido] [kground-preinit] o.h.v.i.xml.config.ResourceLoaderHelper  : Trying to load META-INF/validation.xml via Hibernate Validator's class loader
2025-05-01T15:48:19.876-04:00 DEBUG 3567 --- [pedido] [kground-preinit] o.h.v.i.xml.config.ValidationXmlParser   : No META-INF/validation.xml found. Using annotation based configuration only.
2025-05-01T15:48:19.877-04:00 DEBUG 3567 --- [pedido] [kground-preinit] o.h.v.i.e.resolver.TraversableResolvers  : Found jakarta.persistence.Persistence on classpath containing 'getPersistenceUtil'. Assuming JPA 2 environment. Trying to instantiate JPA aware TraversableResolver
2025-05-01T15:48:19.877-04:00 DEBUG 3567 --- [pedido] [kground-preinit] o.h.v.i.e.resolver.TraversableResolvers  : Instantiated JPA aware TraversableResolver of type org.hibernate.validator.internal.engine.resolver.JPATraversableResolver.
2025-05-01T15:48:19.883-04:00  INFO 3567 --- [pedido] [           main] c.pedido.pedido.PedidoApplicationTests   : Starting PedidoApplicationTests using Java 21.0.6 with PID 3567 (started by sebastianvaldiviavillagra in /Users/sebastianvaldiviavillagra/Desktop/proyectos/pedidos)
2025-05-01T15:48:19.883-04:00  INFO 3567 --- [pedido] [           main] c.pedido.pedido.PedidoApplicationTests   : No active profile set, falling back to 1 default profile: "default"
2025-05-01T15:48:19.883-04:00 DEBUG 3567 --- [pedido] [           main] o.s.boot.SpringApplication               : Loading source class com.pedido.pedido.PedidoApplication
2025-05-01T15:48:19.883-04:00 DEBUG 3567 --- [pedido] [kground-preinit] .h.v.m.ResourceBundleMessageInterpolator : Loaded expression factory via original TCCL
2025-05-01T15:48:19.892-04:00 DEBUG 3567 --- [pedido] [           main] o.s.w.c.s.GenericWebApplicationContext   : Refreshing org.springframework.web.context.support.GenericWebApplicationContext@126be319
2025-05-01T15:48:19.899-04:00 DEBUG 3567 --- [pedido] [           main] o.s.b.f.s.DefaultListableBeanFactory     : Creating shared instance of singleton bean 'org.springframework.context.annotation.internalConfigurationAnnotationProcessor'
2025-05-01T15:48:19.904-04:00 DEBUG 3567 --- [pedido] [           main] o.s.b.f.s.DefaultListableBeanFactory     : Creating shared instance of singleton bean 'org.springframework.boot.autoconfigure.internalCachingMetadataReaderFactory'
2025-05-01T15:48:19.909-04:00 DEBUG 3567 --- [pedido] [kground-preinit] .i.e.ValidatorFactoryConfigurationHelper : HV000252: Using org.hibernate.validator.internal.engine.DefaultPropertyNodeNameProvider as property node name provider.
2025-05-01T15:48:19.911-04:00 DEBUG 3567 --- [pedido] [kground-preinit] .i.e.ValidatorFactoryConfigurationHelper : HV000234: Using org.hibernate.validator.messageinterpolation.ResourceBundleMessageInterpolator as ValidatorFactory-scoped message interpolator.
2025-05-01T15:48:19.911-04:00 DEBUG 3567 --- [pedido] [kground-preinit] .i.e.ValidatorFactoryConfigurationHelper : HV000234: Using org.hibernate.validator.internal.engine.resolver.JPATraversableResolver as ValidatorFactory-scoped traversable resolver.
2025-05-01T15:48:19.911-04:00 DEBUG 3567 --- [pedido] [kground-preinit] .i.e.ValidatorFactoryConfigurationHelper : HV000234: Using org.hibernate.validator.internal.util.ExecutableParameterNameProvider as ValidatorFactory-scoped parameter name provider.
2025-05-01T15:48:19.911-04:00 DEBUG 3567 --- [pedido] [kground-preinit] .i.e.ValidatorFactoryConfigurationHelper : HV000234: Using org.hibernate.validator.internal.engine.DefaultClockProvider as ValidatorFactory-scoped clock provider.
2025-05-01T15:48:19.911-04:00 DEBUG 3567 --- [pedido] [kground-preinit] .i.e.ValidatorFactoryConfigurationHelper : HV000234: Using org.hibernate.validator.internal.engine.scripting.DefaultScriptEvaluatorFactory as ValidatorFactory-scoped script evaluator factory.
2025-05-01T15:48:19.918-04:00 DEBUG 3567 --- [pedido] [           main] o.s.c.a.ClassPathBeanDefinitionScanner   : Identified candidate component class: file [/Users/sebastianvaldiviavillagra/Desktop/proyectos/pedidos/target/classes/com/pedido/pedido/Controller/PedidoController.class]
2025-05-01T15:48:19.918-04:00 DEBUG 3567 --- [pedido] [           main] o.s.c.a.ClassPathBeanDefinitionScanner   : Identified candidate component class: file [/Users/sebastianvaldiviavillagra/Desktop/proyectos/pedidos/target/classes/com/pedido/pedido/ExceptionHandler/GlobalExceptionHandler.class]
2025-05-01T15:48:19.920-04:00 DEBUG 3567 --- [pedido] [           main] o.s.c.a.ClassPathBeanDefinitionScanner   : Identified candidate component class: file [/Users/sebastianvaldiviavillagra/Desktop/proyectos/pedidos/target/classes/com/pedido/pedido/Service/PedidoServiceImp.class]
2025-05-01T15:48:20.138-04:00  INFO 3567 --- [pedido] [           main] .s.d.r.c.RepositoryConfigurationDelegate : Bootstrapping Spring Data JPA repositories in DEFAULT mode.
2025-05-01T15:48:20.141-04:00 DEBUG 3567 --- [pedido] [           main] o.s.b.f.s.DefaultListableBeanFactory     : Creating shared instance of singleton bean 'org.springframework.boot.autoconfigure.AutoConfigurationPackages'
2025-05-01T15:48:20.143-04:00 DEBUG 3567 --- [pedido] [           main] o.s.b.a.AutoConfigurationPackages        : @EnableAutoConfiguration was declared on a class in the package 'com.pedido.pedido'. Automatic @Repository and @Entity scanning is enabled.
2025-05-01T15:48:20.144-04:00 DEBUG 3567 --- [pedido] [           main] .s.d.r.c.RepositoryConfigurationDelegate : Scanning for JPA repositories in packages com.pedido.pedido.
2025-05-01T15:48:20.146-04:00 DEBUG 3567 --- [pedido] [           main] o.s.d.r.c.RepositoryComponentProvider    : Identified candidate component class: file [/Users/sebastianvaldiviavillagra/Desktop/proyectos/pedidos/target/classes/com/pedido/pedido/Repository/PedidoRepository.class]
2025-05-01T15:48:20.153-04:00  INFO 3567 --- [pedido] [           main] .s.d.r.c.RepositoryConfigurationDelegate : Finished Spring Data repository scanning in 9 ms. Found 1 JPA repository interface.
2025-05-01T15:48:20.171-04:00 DEBUG 3567 --- [pedido] [           main] o.s.b.f.s.DefaultListableBeanFactory     : Creating shared instance of singleton bean 'propertySourcesPlaceholderConfigurer'
2025-05-01T15:48:20.173-04:00 DEBUG 3567 --- [pedido] [           main] o.s.b.f.s.DefaultListableBeanFactory     : Creating shared instance of singleton bean 'org.springframework.boot.test.mock.mockito.MockitoPostProcessor'
2025-05-01T15:48:20.173-04:00 DEBUG 3567 --- [pedido] [           main] o.s.b.f.s.DefaultListableBeanFactory     : Creating shared instance of singleton bean 'emBeanDefinitionRegistrarPostProcessor'
2025-05-01T15:48:20.173-04:00 DEBUG 3567 --- [pedido] [           main] o.s.b.f.s.DefaultListableBeanFactory     : Creating shared instance of singleton bean 'org.springframework.boot.sql.init.dependency.DatabaseInitializationDependencyConfigurer$DependsOnDatabaseInitializationPostProcessor'
2025-05-01T15:48:20.188-04:00 DEBUG 3567 --- [pedido] [           main] o.s.b.f.s.DefaultListableBeanFactory     : Creating shared instance of singleton bean 'org.springframework.context.event.internalEventListenerProcessor'
2025-05-01T15:48:20.188-04:00 DEBUG 3567 --- [pedido] [           main] o.s.b.f.s.DefaultListableBeanFactory     : Creating shared instance of singleton bean 'preserveErrorControllerTargetClassPostProcessor'
2025-05-01T15:48:20.189-04:00 DEBUG 3567 --- [pedido] [           main] o.s.b.f.s.DefaultListableBeanFactory     : Creating shared instance of singleton bean 'org.springframework.context.event.internalEventListenerFactory'
2025-05-01T15:48:20.189-04:00 DEBUG 3567 --- [pedido] [           main] o.s.b.f.s.DefaultListableBeanFactory     : Creating shared instance of singleton bean 'org.springframework.transaction.config.internalTransactionalEventListenerFactory'
2025-05-01T15:48:20.190-04:00 DEBUG 3567 --- [pedido] [           main] o.s.b.f.s.DefaultListableBeanFactory     : Creating shared instance of singleton bean 'org.springframework.boot.test.mock.mockito.MockitoPostProcessor$SpyPostProcessor'
2025-05-01T15:48:20.190-04:00 DEBUG 3567 --- [pedido] [           main] o.s.b.f.s.DefaultListableBeanFactory     : Creating shared instance of singleton bean 'org.springframework.context.annotation.internalAutowiredAnnotationProcessor'
2025-05-01T15:48:20.191-04:00 DEBUG 3567 --- [pedido] [           main] o.s.b.f.s.DefaultListableBeanFactory     : Creating shared instance of singleton bean 'org.springframework.context.annotation.internalCommonAnnotationProcessor'
2025-05-01T15:48:20.191-04:00 DEBUG 3567 --- [pedido] [           main] o.s.b.f.s.DefaultListableBeanFactory     : Creating shared instance of singleton bean 'org.springframework.context.annotation.internalPersistenceAnnotationProcessor'
2025-05-01T15:48:20.192-04:00 DEBUG 3567 --- [pedido] [           main] o.s.b.f.s.DefaultListableBeanFactory     : Creating shared instance of singleton bean 'org.springframework.boot.context.properties.ConfigurationPropertiesBindingPostProcessor'
2025-05-01T15:48:20.192-04:00 DEBUG 3567 --- [pedido] [           main] o.s.b.f.s.DefaultListableBeanFactory     : Creating shared instance of singleton bean 'org.springframework.boot.context.internalConfigurationPropertiesBinder'
2025-05-01T15:48:20.192-04:00 DEBUG 3567 --- [pedido] [           main] o.s.b.f.s.DefaultListableBeanFactory     : Creating shared instance of singleton bean 'jdbcConnectionDetailsHikariBeanPostProcessor'
2025-05-01T15:48:20.193-04:00 DEBUG 3567 --- [pedido] [           main] o.s.b.f.s.DefaultListableBeanFactory     : Creating shared instance of singleton bean 'methodValidationPostProcessor'
2025-05-01T15:48:20.194-04:00 DEBUG 3567 --- [pedido] [           main] o.s.b.f.s.DefaultListableBeanFactory     : Autowiring by type from bean name 'methodValidationPostProcessor' via factory method to bean named 'environment'
2025-05-01T15:48:20.196-04:00 DEBUG 3567 --- [pedido] [           main] o.s.b.f.s.DefaultListableBeanFactory     : Creating shared instance of singleton bean 'org.springframework.boot.context.properties.EnableConfigurationPropertiesRegistrar.methodValidationExcludeFilter'
2025-05-01T15:48:20.201-04:00 DEBUG 3567 --- [pedido] [           main] o.s.b.f.s.DefaultListableBeanFactory     : Creating shared instance of singleton bean 'org.springframework.aop.config.internalAutoProxyCreator'
2025-05-01T15:48:20.206-04:00 DEBUG 3567 --- [pedido] [           main] o.s.b.f.s.DefaultListableBeanFactory     : Creating shared instance of singleton bean 'persistenceExceptionTranslationPostProcessor'
2025-05-01T15:48:20.206-04:00 DEBUG 3567 --- [pedido] [           main] o.s.b.f.s.DefaultListableBeanFactory     : Autowiring by type from bean name 'persistenceExceptionTranslationPostProcessor' via factory method to bean named 'environment'
2025-05-01T15:48:20.207-04:00 DEBUG 3567 --- [pedido] [           main] o.s.b.f.s.DefaultListableBeanFactory     : Creating shared instance of singleton bean 'webServerFactoryCustomizerBeanPostProcessor'
2025-05-01T15:48:20.207-04:00 DEBUG 3567 --- [pedido] [           main] o.s.b.f.s.DefaultListableBeanFactory     : Creating shared instance of singleton bean 'errorPageRegistrarBeanPostProcessor'
2025-05-01T15:48:20.207-04:00 DEBUG 3567 --- [pedido] [           main] o.s.b.f.s.DefaultListableBeanFactory     : Creating shared instance of singleton bean 'healthEndpointGroupsBeanPostProcessor'
2025-05-01T15:48:20.208-04:00 DEBUG 3567 --- [pedido] [           main] o.s.b.f.s.DefaultListableBeanFactory     : Creating shared instance of singleton bean 'org.springframework.transaction.config.internalTransactionAdvisor'
2025-05-01T15:48:20.208-04:00 DEBUG 3567 --- [pedido] [           main] o.s.b.f.s.DefaultListableBeanFactory     : Creating shared instance of singleton bean 'org.springframework.transaction.annotation.ProxyTransactionManagementConfiguration'
2025-05-01T15:48:20.213-04:00 DEBUG 3567 --- [pedido] [           main] .s.a.a.a.ReflectiveAspectJAdvisorFactory : Found AspectJ method: public java.lang.Object io.micrometer.observation.aop.ObservedAspect.observeClass(org.aspectj.lang.ProceedingJoinPoint) throws java.lang.Throwable
2025-05-01T15:48:20.213-04:00 DEBUG 3567 --- [pedido] [           main] .s.a.a.a.ReflectiveAspectJAdvisorFactory : Found AspectJ method: public java.lang.Object io.micrometer.observation.aop.ObservedAspect.observeMethod(org.aspectj.lang.ProceedingJoinPoint) throws java.lang.Throwable
2025-05-01T15:48:20.259-04:00 DEBUG 3567 --- [pedido] [           main] o.s.b.f.s.DefaultListableBeanFactory     : Creating shared instance of singleton bean 'transactionAttributeSource'
2025-05-01T15:48:20.261-04:00 DEBUG 3567 --- [pedido] [           main] o.s.b.f.s.DefaultListableBeanFactory     : Creating shared instance of singleton bean 'transactionInterceptor'
2025-05-01T15:48:20.261-04:00 DEBUG 3567 --- [pedido] [           main] o.s.b.f.s.DefaultListableBeanFactory     : Autowiring by type from bean name 'transactionInterceptor' via factory method to bean named 'transactionAttributeSource'
2025-05-01T15:48:20.263-04:00 DEBUG 3567 --- [pedido] [           main] o.s.b.f.s.DefaultListableBeanFactory     : Autowiring by type from bean name 'org.springframework.transaction.config.internalTransactionAdvisor' via factory method to bean named 'transactionAttributeSource'
2025-05-01T15:48:20.263-04:00 DEBUG 3567 --- [pedido] [           main] o.s.b.f.s.DefaultListableBeanFactory     : Autowiring by type from bean name 'org.springframework.transaction.config.internalTransactionAdvisor' via factory method to bean named 'transactionInterceptor'
2025-05-01T15:48:20.265-04:00 DEBUG 3567 --- [pedido] [           main] o.s.b.f.s.DefaultListableBeanFactory     : Creating shared instance of singleton bean 'meterRegistryPostProcessor'
2025-05-01T15:48:20.266-04:00 DEBUG 3567 --- [pedido] [           main] o.s.b.f.s.DefaultListableBeanFactory     : Autowiring by type from bean name 'meterRegistryPostProcessor' via factory method to bean named 'org.springframework.web.context.support.GenericWebApplicationContext@126be319'
2025-05-01T15:48:20.268-04:00 DEBUG 3567 --- [pedido] [           main] o.s.b.f.s.DefaultListableBeanFactory     : Creating shared instance of singleton bean 'metricsRepositoryMethodInvocationListenerBeanPostProcessor'
2025-05-01T15:48:20.268-04:00 DEBUG 3567 --- [pedido] [           main] o.s.b.f.s.DefaultListableBeanFactory     : Creating shared instance of singleton bean 'observationRegistryPostProcessor'
2025-05-01T15:48:20.269-04:00 DEBUG 3567 --- [pedido] [           main] o.s.b.f.s.DefaultListableBeanFactory     : Creating shared instance of singleton bean 'projectingArgumentResolverBeanPostProcessor'
2025-05-01T15:48:20.274-04:00 DEBUG 3567 --- [pedido] [           main] o.s.u.c.s.UiApplicationContextUtils      : Unable to locate ThemeSource with name 'themeSource': using default [org.springframework.ui.context.support.ResourceBundleThemeSource@6aa5974e]
2025-05-01T15:48:20.274-04:00 DEBUG 3567 --- [pedido] [           main] o.s.b.f.s.DefaultListableBeanFactory     : Creating shared instance of singleton bean 'org.springframework.test.context.support.internalDynamicPropertyRegistrarBeanInitializer'
2025-05-01T15:48:20.275-04:00 DEBUG 3567 --- [pedido] [           main] o.s.b.f.s.DefaultListableBeanFactory     : Creating shared instance of singleton bean 'dataSourceScriptDatabaseInitializer'
2025-05-01T15:48:20.275-04:00 DEBUG 3567 --- [pedido] [           main] o.s.b.f.s.DefaultListableBeanFactory     : Creating shared instance of singleton bean 'org.springframework.boot.autoconfigure.sql.init.DataSourceInitializationConfiguration'
2025-05-01T15:48:20.276-04:00 DEBUG 3567 --- [pedido] [           main] o.s.b.f.s.DefaultListableBeanFactory     : Creating shared instance of singleton bean 'dataSource'
2025-05-01T15:48:20.276-04:00 DEBUG 3567 --- [pedido] [           main] o.s.b.f.s.DefaultListableBeanFactory     : Creating shared instance of singleton bean 'org.springframework.boot.autoconfigure.jdbc.DataSourceConfiguration$Hikari'
2025-05-01T15:48:20.277-04:00 DEBUG 3567 --- [pedido] [           main] o.s.b.f.s.DefaultListableBeanFactory     : Creating shared instance of singleton bean 'spring.datasource-org.springframework.boot.autoconfigure.jdbc.DataSourceProperties'
2025-05-01T15:48:20.277-04:00 DEBUG 3567 --- [pedido] [           main] o.s.b.f.s.DefaultListableBeanFactory     : Creating shared instance of singleton bean 'org.springframework.boot.context.properties.BoundConfigurationProperties'
2025-05-01T15:48:20.283-04:00 DEBUG 3567 --- [pedido] [           main] o.s.b.f.s.DefaultListableBeanFactory     : Creating shared instance of singleton bean 'jdbcConnectionDetails'
2025-05-01T15:48:20.283-04:00 DEBUG 3567 --- [pedido] [           main] o.s.b.f.s.DefaultListableBeanFactory     : Creating shared instance of singleton bean 'org.springframework.boot.autoconfigure.jdbc.DataSourceAutoConfiguration$PooledDataSourceConfiguration'
2025-05-01T15:48:20.286-04:00 DEBUG 3567 --- [pedido] [           main] o.s.b.f.s.DefaultListableBeanFactory     : Autowiring by type from bean name 'jdbcConnectionDetails' via factory method to bean named 'spring.datasource-org.springframework.boot.autoconfigure.jdbc.DataSourceProperties'
2025-05-01T15:48:20.287-04:00 DEBUG 3567 --- [pedido] [           main] o.s.b.f.s.DefaultListableBeanFactory     : Autowiring by type from bean name 'dataSource' via factory method to bean named 'spring.datasource-org.springframework.boot.autoconfigure.jdbc.DataSourceProperties'
2025-05-01T15:48:20.287-04:00 DEBUG 3567 --- [pedido] [           main] o.s.b.f.s.DefaultListableBeanFactory     : Autowiring by type from bean name 'dataSource' via factory method to bean named 'jdbcConnectionDetails'
2025-05-01T15:48:20.354-04:00 DEBUG 3567 --- [pedido] [           main] o.s.b.f.s.DefaultListableBeanFactory     : Creating shared instance of singleton bean 'spring.sql.init-org.springframework.boot.autoconfigure.sql.init.SqlInitializationProperties'
2025-05-01T15:48:20.355-04:00 DEBUG 3567 --- [pedido] [           main] o.s.b.f.s.DefaultListableBeanFactory     : Autowiring by type from bean name 'dataSourceScriptDatabaseInitializer' via factory method to bean named 'dataSource'
2025-05-01T15:48:20.355-04:00 DEBUG 3567 --- [pedido] [           main] o.s.b.f.s.DefaultListableBeanFactory     : Autowiring by type from bean name 'dataSourceScriptDatabaseInitializer' via factory method to bean named 'spring.sql.init-org.springframework.boot.autoconfigure.sql.init.SqlInitializationProperties'
2025-05-01T15:48:20.358-04:00 DEBUG 3567 --- [pedido] [           main] o.s.b.f.s.DefaultListableBeanFactory     : Creating shared instance of singleton bean 'entityManagerFactory'
2025-05-01T15:48:20.358-04:00 DEBUG 3567 --- [pedido] [           main] o.s.b.f.s.DefaultListableBeanFactory     : Creating shared instance of singleton bean 'org.springframework.boot.autoconfigure.orm.jpa.HibernateJpaConfiguration'
2025-05-01T15:48:20.358-04:00 DEBUG 3567 --- [pedido] [           main] o.s.b.f.s.DefaultListableBeanFactory     : Creating shared instance of singleton bean 'spring.jpa-org.springframework.boot.autoconfigure.orm.jpa.JpaProperties'
2025-05-01T15:48:20.360-04:00 DEBUG 3567 --- [pedido] [           main] o.s.b.f.s.DefaultListableBeanFactory     : Creating shared instance of singleton bean 'spring.jpa.hibernate-org.springframework.boot.autoconfigure.orm.jpa.HibernateProperties'
2025-05-01T15:48:20.361-04:00 DEBUG 3567 --- [pedido] [           main] o.s.b.f.s.DefaultListableBeanFactory     : Autowiring by type from bean name 'org.springframework.boot.autoconfigure.orm.jpa.HibernateJpaConfiguration' via constructor to bean named 'dataSource'
2025-05-01T15:48:20.361-04:00 DEBUG 3567 --- [pedido] [           main] o.s.b.f.s.DefaultListableBeanFactory     : Autowiring by type from bean name 'org.springframework.boot.autoconfigure.orm.jpa.HibernateJpaConfiguration' via constructor to bean named 'spring.jpa-org.springframework.boot.autoconfigure.orm.jpa.JpaProperties'
2025-05-01T15:48:20.361-04:00 DEBUG 3567 --- [pedido] [           main] o.s.b.f.s.DefaultListableBeanFactory     : Autowiring by type from bean name 'org.springframework.boot.autoconfigure.orm.jpa.HibernateJpaConfiguration' via constructor to bean named 'org.springframework.beans.factory.support.DefaultListableBeanFactory@5c41d037'
2025-05-01T15:48:20.361-04:00 DEBUG 3567 --- [pedido] [           main] o.s.b.f.s.DefaultListableBeanFactory     : Autowiring by type from bean name 'org.springframework.boot.autoconfigure.orm.jpa.HibernateJpaConfiguration' via constructor to bean named 'spring.jpa.hibernate-org.springframework.boot.autoconfigure.orm.jpa.HibernateProperties'
2025-05-01T15:48:20.362-04:00 DEBUG 3567 --- [pedido] [           main] o.s.b.f.s.DefaultListableBeanFactory     : Creating shared instance of singleton bean 'hikariPoolDataSourceMetadataProvider'
2025-05-01T15:48:20.362-04:00 DEBUG 3567 --- [pedido] [           main] o.s.b.f.s.DefaultListableBeanFactory     : Creating shared instance of singleton bean 'org.springframework.boot.autoconfigure.jdbc.metadata.DataSourcePoolMetadataProvidersConfiguration$HikariPoolDataSourceMetadataProviderConfiguration'
2025-05-01T15:48:20.365-04:00 DEBUG 3567 --- [pedido] [           main] o.s.b.f.s.DefaultListableBeanFactory     : Creating shared instance of singleton bean 'entityManagerFactoryBuilder'
2025-05-01T15:48:20.365-04:00 DEBUG 3567 --- [pedido] [           main] o.s.b.f.s.DefaultListableBeanFactory     : Creating shared instance of singleton bean 'jpaVendorAdapter'
2025-05-01T15:48:20.369-04:00 DEBUG 3567 --- [pedido] [           main] o.s.b.f.s.DefaultListableBeanFactory     : Autowiring by type from bean name 'entityManagerFactoryBuilder' via factory method to bean named 'jpaVendorAdapter'
2025-05-01T15:48:20.370-04:00 DEBUG 3567 --- [pedido] [           main] o.s.b.f.s.DefaultListableBeanFactory     : Creating shared instance of singleton bean 'persistenceManagedTypes'
2025-05-01T15:48:20.370-04:00 DEBUG 3567 --- [pedido] [           main] o.s.b.f.s.DefaultListableBeanFactory     : Autowiring by type from bean name 'persistenceManagedTypes' via factory method to bean named 'org.springframework.beans.factory.support.DefaultListableBeanFactory@5c41d037'
2025-05-01T15:48:20.370-04:00 DEBUG 3567 --- [pedido] [           main] o.s.b.f.s.DefaultListableBeanFactory     : Autowiring by type from bean name 'persistenceManagedTypes' via factory method to bean named 'org.springframework.web.context.support.GenericWebApplicationContext@126be319'
2025-05-01T15:48:20.373-04:00 DEBUG 3567 --- [pedido] [           main] o.s.b.f.s.DefaultListableBeanFactory     : Autowiring by type from bean name 'entityManagerFactory' via factory method to bean named 'entityManagerFactoryBuilder'
2025-05-01T15:48:20.373-04:00 DEBUG 3567 --- [pedido] [           main] o.s.b.f.s.DefaultListableBeanFactory     : Autowiring by type from bean name 'entityManagerFactory' via factory method to bean named 'persistenceManagedTypes'
2025-05-01T15:48:20.377-04:00 DEBUG 3567 --- [pedido] [           main] j.LocalContainerEntityManagerFactoryBean : Building JPA container EntityManagerFactory for persistence unit 'default'
2025-05-01T15:48:20.383-04:00 DEBUG 3567 --- [pedido] [           main] o.hibernate.jpa.internal.util.LogHelper  : PersistenceUnitInfo [
	name: default
	persistence provider classname: null
	classloader: jdk.internal.loader.ClassLoaders$AppClassLoader@2c854dc5
	excludeUnlistedClasses: true
	JTA datasource: null
	Non JTA datasource: HikariDataSource (null)
	Transaction type: RESOURCE_LOCAL
	PU root URL: file:/Users/sebastianvaldiviavillagra/Desktop/proyectos/pedidos/target/test-classes/
	Shared Cache Mode: UNSPECIFIED
	Validation Mode: AUTO
	Jar files URLs []
	Managed classes names [
		com.pedido.pedido.Model.Pedido]
	Mapping files names []
	Properties []
2025-05-01T15:48:20.384-04:00 DEBUG 3567 --- [pedido] [           main] o.h.i.internal.IntegratorServiceImpl     : Adding Integrator [org.hibernate.boot.beanvalidation.BeanValidationIntegrator].
2025-05-01T15:48:20.385-04:00 DEBUG 3567 --- [pedido] [           main] o.h.i.internal.IntegratorServiceImpl     : Adding Integrator [org.hibernate.cache.internal.CollectionCacheInvalidator].
2025-05-01T15:48:20.396-04:00  INFO 3567 --- [pedido] [           main] org.hibernate.Version                    : HHH000412: Hibernate ORM core version 6.6.11.Final
2025-05-01T15:48:20.397-04:00 DEBUG 3567 --- [pedido] [           main] org.hibernate.cfg.Environment            : HHH000206: 'hibernate.properties' not found
2025-05-01T15:48:20.403-04:00 DEBUG 3567 --- [pedido] [           main] org.hibernate.orm.idgen.factory          : Registering IdentifierGenerator strategy [uuid2] -> [org.hibernate.id.UUIDGenerator]
2025-05-01T15:48:20.403-04:00 DEBUG 3567 --- [pedido] [           main] org.hibernate.orm.idgen.factory          : Registering IdentifierGenerator strategy [guid] -> [org.hibernate.id.GUIDGenerator]
2025-05-01T15:48:20.404-04:00 DEBUG 3567 --- [pedido] [           main] org.hibernate.orm.idgen.factory          : Registering IdentifierGenerator strategy [uuid] -> [org.hibernate.id.UUIDHexGenerator]
2025-05-01T15:48:20.404-04:00 DEBUG 3567 --- [pedido] [           main] org.hibernate.orm.idgen.factory          : Registering IdentifierGenerator strategy [uuid.hex] -> [org.hibernate.id.UUIDHexGenerator]
2025-05-01T15:48:20.404-04:00 DEBUG 3567 --- [pedido] [           main] org.hibernate.orm.idgen.factory          : Registering IdentifierGenerator strategy [assigned] -> [org.hibernate.id.Assigned]
2025-05-01T15:48:20.404-04:00 DEBUG 3567 --- [pedido] [           main] org.hibernate.orm.idgen.factory          : Registering IdentifierGenerator strategy [identity] -> [org.hibernate.id.IdentityGenerator]
2025-05-01T15:48:20.404-04:00 DEBUG 3567 --- [pedido] [           main] org.hibernate.orm.idgen.factory          : Registering IdentifierGenerator strategy [select] -> [org.hibernate.id.SelectGenerator]
2025-05-01T15:48:20.405-04:00 DEBUG 3567 --- [pedido] [           main] org.hibernate.orm.idgen.factory          : Registering IdentifierGenerator strategy [sequence] -> [org.hibernate.id.enhanced.SequenceStyleGenerator]
2025-05-01T15:48:20.405-04:00 DEBUG 3567 --- [pedido] [           main] org.hibernate.orm.idgen.factory          : Registering IdentifierGenerator strategy [increment] -> [org.hibernate.id.IncrementGenerator]
2025-05-01T15:48:20.405-04:00 DEBUG 3567 --- [pedido] [           main] org.hibernate.orm.idgen.factory          : Registering IdentifierGenerator strategy [foreign] -> [org.hibernate.id.ForeignGenerator]
2025-05-01T15:48:20.406-04:00 DEBUG 3567 --- [pedido] [           main] org.hibernate.orm.idgen.factory          : Registering IdentifierGenerator strategy [enhanced-sequence] -> [org.hibernate.id.enhanced.SequenceStyleGenerator]
2025-05-01T15:48:20.408-04:00 DEBUG 3567 --- [pedido] [           main] org.hibernate.orm.idgen.factory          : Registering IdentifierGenerator strategy [enhanced-table] -> [org.hibernate.id.enhanced.TableGenerator]
2025-05-01T15:48:20.421-04:00 DEBUG 3567 --- [pedido] [           main] o.h.c.internal.RegionFactoryInitiator    : Cannot default RegionFactory based on registered strategies as `[]` RegionFactory strategies were registered
2025-05-01T15:48:20.421-04:00  INFO 3567 --- [pedido] [           main] o.h.c.internal.RegionFactoryInitiator    : HHH000026: Second-level cache disabled
2025-05-01T15:48:20.443-04:00 DEBUG 3567 --- [pedido] [           main] org.hibernate.type.BasicTypeRegistry     : Adding type registration boolean -> org.hibernate.type.BasicTypeReference@1a536164
2025-05-01T15:48:20.444-04:00 DEBUG 3567 --- [pedido] [           main] org.hibernate.type.BasicTypeRegistry     : Adding type registration boolean -> org.hibernate.type.BasicTypeReference@1a536164
2025-05-01T15:48:20.444-04:00 DEBUG 3567 --- [pedido] [           main] org.hibernate.type.BasicTypeRegistry     : Adding type registration java.lang.Boolean -> org.hibernate.type.BasicTypeReference@1a536164
2025-05-01T15:48:20.444-04:00 DEBUG 3567 --- [pedido] [           main] org.hibernate.type.BasicTypeRegistry     : Adding type registration numeric_boolean -> org.hibernate.type.BasicTypeReference@1657b017
2025-05-01T15:48:20.444-04:00 DEBUG 3567 --- [pedido] [           main] org.hibernate.type.BasicTypeRegistry     : Adding type registration org.hibernate.type.NumericBooleanConverter -> org.hibernate.type.BasicTypeReference@1657b017
2025-05-01T15:48:20.444-04:00 DEBUG 3567 --- [pedido] [           main] org.hibernate.type.BasicTypeRegistry     : Adding type registration true_false -> org.hibernate.type.BasicTypeReference@368424db
2025-05-01T15:48:20.444-04:00 DEBUG 3567 --- [pedido] [           main] org.hibernate.type.BasicTypeRegistry     : Adding type registration org.hibernate.type.TrueFalseConverter -> org.hibernate.type.BasicTypeReference@368424db
2025-05-01T15:48:20.444-04:00 DEBUG 3567 --- [pedido] [           main] org.hibernate.type.BasicTypeRegistry     : Adding type registration yes_no -> org.hibernate.type.BasicTypeReference@44864536
2025-05-01T15:48:20.444-04:00 DEBUG 3567 --- [pedido] [           main] org.hibernate.type.BasicTypeRegistry     : Adding type registration org.hibernate.type.YesNoConverter -> org.hibernate.type.BasicTypeReference@44864536
2025-05-01T15:48:20.444-04:00 DEBUG 3567 --- [pedido] [           main] org.hibernate.type.BasicTypeRegistry     : Adding type registration byte -> org.hibernate.type.BasicTypeReference@455f4483
2025-05-01T15:48:20.444-04:00 DEBUG 3567 --- [pedido] [           main] org.hibernate.type.BasicTypeRegistry     : Adding type registration byte -> org.hibernate.type.BasicTypeReference@455f4483
2025-05-01T15:48:20.444-04:00 DEBUG 3567 --- [pedido] [           main] org.hibernate.type.BasicTypeRegistry     : Adding type registration java.lang.Byte -> org.hibernate.type.BasicTypeReference@455f4483
2025-05-01T15:48:20.444-04:00 DEBUG 3567 --- [pedido] [           main] org.hibernate.type.BasicTypeRegistry     : Adding type registration binary -> org.hibernate.type.BasicTypeReference@6e239337
2025-05-01T15:48:20.444-04:00 DEBUG 3567 --- [pedido] [           main] org.hibernate.type.BasicTypeRegistry     : Adding type registration byte[] -> org.hibernate.type.BasicTypeReference@6e239337
2025-05-01T15:48:20.444-04:00 DEBUG 3567 --- [pedido] [           main] org.hibernate.type.BasicTypeRegistry     : Adding type registration [B -> org.hibernate.type.BasicTypeReference@6e239337
2025-05-01T15:48:20.444-04:00 DEBUG 3567 --- [pedido] [           main] org.hibernate.type.BasicTypeRegistry     : Adding type registration binary_wrapper -> org.hibernate.type.BasicTypeReference@7996d0d4
2025-05-01T15:48:20.444-04:00 DEBUG 3567 --- [pedido] [           main] org.hibernate.type.BasicTypeRegistry     : Adding type registration wrapper-binary -> org.hibernate.type.BasicTypeReference@7996d0d4
2025-05-01T15:48:20.444-04:00 DEBUG 3567 --- [pedido] [           main] org.hibernate.type.BasicTypeRegistry     : Adding type registration image -> org.hibernate.type.BasicTypeReference@fcf9525
2025-05-01T15:48:20.444-04:00 DEBUG 3567 --- [pedido] [           main] org.hibernate.type.BasicTypeRegistry     : Adding type registration blob -> org.hibernate.type.BasicTypeReference@300bb303
2025-05-01T15:48:20.444-04:00 DEBUG 3567 --- [pedido] [           main] org.hibernate.type.BasicTypeRegistry     : Adding type registration java.sql.Blob -> org.hibernate.type.BasicTypeReference@300bb303
2025-05-01T15:48:20.444-04:00 DEBUG 3567 --- [pedido] [           main] org.hibernate.type.BasicTypeRegistry     : Adding type registration materialized_blob -> org.hibernate.type.BasicTypeReference@4243341e
2025-05-01T15:48:20.444-04:00 DEBUG 3567 --- [pedido] [           main] org.hibernate.type.BasicTypeRegistry     : Adding type registration materialized_blob_wrapper -> org.hibernate.type.BasicTypeReference@d1c5cf2
2025-05-01T15:48:20.444-04:00 DEBUG 3567 --- [pedido] [           main] org.hibernate.type.BasicTypeRegistry     : Adding type registration short -> org.hibernate.type.BasicTypeReference@7e0986c9
2025-05-01T15:48:20.444-04:00 DEBUG 3567 --- [pedido] [           main] org.hibernate.type.BasicTypeRegistry     : Adding type registration short -> org.hibernate.type.BasicTypeReference@7e0986c9
2025-05-01T15:48:20.444-04:00 DEBUG 3567 --- [pedido] [           main] org.hibernate.type.BasicTypeRegistry     : Adding type registration java.lang.Short -> org.hibernate.type.BasicTypeReference@7e0986c9
2025-05-01T15:48:20.444-04:00 DEBUG 3567 --- [pedido] [           main] org.hibernate.type.BasicTypeRegistry     : Adding type registration integer -> org.hibernate.type.BasicTypeReference@1377b1a0
2025-05-01T15:48:20.444-04:00 DEBUG 3567 --- [pedido] [           main] org.hibernate.type.BasicTypeRegistry     : Adding type registration int -> org.hibernate.type.BasicTypeReference@1377b1a0
2025-05-01T15:48:20.444-04:00 DEBUG 3567 --- [pedido] [           main] org.hibernate.type.BasicTypeRegistry     : Adding type registration java.lang.Integer -> org.hibernate.type.BasicTypeReference@1377b1a0
2025-05-01T15:48:20.444-04:00 DEBUG 3567 --- [pedido] [           main] org.hibernate.type.BasicTypeRegistry     : Adding type registration long -> org.hibernate.type.BasicTypeReference@48cf8414
2025-05-01T15:48:20.444-04:00 DEBUG 3567 --- [pedido] [           main] org.hibernate.type.BasicTypeRegistry     : Adding type registration long -> org.hibernate.type.BasicTypeReference@48cf8414
2025-05-01T15:48:20.444-04:00 DEBUG 3567 --- [pedido] [           main] org.hibernate.type.BasicTypeRegistry     : Adding type registration java.lang.Long -> org.hibernate.type.BasicTypeReference@48cf8414
2025-05-01T15:48:20.444-04:00 DEBUG 3567 --- [pedido] [           main] org.hibernate.type.BasicTypeRegistry     : Adding type registration float -> org.hibernate.type.BasicTypeReference@27dbaa33
2025-05-01T15:48:20.444-04:00 DEBUG 3567 --- [pedido] [           main] org.hibernate.type.BasicTypeRegistry     : Adding type registration float -> org.hibernate.type.BasicTypeReference@27dbaa33
2025-05-01T15:48:20.444-04:00 DEBUG 3567 --- [pedido] [           main] org.hibernate.type.BasicTypeRegistry     : Adding type registration java.lang.Float -> org.hibernate.type.BasicTypeReference@27dbaa33
2025-05-01T15:48:20.444-04:00 DEBUG 3567 --- [pedido] [           main] org.hibernate.type.BasicTypeRegistry     : Adding type registration double -> org.hibernate.type.BasicTypeReference@15d65fcf
2025-05-01T15:48:20.444-04:00 DEBUG 3567 --- [pedido] [           main] org.hibernate.type.BasicTypeRegistry     : Adding type registration double -> org.hibernate.type.BasicTypeReference@15d65fcf
2025-05-01T15:48:20.444-04:00 DEBUG 3567 --- [pedido] [           main] org.hibernate.type.BasicTypeRegistry     : Adding type registration java.lang.Double -> org.hibernate.type.BasicTypeReference@15d65fcf
2025-05-01T15:48:20.445-04:00 DEBUG 3567 --- [pedido] [           main] org.hibernate.type.BasicTypeRegistry     : Adding type registration big_integer -> org.hibernate.type.BasicTypeReference@3b021664
2025-05-01T15:48:20.445-04:00 DEBUG 3567 --- [pedido] [           main] org.hibernate.type.BasicTypeRegistry     : Adding type registration java.math.BigInteger -> org.hibernate.type.BasicTypeReference@3b021664
2025-05-01T15:48:20.445-04:00 DEBUG 3567 --- [pedido] [           main] org.hibernate.type.BasicTypeRegistry     : Adding type registration big_decimal -> org.hibernate.type.BasicTypeReference@f59da34
2025-05-01T15:48:20.445-04:00 DEBUG 3567 --- [pedido] [           main] org.hibernate.type.BasicTypeRegistry     : Adding type registration java.math.BigDecimal -> org.hibernate.type.BasicTypeReference@f59da34
2025-05-01T15:48:20.445-04:00 DEBUG 3567 --- [pedido] [           main] org.hibernate.type.BasicTypeRegistry     : Adding type registration character -> org.hibernate.type.BasicTypeReference@752973de
2025-05-01T15:48:20.445-04:00 DEBUG 3567 --- [pedido] [           main] org.hibernate.type.BasicTypeRegistry     : Adding type registration char -> org.hibernate.type.BasicTypeReference@752973de
2025-05-01T15:48:20.445-04:00 DEBUG 3567 --- [pedido] [           main] org.hibernate.type.BasicTypeRegistry     : Adding type registration java.lang.Character -> org.hibernate.type.BasicTypeReference@752973de
2025-05-01T15:48:20.445-04:00 DEBUG 3567 --- [pedido] [           main] org.hibernate.type.BasicTypeRegistry     : Adding type registration character_nchar -> org.hibernate.type.BasicTypeReference@52a67293
2025-05-01T15:48:20.445-04:00 DEBUG 3567 --- [pedido] [           main] org.hibernate.type.BasicTypeRegistry     : Adding type registration string -> org.hibernate.type.BasicTypeReference@793cef95
2025-05-01T15:48:20.445-04:00 DEBUG 3567 --- [pedido] [           main] org.hibernate.type.BasicTypeRegistry     : Adding type registration java.lang.String -> org.hibernate.type.BasicTypeReference@793cef95
2025-05-01T15:48:20.445-04:00 DEBUG 3567 --- [pedido] [           main] org.hibernate.type.BasicTypeRegistry     : Adding type registration nstring -> org.hibernate.type.BasicTypeReference@38f502fc
2025-05-01T15:48:20.445-04:00 DEBUG 3567 --- [pedido] [           main] org.hibernate.type.BasicTypeRegistry     : Adding type registration characters -> org.hibernate.type.BasicTypeReference@67c21bf
2025-05-01T15:48:20.445-04:00 DEBUG 3567 --- [pedido] [           main] org.hibernate.type.BasicTypeRegistry     : Adding type registration char[] -> org.hibernate.type.BasicTypeReference@67c21bf
2025-05-01T15:48:20.445-04:00 DEBUG 3567 --- [pedido] [           main] org.hibernate.type.BasicTypeRegistry     : Adding type registration [C -> org.hibernate.type.BasicTypeReference@67c21bf
2025-05-01T15:48:20.445-04:00 DEBUG 3567 --- [pedido] [           main] org.hibernate.type.BasicTypeRegistry     : Adding type registration wrapper-characters -> org.hibernate.type.BasicTypeReference@67afe909
2025-05-01T15:48:20.445-04:00 DEBUG 3567 --- [pedido] [           main] org.hibernate.type.BasicTypeRegistry     : Adding type registration text -> org.hibernate.type.BasicTypeReference@79f1e22e
2025-05-01T15:48:20.445-04:00 DEBUG 3567 --- [pedido] [           main] org.hibernate.type.BasicTypeRegistry     : Adding type registration ntext -> org.hibernate.type.BasicTypeReference@6903ed0e
2025-05-01T15:48:20.445-04:00 DEBUG 3567 --- [pedido] [           main] org.hibernate.type.BasicTypeRegistry     : Adding type registration clob -> org.hibernate.type.BasicTypeReference@e154848
2025-05-01T15:48:20.445-04:00 DEBUG 3567 --- [pedido] [           main] org.hibernate.type.BasicTypeRegistry     : Adding type registration java.sql.Clob -> org.hibernate.type.BasicTypeReference@e154848
2025-05-01T15:48:20.445-04:00 DEBUG 3567 --- [pedido] [           main] org.hibernate.type.BasicTypeRegistry     : Adding type registration nclob -> org.hibernate.type.BasicTypeReference@16ea0f22
2025-05-01T15:48:20.445-04:00 DEBUG 3567 --- [pedido] [           main] org.hibernate.type.BasicTypeRegistry     : Adding type registration java.sql.NClob -> org.hibernate.type.BasicTypeReference@16ea0f22
2025-05-01T15:48:20.445-04:00 DEBUG 3567 --- [pedido] [           main] org.hibernate.type.BasicTypeRegistry     : Adding type registration materialized_clob -> org.hibernate.type.BasicTypeReference@60fc7f43
2025-05-01T15:48:20.445-04:00 DEBUG 3567 --- [pedido] [           main] org.hibernate.type.BasicTypeRegistry     : Adding type registration materialized_clob_char_array -> org.hibernate.type.BasicTypeReference@16e195cf
2025-05-01T15:48:20.445-04:00 DEBUG 3567 --- [pedido] [           main] org.hibernate.type.BasicTypeRegistry     : Adding type registration materialized_clob_character_array -> org.hibernate.type.BasicTypeReference@3212d853
2025-05-01T15:48:20.445-04:00 DEBUG 3567 --- [pedido] [           main] org.hibernate.type.BasicTypeRegistry     : Adding type registration materialized_nclob -> org.hibernate.type.BasicTypeReference@74c7522c
2025-05-01T15:48:20.445-04:00 DEBUG 3567 --- [pedido] [           main] org.hibernate.type.BasicTypeRegistry     : Adding type registration materialized_nclob_character_array -> org.hibernate.type.BasicTypeReference@77c23d90
2025-05-01T15:48:20.445-04:00 DEBUG 3567 --- [pedido] [           main] org.hibernate.type.BasicTypeRegistry     : Adding type registration materialized_nclob_char_array -> org.hibernate.type.BasicTypeReference@6d17914a
2025-05-01T15:48:20.445-04:00 DEBUG 3567 --- [pedido] [           main] org.hibernate.type.BasicTypeRegistry     : Adding type registration Duration -> org.hibernate.type.BasicTypeReference@49631cfb
2025-05-01T15:48:20.445-04:00 DEBUG 3567 --- [pedido] [           main] org.hibernate.type.BasicTypeRegistry     : Adding type registration java.time.Duration -> org.hibernate.type.BasicTypeReference@49631cfb
2025-05-01T15:48:20.445-04:00 DEBUG 3567 --- [pedido] [           main] org.hibernate.type.BasicTypeRegistry     : Adding type registration LocalDateTime -> org.hibernate.type.BasicTypeReference@77b71c9
2025-05-01T15:48:20.445-04:00 DEBUG 3567 --- [pedido] [           main] org.hibernate.type.BasicTypeRegistry     : Adding type registration java.time.LocalDateTime -> org.hibernate.type.BasicTypeReference@77b71c9
2025-05-01T15:48:20.445-04:00 DEBUG 3567 --- [pedido] [           main] org.hibernate.type.BasicTypeRegistry     : Adding type registration LocalDate -> org.hibernate.type.BasicTypeReference@6133e20b
2025-05-01T15:48:20.445-04:00 DEBUG 3567 --- [pedido] [           main] org.hibernate.type.BasicTypeRegistry     : Adding type registration java.time.LocalDate -> org.hibernate.type.BasicTypeReference@6133e20b
2025-05-01T15:48:20.445-04:00 DEBUG 3567 --- [pedido] [           main] org.hibernate.type.BasicTypeRegistry     : Adding type registration LocalTime -> org.hibernate.type.BasicTypeReference@30ffb2a6
2025-05-01T15:48:20.445-04:00 DEBUG 3567 --- [pedido] [           main] org.hibernate.type.BasicTypeRegistry     : Adding type registration java.time.LocalTime -> org.hibernate.type.BasicTypeReference@30ffb2a6
2025-05-01T15:48:20.445-04:00 DEBUG 3567 --- [pedido] [           main] org.hibernate.type.BasicTypeRegistry     : Adding type registration OffsetDateTime -> org.hibernate.type.BasicTypeReference@612af486
2025-05-01T15:48:20.445-04:00 DEBUG 3567 --- [pedido] [           main] org.hibernate.type.BasicTypeRegistry     : Adding type registration java.time.OffsetDateTime -> org.hibernate.type.BasicTypeReference@612af486
2025-05-01T15:48:20.445-04:00 DEBUG 3567 --- [pedido] [           main] org.hibernate.type.BasicTypeRegistry     : Adding type registration OffsetDateTimeWithTimezone -> org.hibernate.type.BasicTypeReference@3d033453
2025-05-01T15:48:20.445-04:00 DEBUG 3567 --- [pedido] [           main] org.hibernate.type.BasicTypeRegistry     : Adding type registration OffsetDateTimeWithoutTimezone -> org.hibernate.type.BasicTypeReference@43deba42
2025-05-01T15:48:20.445-04:00 DEBUG 3567 --- [pedido] [           main] org.hibernate.type.BasicTypeRegistry     : Adding type registration OffsetTime -> org.hibernate.type.BasicTypeReference@e795a1d
2025-05-01T15:48:20.445-04:00 DEBUG 3567 --- [pedido] [           main] org.hibernate.type.BasicTypeRegistry     : Adding type registration java.time.OffsetTime -> org.hibernate.type.BasicTypeReference@e795a1d
2025-05-01T15:48:20.445-04:00 DEBUG 3567 --- [pedido] [           main] org.hibernate.type.BasicTypeRegistry     : Adding type registration OffsetTimeUtc -> org.hibernate.type.BasicTypeReference@38c10190
2025-05-01T15:48:20.446-04:00 DEBUG 3567 --- [pedido] [           main] org.hibernate.type.BasicTypeRegistry     : Adding type registration OffsetTimeWithTimezone -> org.hibernate.type.BasicTypeReference@1cc41b77
2025-05-01T15:48:20.446-04:00 DEBUG 3567 --- [pedido] [           main] org.hibernate.type.BasicTypeRegistry     : Adding type registration OffsetTimeWithoutTimezone -> org.hibernate.type.BasicTypeReference@2a7ebe07
2025-05-01T15:48:20.446-04:00 DEBUG 3567 --- [pedido] [           main] org.hibernate.type.BasicTypeRegistry     : Adding type registration ZonedDateTime -> org.hibernate.type.BasicTypeReference@6e93b0e7
2025-05-01T15:48:20.446-04:00 DEBUG 3567 --- [pedido] [           main] org.hibernate.type.BasicTypeRegistry     : Adding type registration java.time.ZonedDateTime -> org.hibernate.type.BasicTypeReference@6e93b0e7
2025-05-01T15:48:20.446-04:00 DEBUG 3567 --- [pedido] [           main] org.hibernate.type.BasicTypeRegistry     : Adding type registration ZonedDateTimeWithTimezone -> org.hibernate.type.BasicTypeReference@5eeee124
2025-05-01T15:48:20.446-04:00 DEBUG 3567 --- [pedido] [           main] org.hibernate.type.BasicTypeRegistry     : Adding type registration ZonedDateTimeWithoutTimezone -> org.hibernate.type.BasicTypeReference@62cd562d
2025-05-01T15:48:20.446-04:00 DEBUG 3567 --- [pedido] [           main] org.hibernate.type.BasicTypeRegistry     : Adding type registration date -> org.hibernate.type.BasicTypeReference@3d1c52f5
2025-05-01T15:48:20.446-04:00 DEBUG 3567 --- [pedido] [           main] org.hibernate.type.BasicTypeRegistry     : Adding type registration java.sql.Date -> org.hibernate.type.BasicTypeReference@3d1c52f5
2025-05-01T15:48:20.446-04:00 DEBUG 3567 --- [pedido] [           main] org.hibernate.type.BasicTypeRegistry     : Adding type registration time -> org.hibernate.type.BasicTypeReference@4e7bc939
2025-05-01T15:48:20.446-04:00 DEBUG 3567 --- [pedido] [           main] org.hibernate.type.BasicTypeRegistry     : Adding type registration java.sql.Time -> org.hibernate.type.BasicTypeReference@4e7bc939
2025-05-01T15:48:20.446-04:00 DEBUG 3567 --- [pedido] [           main] org.hibernate.type.BasicTypeRegistry     : Adding type registration timestamp -> org.hibernate.type.BasicTypeReference@67b5e613
2025-05-01T15:48:20.446-04:00 DEBUG 3567 --- [pedido] [           main] org.hibernate.type.BasicTypeRegistry     : Adding type registration java.sql.Timestamp -> org.hibernate.type.BasicTypeReference@67b5e613
2025-05-01T15:48:20.446-04:00 DEBUG 3567 --- [pedido] [           main] org.hibernate.type.BasicTypeRegistry     : Adding type registration java.util.Date -> org.hibernate.type.BasicTypeReference@67b5e613
2025-05-01T15:48:20.446-04:00 DEBUG 3567 --- [pedido] [           main] org.hibernate.type.BasicTypeRegistry     : Adding type registration calendar -> org.hibernate.type.BasicTypeReference@6fc1a8f6
2025-05-01T15:48:20.446-04:00 DEBUG 3567 --- [pedido] [           main] org.hibernate.type.BasicTypeRegistry     : Adding type registration java.util.Calendar -> org.hibernate.type.BasicTypeReference@6fc1a8f6
2025-05-01T15:48:20.446-04:00 DEBUG 3567 --- [pedido] [           main] org.hibernate.type.BasicTypeRegistry     : Adding type registration java.util.GregorianCalendar -> org.hibernate.type.BasicTypeReference@6fc1a8f6
2025-05-01T15:48:20.446-04:00 DEBUG 3567 --- [pedido] [           main] org.hibernate.type.BasicTypeRegistry     : Adding type registration calendar_date -> org.hibernate.type.BasicTypeReference@3095d401
2025-05-01T15:48:20.446-04:00 DEBUG 3567 --- [pedido] [           main] org.hibernate.type.BasicTypeRegistry     : Adding type registration calendar_time -> org.hibernate.type.BasicTypeReference@687a0e40
2025-05-01T15:48:20.446-04:00 DEBUG 3567 --- [pedido] [           main] org.hibernate.type.BasicTypeRegistry     : Adding type registration instant -> org.hibernate.type.BasicTypeReference@a9e8da1
2025-05-01T15:48:20.446-04:00 DEBUG 3567 --- [pedido] [           main] org.hibernate.type.BasicTypeRegistry     : Adding type registration java.time.Instant -> org.hibernate.type.BasicTypeReference@a9e8da1
2025-05-01T15:48:20.446-04:00 DEBUG 3567 --- [pedido] [           main] org.hibernate.type.BasicTypeRegistry     : Adding type registration uuid -> org.hibernate.type.BasicTypeReference@14b5752f
2025-05-01T15:48:20.446-04:00 DEBUG 3567 --- [pedido] [           main] org.hibernate.type.BasicTypeRegistry     : Adding type registration java.util.UUID -> org.hibernate.type.BasicTypeReference@14b5752f
2025-05-01T15:48:20.446-04:00 DEBUG 3567 --- [pedido] [           main] org.hibernate.type.BasicTypeRegistry     : Adding type registration pg-uuid -> org.hibernate.type.BasicTypeReference@14b5752f
2025-05-01T15:48:20.446-04:00 DEBUG 3567 --- [pedido] [           main] org.hibernate.type.BasicTypeRegistry     : Adding type registration uuid-binary -> org.hibernate.type.BasicTypeReference@b94703b
2025-05-01T15:48:20.446-04:00 DEBUG 3567 --- [pedido] [           main] org.hibernate.type.BasicTypeRegistry     : Adding type registration uuid-char -> org.hibernate.type.BasicTypeReference@33a47707
2025-05-01T15:48:20.446-04:00 DEBUG 3567 --- [pedido] [           main] org.hibernate.type.BasicTypeRegistry     : Adding type registration class -> org.hibernate.type.BasicTypeReference@4d290757
2025-05-01T15:48:20.446-04:00 DEBUG 3567 --- [pedido] [           main] org.hibernate.type.BasicTypeRegistry     : Adding type registration java.lang.Class -> org.hibernate.type.BasicTypeReference@4d290757
2025-05-01T15:48:20.446-04:00 DEBUG 3567 --- [pedido] [           main] org.hibernate.type.BasicTypeRegistry     : Adding type registration currency -> org.hibernate.type.BasicTypeReference@720a1fd0
2025-05-01T15:48:20.446-04:00 DEBUG 3567 --- [pedido] [           main] org.hibernate.type.BasicTypeRegistry     : Adding type registration Currency -> org.hibernate.type.BasicTypeReference@720a1fd0
2025-05-01T15:48:20.446-04:00 DEBUG 3567 --- [pedido] [           main] org.hibernate.type.BasicTypeRegistry     : Adding type registration java.util.Currency -> org.hibernate.type.BasicTypeReference@720a1fd0
2025-05-01T15:48:20.446-04:00 DEBUG 3567 --- [pedido] [           main] org.hibernate.type.BasicTypeRegistry     : Adding type registration locale -> org.hibernate.type.BasicTypeReference@5ab7ac02
2025-05-01T15:48:20.446-04:00 DEBUG 3567 --- [pedido] [           main] org.hibernate.type.BasicTypeRegistry     : Adding type registration java.util.Locale -> org.hibernate.type.BasicTypeReference@5ab7ac02
2025-05-01T15:48:20.446-04:00 DEBUG 3567 --- [pedido] [           main] org.hibernate.type.BasicTypeRegistry     : Adding type registration serializable -> org.hibernate.type.BasicTypeReference@4abbe41c
2025-05-01T15:48:20.447-04:00 DEBUG 3567 --- [pedido] [           main] org.hibernate.type.BasicTypeRegistry     : Adding type registration java.io.Serializable -> org.hibernate.type.BasicTypeReference@4abbe41c
2025-05-01T15:48:20.447-04:00 DEBUG 3567 --- [pedido] [           main] org.hibernate.type.BasicTypeRegistry     : Adding type registration timezone -> org.hibernate.type.BasicTypeReference@4fad51a3
2025-05-01T15:48:20.447-04:00 DEBUG 3567 --- [pedido] [           main] org.hibernate.type.BasicTypeRegistry     : Adding type registration java.util.TimeZone -> org.hibernate.type.BasicTypeReference@4fad51a3
2025-05-01T15:48:20.447-04:00 DEBUG 3567 --- [pedido] [           main] org.hibernate.type.BasicTypeRegistry     : Adding type registration ZoneOffset -> org.hibernate.type.BasicTypeReference@6d7b2319
2025-05-01T15:48:20.447-04:00 DEBUG 3567 --- [pedido] [           main] org.hibernate.type.BasicTypeRegistry     : Adding type registration java.time.ZoneOffset -> org.hibernate.type.BasicTypeReference@6d7b2319
2025-05-01T15:48:20.447-04:00 DEBUG 3567 --- [pedido] [           main] org.hibernate.type.BasicTypeRegistry     : Adding type registration url -> org.hibernate.type.BasicTypeReference@acb5508
2025-05-01T15:48:20.447-04:00 DEBUG 3567 --- [pedido] [           main] org.hibernate.type.BasicTypeRegistry     : Adding type registration java.net.URL -> org.hibernate.type.BasicTypeReference@acb5508
2025-05-01T15:48:20.447-04:00 DEBUG 3567 --- [pedido] [           main] org.hibernate.type.BasicTypeRegistry     : Adding type registration vector -> org.hibernate.type.BasicTypeReference@1f45db49
2025-05-01T15:48:20.447-04:00 DEBUG 3567 --- [pedido] [           main] org.hibernate.type.BasicTypeRegistry     : Adding type registration float_vector -> org.hibernate.type.BasicTypeReference@3ac0a14b
2025-05-01T15:48:20.447-04:00 DEBUG 3567 --- [pedido] [           main] org.hibernate.type.BasicTypeRegistry     : Adding type registration double_vector -> org.hibernate.type.BasicTypeReference@e972ee1
2025-05-01T15:48:20.447-04:00 DEBUG 3567 --- [pedido] [           main] org.hibernate.type.BasicTypeRegistry     : Adding type registration byte_vector -> org.hibernate.type.BasicTypeReference@5e24592e
2025-05-01T15:48:20.447-04:00 DEBUG 3567 --- [pedido] [           main] org.hibernate.type.BasicTypeRegistry     : Adding type registration row_version -> org.hibernate.type.BasicTypeReference@6f0a4e30
2025-05-01T15:48:20.448-04:00 DEBUG 3567 --- [pedido] [           main] org.hibernate.type.BasicTypeRegistry     : Adding type registration object -> org.hibernate.type.JavaObjectType@1231a1be
2025-05-01T15:48:20.448-04:00 DEBUG 3567 --- [pedido] [           main] org.hibernate.type.BasicTypeRegistry     : Adding type registration java.lang.Object -> org.hibernate.type.JavaObjectType@1231a1be
2025-05-01T15:48:20.448-04:00 DEBUG 3567 --- [pedido] [           main] org.hibernate.type.BasicTypeRegistry     : Adding type registration null -> org.hibernate.type.NullType@36f6d25c
2025-05-01T15:48:20.448-04:00 DEBUG 3567 --- [pedido] [           main] org.hibernate.type.BasicTypeRegistry     : Adding type registration imm_date -> org.hibernate.type.BasicTypeReference@690df641
2025-05-01T15:48:20.448-04:00 DEBUG 3567 --- [pedido] [           main] org.hibernate.type.BasicTypeRegistry     : Adding type registration imm_time -> org.hibernate.type.BasicTypeReference@7db791df
2025-05-01T15:48:20.448-04:00 DEBUG 3567 --- [pedido] [           main] org.hibernate.type.BasicTypeRegistry     : Adding type registration imm_timestamp -> org.hibernate.type.BasicTypeReference@1bfa5a13
2025-05-01T15:48:20.448-04:00 DEBUG 3567 --- [pedido] [           main] org.hibernate.type.BasicTypeRegistry     : Adding type registration imm_calendar -> org.hibernate.type.BasicTypeReference@1b1e1f02
2025-05-01T15:48:20.448-04:00 DEBUG 3567 --- [pedido] [           main] org.hibernate.type.BasicTypeRegistry     : Adding type registration imm_calendar_date -> org.hibernate.type.BasicTypeReference@1da75dde
2025-05-01T15:48:20.448-04:00 DEBUG 3567 --- [pedido] [           main] org.hibernate.type.BasicTypeRegistry     : Adding type registration imm_calendar_time -> org.hibernate.type.BasicTypeReference@5c5f0edc
2025-05-01T15:48:20.448-04:00 DEBUG 3567 --- [pedido] [           main] org.hibernate.type.BasicTypeRegistry     : Adding type registration imm_binary -> org.hibernate.type.BasicTypeReference@153cfd86
2025-05-01T15:48:20.448-04:00 DEBUG 3567 --- [pedido] [           main] org.hibernate.type.BasicTypeRegistry     : Adding type registration imm_serializable -> org.hibernate.type.BasicTypeReference@7e31062c
2025-05-01T15:48:20.450-04:00 DEBUG 3567 --- [pedido] [           main] o.h.boot.internal.BootstrapContextImpl   : Injecting JPA temp ClassLoader [org.springframework.instrument.classloading.SimpleThrowawayClassLoader@1f39269d] into BootstrapContext; was [null]
2025-05-01T15:48:20.450-04:00 DEBUG 3567 --- [pedido] [           main] o.h.boot.internal.ClassLoaderAccessImpl  : ClassLoaderAccessImpl#injectTempClassLoader(org.springframework.instrument.classloading.SimpleThrowawayClassLoader@1f39269d) [was null]
2025-05-01T15:48:20.450-04:00 DEBUG 3567 --- [pedido] [           main] o.h.boot.internal.BootstrapContextImpl   : Injecting ScanEnvironment [org.hibernate.jpa.boot.internal.StandardJpaScanEnvironmentImpl@26994c6a] into BootstrapContext; was [null]
2025-05-01T15:48:20.450-04:00 DEBUG 3567 --- [pedido] [           main] o.h.boot.internal.BootstrapContextImpl   : Injecting ScanOptions [org.hibernate.boot.archive.scan.internal.StandardScanOptions@3cd46491] into BootstrapContext; was [org.hibernate.boot.archive.scan.internal.StandardScanOptions@27d98bef]
2025-05-01T15:48:20.454-04:00 DEBUG 3567 --- [pedido] [           main] o.h.j.b.i.PersistenceUnitInfoDescriptor  : Pushing class transformers for PU named 'default' on loading classloader jdk.internal.loader.ClassLoaders$AppClassLoader@2c854dc5
2025-05-01T15:48:20.507-04:00  INFO 3567 --- [pedido] [           main] o.s.o.j.p.SpringPersistenceUnitInfo      : No LoadTimeWeaver setup: ignoring JPA class transformer
2025-05-01T15:48:20.507-04:00 DEBUG 3567 --- [pedido] [           main] o.h.boot.internal.BootstrapContextImpl   : Injecting JPA temp ClassLoader [null] into BootstrapContext; was [org.springframework.instrument.classloading.SimpleThrowawayClassLoader@1f39269d]
2025-05-01T15:48:20.507-04:00 DEBUG 3567 --- [pedido] [           main] o.h.boot.internal.ClassLoaderAccessImpl  : ClassLoaderAccessImpl#injectTempClassLoader(null) [was org.springframework.instrument.classloading.SimpleThrowawayClassLoader@1f39269d]
2025-05-01T15:48:20.519-04:00  INFO 3567 --- [pedido] [           main] com.zaxxer.hikari.HikariDataSource       : HikariPool-1 - Starting...
2025-05-01T15:48:20.520-04:00  WARN 3567 --- [pedido] [           main] c.zaxxer.hikari.util.DriverDataSource    : Registered driver with driverClassName=oracle.jdbc.driver.OracleDriver was not found, trying direct instantiation.
2025-05-01T15:48:21.035-04:00  INFO 3567 --- [pedido] [           main] com.zaxxer.hikari.pool.HikariPool        : HikariPool-1 - Added connection oracle.jdbc.driver.T4CConnection@78bd02c8
2025-05-01T15:48:21.035-04:00  INFO 3567 --- [pedido] [           main] com.zaxxer.hikari.HikariDataSource       : HikariPool-1 - Start completed.
2025-05-01T15:48:21.045-04:00 DEBUG 3567 --- [pedido] [           main] o.h.e.j.e.i.JdbcEnvironmentInitiator     : Database ->
	   name : Oracle
	version : Oracle Database 19c Enterprise Edition Release 19.0.0.0.0 - Production
Version 19.27.0.1.0
	  major : 19
	  minor : 27
2025-05-01T15:48:21.045-04:00 DEBUG 3567 --- [pedido] [           main] o.h.e.j.e.i.JdbcEnvironmentInitiator     : Driver ->
	   name : Oracle JDBC driver
	version : 23.5.0.24.07
	  major : 23
	  minor : 5
2025-05-01T15:48:21.045-04:00 DEBUG 3567 --- [pedido] [           main] o.h.e.j.e.i.JdbcEnvironmentInitiator     : JDBC version : 4.3
2025-05-01T15:48:21.114-04:00  WARN 3567 --- [pedido] [           main] org.hibernate.orm.deprecation            : HHH90000025: OracleDialect does not need to be specified explicitly using 'hibernate.dialect' (remove the property setting and it will be selected by default)
2025-05-01T15:48:21.115-04:00 DEBUG 3567 --- [pedido] [           main] org.hibernate.orm.dialect                : HHH035001: Using dialect: org.hibernate.dialect.OracleDialect, version: 19.27
2025-05-01T15:48:21.150-04:00  INFO 3567 --- [pedido] [           main] org.hibernate.orm.connections.pooling    : HHH10001005: Database info:
	Database JDBC URL [Connecting through datasource 'HikariDataSource (HikariPool-1)']
	Database driver: undefined/unknown
	Database version: 19.27
	Autocommit mode: undefined/unknown
	Isolation level: undefined/unknown
	Minimum pool size: undefined/unknown
	Maximum pool size: undefined/unknown
2025-05-01T15:48:21.153-04:00 DEBUG 3567 --- [pedido] [           main] o.h.t.d.jdbc.spi.JdbcTypeRegistry        : addDescriptor(NCharTypeDescriptor) replaced previous registration(CharTypeDescriptor)
2025-05-01T15:48:21.153-04:00 DEBUG 3567 --- [pedido] [           main] o.h.t.d.jdbc.spi.JdbcTypeRegistry        : addDescriptor(NVarcharTypeDescriptor) replaced previous registration(VarcharTypeDescriptor)
2025-05-01T15:48:21.153-04:00 DEBUG 3567 --- [pedido] [           main] o.h.t.d.jdbc.spi.JdbcTypeRegistry        : addDescriptor(LongNVarcharTypeDescriptor) replaced previous registration(LongVarcharTypeDescriptor)
2025-05-01T15:48:21.154-04:00 DEBUG 3567 --- [pedido] [           main] o.h.t.d.jdbc.spi.JdbcTypeRegistry        : addDescriptor(NClobTypeDescriptor(DEFAULT)) replaced previous registration(ClobTypeDescriptor(DEFAULT))
2025-05-01T15:48:21.154-04:00 DEBUG 3567 --- [pedido] [           main] o.h.t.d.jdbc.spi.JdbcTypeRegistry        : addDescriptor(BooleanTypeDescriptor) replaced previous registration(BooleanTypeDescriptor)
2025-05-01T15:48:21.157-04:00 DEBUG 3567 --- [pedido] [           main] org.hibernate.type.BasicTypeRegistry     : Adding type registration null -> org.hibernate.type.NullType@e88e14
2025-05-01T15:48:21.157-04:00 DEBUG 3567 --- [pedido] [           main] org.hibernate.type.BasicTypeRegistry     : Type registration key [null] overrode previous entry : `org.hibernate.type.NullType@36f6d25c`
2025-05-01T15:48:21.157-04:00 DEBUG 3567 --- [pedido] [           main] org.hibernate.type.BasicTypeRegistry     : Adding type registration JAVA_OBJECT -> org.hibernate.type.JavaObjectType@6c2fea95
2025-05-01T15:48:21.157-04:00 DEBUG 3567 --- [pedido] [           main] org.hibernate.type.BasicTypeRegistry     : Adding type registration java.lang.Object -> org.hibernate.type.JavaObjectType@6c2fea95
2025-05-01T15:48:21.157-04:00 DEBUG 3567 --- [pedido] [           main] org.hibernate.type.BasicTypeRegistry     : Type registration key [java.lang.Object] overrode previous entry : `org.hibernate.type.JavaObjectType@1231a1be`
2025-05-01T15:48:21.158-04:00 DEBUG 3567 --- [pedido] [           main] org.hibernate.type.BasicTypeRegistry     : Adding type registration org.hibernate.type.DurationType -> basicType@1(java.time.Duration,3015)
2025-05-01T15:48:21.158-04:00 DEBUG 3567 --- [pedido] [           main] org.hibernate.type.BasicTypeRegistry     : Adding type registration Duration -> basicType@1(java.time.Duration,3015)
2025-05-01T15:48:21.158-04:00 DEBUG 3567 --- [pedido] [           main] org.hibernate.type.BasicTypeRegistry     : Adding type registration java.time.Duration -> basicType@1(java.time.Duration,3015)
2025-05-01T15:48:21.159-04:00 DEBUG 3567 --- [pedido] [           main] o.h.type.spi.TypeConfiguration$Scope     : Scoping TypeConfiguration [org.hibernate.type.spi.TypeConfiguration@7491cdae] to MetadataBuildingContext [org.hibernate.boot.internal.MetadataBuildingContextRootImpl@3050d479]
2025-05-01T15:48:21.168-04:00 DEBUG 3567 --- [pedido] [           main] o.h.boot.model.relational.Namespace      : Created database namespace [logicalName=Name{catalog=null, schema=null}, physicalName=Name{catalog=null, schema=null}]
2025-05-01T15:48:21.174-04:00 DEBUG 3567 --- [pedido] [           main] o.h.boot.model.internal.EntityBinder     : Binding entity from annotated class: com.pedido.pedido.Model.Pedido
2025-05-01T15:48:21.175-04:00 DEBUG 3567 --- [pedido] [           main] o.h.boot.model.internal.EntityBinder     : Import with entity name Pedido
2025-05-01T15:48:21.176-04:00 DEBUG 3567 --- [pedido] [           main] o.h.boot.model.internal.EntityBinder     : Bind entity com.pedido.pedido.Model.Pedido on table pedido
2025-05-01T15:48:21.179-04:00 DEBUG 3567 --- [pedido] [           main] o.h.boot.model.internal.AnnotatedColumn  : Binding column: AnnotatedDiscriminatorColumn(column='DTYPE')
2025-05-01T15:48:21.184-04:00 DEBUG 3567 --- [pedido] [           main] o.h.boot.model.internal.AnnotatedColumn  : Binding column: AnnotatedColumn()
2025-05-01T15:48:21.184-04:00 DEBUG 3567 --- [pedido] [           main] o.h.boot.internal.ClassLoaderAccessImpl  : Not known whether passed class name [com.pedido.pedido.Model.Pedido] is safe
2025-05-01T15:48:21.184-04:00 DEBUG 3567 --- [pedido] [           main] o.h.boot.internal.ClassLoaderAccessImpl  : No temp ClassLoader provided; using live ClassLoader for loading potentially unsafe class : com.pedido.pedido.Model.Pedido
2025-05-01T15:48:21.185-04:00 DEBUG 3567 --- [pedido] [           main] o.h.boot.model.internal.PropertyBinder   : MetadataSourceProcessor property id with lazy=false
2025-05-01T15:48:21.186-04:00 DEBUG 3567 --- [pedido] [           main] o.h.b.m.internal.AbstractPropertyHolder  : Attempting to locate auto-apply AttributeConverter for property [com.pedido.pedido.Model.Pedido:id]
2025-05-01T15:48:21.187-04:00 DEBUG 3567 --- [pedido] [           main] o.h.b.model.internal.BasicValueBinder    : building BasicValue for id
2025-05-01T15:48:21.187-04:00 DEBUG 3567 --- [pedido] [           main] org.hibernate.mapping.BasicValue         : Skipping column re-registration: pedido.id
2025-05-01T15:48:21.188-04:00 DEBUG 3567 --- [pedido] [           main] o.h.boot.model.internal.PropertyBinder   : Building property id
2025-05-01T15:48:21.188-04:00 DEBUG 3567 --- [pedido] [           main] o.h.boot.model.internal.BinderHelper     : #makeIdGenerator(BasicValue([Column(id)]), id, identity, , ...)
2025-05-01T15:48:21.189-04:00 DEBUG 3567 --- [pedido] [           main] o.h.boot.model.internal.AnnotatedColumn  : Binding column: AnnotatedColumn()
2025-05-01T15:48:21.189-04:00 DEBUG 3567 --- [pedido] [           main] o.h.boot.model.internal.PropertyBinder   : MetadataSourceProcessor property ciudad with lazy=false
2025-05-01T15:48:21.189-04:00 DEBUG 3567 --- [pedido] [           main] o.h.b.m.internal.AbstractPropertyHolder  : Attempting to locate auto-apply AttributeConverter for property [com.pedido.pedido.Model.Pedido:ciudad]
2025-05-01T15:48:21.189-04:00 DEBUG 3567 --- [pedido] [           main] o.h.b.model.internal.BasicValueBinder    : building BasicValue for ciudad
2025-05-01T15:48:21.189-04:00 DEBUG 3567 --- [pedido] [           main] org.hibernate.mapping.BasicValue         : Skipping column re-registration: pedido.ciudad
2025-05-01T15:48:21.189-04:00 DEBUG 3567 --- [pedido] [           main] o.h.boot.model.internal.PropertyBinder   : Building property ciudad
2025-05-01T15:48:21.189-04:00 DEBUG 3567 --- [pedido] [           main] o.h.boot.model.internal.AnnotatedColumn  : Binding column: AnnotatedColumn()
2025-05-01T15:48:21.189-04:00 DEBUG 3567 --- [pedido] [           main] o.h.boot.model.internal.PropertyBinder   : MetadataSourceProcessor property codigoPostal with lazy=false
2025-05-01T15:48:21.189-04:00 DEBUG 3567 --- [pedido] [           main] o.h.b.m.internal.AbstractPropertyHolder  : Attempting to locate auto-apply AttributeConverter for property [com.pedido.pedido.Model.Pedido:codigoPostal]
2025-05-01T15:48:21.189-04:00 DEBUG 3567 --- [pedido] [           main] o.h.b.model.internal.BasicValueBinder    : building BasicValue for codigoPostal
2025-05-01T15:48:21.189-04:00 DEBUG 3567 --- [pedido] [           main] org.hibernate.mapping.BasicValue         : Skipping column re-registration: pedido.codigo_postal
2025-05-01T15:48:21.189-04:00 DEBUG 3567 --- [pedido] [           main] o.h.boot.model.internal.PropertyBinder   : Building property codigoPostal
2025-05-01T15:48:21.189-04:00 DEBUG 3567 --- [pedido] [           main] o.h.boot.model.internal.AnnotatedColumn  : Binding column: AnnotatedColumn()
2025-05-01T15:48:21.189-04:00 DEBUG 3567 --- [pedido] [           main] o.h.boot.model.internal.PropertyBinder   : MetadataSourceProcessor property coordenadas with lazy=false
2025-05-01T15:48:21.189-04:00 DEBUG 3567 --- [pedido] [           main] o.h.b.m.internal.AbstractPropertyHolder  : Attempting to locate auto-apply AttributeConverter for property [com.pedido.pedido.Model.Pedido:coordenadas]
2025-05-01T15:48:21.189-04:00 DEBUG 3567 --- [pedido] [           main] o.h.b.model.internal.BasicValueBinder    : building BasicValue for coordenadas
2025-05-01T15:48:21.189-04:00 DEBUG 3567 --- [pedido] [           main] org.hibernate.mapping.BasicValue         : Skipping column re-registration: pedido.coordenadas
2025-05-01T15:48:21.189-04:00 DEBUG 3567 --- [pedido] [           main] o.h.boot.model.internal.PropertyBinder   : Building property coordenadas
2025-05-01T15:48:21.190-04:00 DEBUG 3567 --- [pedido] [           main] o.h.boot.model.internal.AnnotatedColumn  : Binding column: AnnotatedColumn()
2025-05-01T15:48:21.190-04:00 DEBUG 3567 --- [pedido] [           main] o.h.boot.model.internal.PropertyBinder   : MetadataSourceProcessor property direccion with lazy=false
2025-05-01T15:48:21.190-04:00 DEBUG 3567 --- [pedido] [           main] o.h.b.m.internal.AbstractPropertyHolder  : Attempting to locate auto-apply AttributeConverter for property [com.pedido.pedido.Model.Pedido:direccion]
2025-05-01T15:48:21.190-04:00 DEBUG 3567 --- [pedido] [           main] o.h.b.model.internal.BasicValueBinder    : building BasicValue for direccion
2025-05-01T15:48:21.190-04:00 DEBUG 3567 --- [pedido] [           main] org.hibernate.mapping.BasicValue         : Skipping column re-registration: pedido.direccion
2025-05-01T15:48:21.190-04:00 DEBUG 3567 --- [pedido] [           main] o.h.boot.model.internal.PropertyBinder   : Building property direccion
2025-05-01T15:48:21.190-04:00 DEBUG 3567 --- [pedido] [           main] o.h.boot.model.internal.AnnotatedColumn  : Binding column: AnnotatedColumn()
2025-05-01T15:48:21.190-04:00 DEBUG 3567 --- [pedido] [           main] o.h.boot.model.internal.PropertyBinder   : MetadataSourceProcessor property email with lazy=false
2025-05-01T15:48:21.190-04:00 DEBUG 3567 --- [pedido] [           main] o.h.b.m.internal.AbstractPropertyHolder  : Attempting to locate auto-apply AttributeConverter for property [com.pedido.pedido.Model.Pedido:email]
2025-05-01T15:48:21.190-04:00 DEBUG 3567 --- [pedido] [           main] o.h.b.model.internal.BasicValueBinder    : building BasicValue for email
2025-05-01T15:48:21.190-04:00 DEBUG 3567 --- [pedido] [           main] org.hibernate.mapping.BasicValue         : Skipping column re-registration: pedido.email
2025-05-01T15:48:21.190-04:00 DEBUG 3567 --- [pedido] [           main] o.h.boot.model.internal.PropertyBinder   : Building property email
2025-05-01T15:48:21.190-04:00 DEBUG 3567 --- [pedido] [           main] o.h.boot.model.internal.AnnotatedColumn  : Binding column: AnnotatedColumn()
2025-05-01T15:48:21.190-04:00 DEBUG 3567 --- [pedido] [           main] o.h.boot.model.internal.PropertyBinder   : MetadataSourceProcessor property estado with lazy=false
2025-05-01T15:48:21.190-04:00 DEBUG 3567 --- [pedido] [           main] o.h.b.m.internal.AbstractPropertyHolder  : Attempting to locate auto-apply AttributeConverter for property [com.pedido.pedido.Model.Pedido:estado]
2025-05-01T15:48:21.190-04:00 DEBUG 3567 --- [pedido] [           main] o.h.b.model.internal.BasicValueBinder    : building BasicValue for estado
2025-05-01T15:48:21.190-04:00 DEBUG 3567 --- [pedido] [           main] org.hibernate.mapping.BasicValue         : Skipping column re-registration: pedido.estado
2025-05-01T15:48:21.190-04:00 DEBUG 3567 --- [pedido] [           main] o.h.boot.model.internal.PropertyBinder   : Building property estado
2025-05-01T15:48:21.190-04:00 DEBUG 3567 --- [pedido] [           main] o.h.boot.model.internal.AnnotatedColumn  : Binding column: AnnotatedColumn()
2025-05-01T15:48:21.190-04:00 DEBUG 3567 --- [pedido] [           main] o.h.boot.model.internal.PropertyBinder   : MetadataSourceProcessor property fechaEntrega with lazy=false
2025-05-01T15:48:21.190-04:00 DEBUG 3567 --- [pedido] [           main] o.h.b.m.internal.AbstractPropertyHolder  : Attempting to locate auto-apply AttributeConverter for property [com.pedido.pedido.Model.Pedido:fechaEntrega]
2025-05-01T15:48:21.190-04:00 DEBUG 3567 --- [pedido] [           main] o.h.b.model.internal.BasicValueBinder    : building BasicValue for fechaEntrega
2025-05-01T15:48:21.190-04:00 DEBUG 3567 --- [pedido] [           main] org.hibernate.mapping.BasicValue         : Skipping column re-registration: pedido.fecha_entrega
2025-05-01T15:48:21.190-04:00 DEBUG 3567 --- [pedido] [           main] o.h.boot.model.internal.PropertyBinder   : Building property fechaEntrega
2025-05-01T15:48:21.190-04:00 DEBUG 3567 --- [pedido] [           main] o.h.boot.model.internal.AnnotatedColumn  : Binding column: AnnotatedColumn()
2025-05-01T15:48:21.190-04:00 DEBUG 3567 --- [pedido] [           main] o.h.boot.model.internal.PropertyBinder   : MetadataSourceProcessor property fechaEstimadaEntrega with lazy=false
2025-05-01T15:48:21.191-04:00 DEBUG 3567 --- [pedido] [           main] o.h.b.m.internal.AbstractPropertyHolder  : Attempting to locate auto-apply AttributeConverter for property [com.pedido.pedido.Model.Pedido:fechaEstimadaEntrega]
2025-05-01T15:48:21.191-04:00 DEBUG 3567 --- [pedido] [           main] o.h.b.model.internal.BasicValueBinder    : building BasicValue for fechaEstimadaEntrega
2025-05-01T15:48:21.191-04:00 DEBUG 3567 --- [pedido] [           main] org.hibernate.mapping.BasicValue         : Skipping column re-registration: pedido.fecha_estimada_entrega
2025-05-01T15:48:21.191-04:00 DEBUG 3567 --- [pedido] [           main] o.h.boot.model.internal.PropertyBinder   : Building property fechaEstimadaEntrega
2025-05-01T15:48:21.191-04:00 DEBUG 3567 --- [pedido] [           main] o.h.boot.model.internal.AnnotatedColumn  : Binding column: AnnotatedColumn()
2025-05-01T15:48:21.191-04:00 DEBUG 3567 --- [pedido] [           main] o.h.boot.model.internal.PropertyBinder   : MetadataSourceProcessor property fechaPedido with lazy=false
2025-05-01T15:48:21.191-04:00 DEBUG 3567 --- [pedido] [           main] o.h.b.m.internal.AbstractPropertyHolder  : Attempting to locate auto-apply AttributeConverter for property [com.pedido.pedido.Model.Pedido:fechaPedido]
2025-05-01T15:48:21.191-04:00 DEBUG 3567 --- [pedido] [           main] o.h.b.model.internal.BasicValueBinder    : building BasicValue for fechaPedido
2025-05-01T15:48:21.191-04:00 DEBUG 3567 --- [pedido] [           main] org.hibernate.mapping.BasicValue         : Skipping column re-registration: pedido.fecha_pedido
2025-05-01T15:48:21.191-04:00 DEBUG 3567 --- [pedido] [           main] o.h.boot.model.internal.PropertyBinder   : Building property fechaPedido
2025-05-01T15:48:21.191-04:00 DEBUG 3567 --- [pedido] [           main] o.h.boot.model.internal.AnnotatedColumn  : Binding column: AnnotatedColumn()
2025-05-01T15:48:21.191-04:00 DEBUG 3567 --- [pedido] [           main] o.h.boot.model.internal.PropertyBinder   : MetadataSourceProcessor property nomDestinatario with lazy=false
2025-05-01T15:48:21.191-04:00 DEBUG 3567 --- [pedido] [           main] o.h.b.m.internal.AbstractPropertyHolder  : Attempting to locate auto-apply AttributeConverter for property [com.pedido.pedido.Model.Pedido:nomDestinatario]
2025-05-01T15:48:21.191-04:00 DEBUG 3567 --- [pedido] [           main] o.h.b.model.internal.BasicValueBinder    : building BasicValue for nomDestinatario
2025-05-01T15:48:21.191-04:00 DEBUG 3567 --- [pedido] [           main] org.hibernate.mapping.BasicValue         : Skipping column re-registration: pedido.nom_destinatario
2025-05-01T15:48:21.191-04:00 DEBUG 3567 --- [pedido] [           main] o.h.boot.model.internal.PropertyBinder   : Building property nomDestinatario
2025-05-01T15:48:21.191-04:00 DEBUG 3567 --- [pedido] [           main] o.h.boot.model.internal.AnnotatedColumn  : Binding column: AnnotatedColumn()
2025-05-01T15:48:21.191-04:00 DEBUG 3567 --- [pedido] [           main] o.h.boot.model.internal.PropertyBinder   : MetadataSourceProcessor property nomRemitente with lazy=false
2025-05-01T15:48:21.191-04:00 DEBUG 3567 --- [pedido] [           main] o.h.b.m.internal.AbstractPropertyHolder  : Attempting to locate auto-apply AttributeConverter for property [com.pedido.pedido.Model.Pedido:nomRemitente]
2025-05-01T15:48:21.191-04:00 DEBUG 3567 --- [pedido] [           main] o.h.b.model.internal.BasicValueBinder    : building BasicValue for nomRemitente
2025-05-01T15:48:21.191-04:00 DEBUG 3567 --- [pedido] [           main] org.hibernate.mapping.BasicValue         : Skipping column re-registration: pedido.nom_remitente
2025-05-01T15:48:21.191-04:00 DEBUG 3567 --- [pedido] [           main] o.h.boot.model.internal.PropertyBinder   : Building property nomRemitente
2025-05-01T15:48:21.191-04:00 DEBUG 3567 --- [pedido] [           main] o.h.boot.model.internal.AnnotatedColumn  : Binding column: AnnotatedColumn()
2025-05-01T15:48:21.191-04:00 DEBUG 3567 --- [pedido] [           main] o.h.boot.model.internal.PropertyBinder   : MetadataSourceProcessor property observaciones with lazy=false
2025-05-01T15:48:21.191-04:00 DEBUG 3567 --- [pedido] [           main] o.h.b.m.internal.AbstractPropertyHolder  : Attempting to locate auto-apply AttributeConverter for property [com.pedido.pedido.Model.Pedido:observaciones]
2025-05-01T15:48:21.191-04:00 DEBUG 3567 --- [pedido] [           main] o.h.b.model.internal.BasicValueBinder    : building BasicValue for observaciones
2025-05-01T15:48:21.191-04:00 DEBUG 3567 --- [pedido] [           main] org.hibernate.mapping.BasicValue         : Skipping column re-registration: pedido.observaciones
2025-05-01T15:48:21.191-04:00 DEBUG 3567 --- [pedido] [           main] o.h.boot.model.internal.PropertyBinder   : Building property observaciones
2025-05-01T15:48:21.191-04:00 DEBUG 3567 --- [pedido] [           main] o.h.boot.model.internal.AnnotatedColumn  : Binding column: AnnotatedColumn()
2025-05-01T15:48:21.191-04:00 DEBUG 3567 --- [pedido] [           main] o.h.boot.model.internal.PropertyBinder   : MetadataSourceProcessor property pais with lazy=false
2025-05-01T15:48:21.191-04:00 DEBUG 3567 --- [pedido] [           main] o.h.b.m.internal.AbstractPropertyHolder  : Attempting to locate auto-apply AttributeConverter for property [com.pedido.pedido.Model.Pedido:pais]
2025-05-01T15:48:21.191-04:00 DEBUG 3567 --- [pedido] [           main] o.h.b.model.internal.BasicValueBinder    : building BasicValue for pais
2025-05-01T15:48:21.192-04:00 DEBUG 3567 --- [pedido] [           main] org.hibernate.mapping.BasicValue         : Skipping column re-registration: pedido.pais
2025-05-01T15:48:21.192-04:00 DEBUG 3567 --- [pedido] [           main] o.h.boot.model.internal.PropertyBinder   : Building property pais
2025-05-01T15:48:21.192-04:00 DEBUG 3567 --- [pedido] [           main] o.h.boot.model.internal.AnnotatedColumn  : Binding column: AnnotatedColumn()
[...]

   ScheduledTasksEndpointAutoConfiguration:
      Did not match:
         - @ConditionalOnAvailableEndpoint not exposed (OnAvailableEndpointCondition)

   SecurityAutoConfiguration:
      Did not match:
         - @ConditionalOnClass did not find required class 'org.springframework.security.authentication.DefaultAuthenticationEventPublisher' (OnClassCondition)

   SecurityFilterAutoConfiguration:
      Did not match:
         - @ConditionalOnClass did not find required class 'org.springframework.security.config.http.SessionCreationPolicy' (OnClassCondition)

   SecurityRequestMatchersManagementContextConfiguration:
      Did not match:
         - @ConditionalOnClass did not find required class 'org.springframework.security.web.util.matcher.RequestMatcher' (OnClassCondition)

   SendGridAutoConfiguration:
      Did not match:
         - @ConditionalOnClass did not find required class 'com.sendgrid.SendGrid' (OnClassCondition)

   ServletEndpointManagementContextConfiguration.JerseyServletEndpointManagementContextConfiguration:
      Did not match:
         - @ConditionalOnClass did not find required class 'org.glassfish.jersey.server.ResourceConfig' (OnClassCondition)

   ServletManagementContextAutoConfiguration.ApplicationContextFilterConfiguration:
      Did not match:
         - @ConditionalOnProperty (management.server.add-application-context-header=true) did not find property 'add-application-context-header' (OnPropertyCondition)

   ServletWebServerFactoryAutoConfiguration.ForwardedHeaderFilterConfiguration:
      Did not match:
         - @ConditionalOnProperty (server.forward-headers-strategy=framework) did not find property 'server.forward-headers-strategy' (OnPropertyCondition)

   ServletWebServerFactoryConfiguration.EmbeddedJetty:
      Did not match:
         - @ConditionalOnClass did not find required classes 'org.eclipse.jetty.server.Server', 'org.eclipse.jetty.util.Loader', 'org.eclipse.jetty.ee10.webapp.WebAppContext' (OnClassCondition)

   ServletWebServerFactoryConfiguration.EmbeddedUndertow:
      Did not match:
         - @ConditionalOnClass did not find required classes 'io.undertow.Undertow', 'org.xnio.SslClientAuthMode' (OnClassCondition)

   SessionAutoConfiguration:
      Did not match:
         - @ConditionalOnClass did not find required class 'org.springframework.session.Session' (OnClassCondition)

   SessionsEndpointAutoConfiguration:
      Did not match:
         - @ConditionalOnClass did not find required class 'org.springframework.session.Session' (OnClassCondition)

   ShutdownEndpointAutoConfiguration:
      Did not match:
         - @ConditionalOnAvailableEndpoint the configured access for endpoint 'shutdown' is NONE (OnAvailableEndpointCondition)

   SignalFxMetricsExportAutoConfiguration:
      Did not match:
         - @ConditionalOnClass did not find required class 'io.micrometer.signalfx.SignalFxMeterRegistry' (OnClassCondition)

   SpringApplicationAdminJmxAutoConfiguration:
      Did not match:
         - @ConditionalOnProperty (spring.application.admin.enabled=true) did not find property 'enabled' (OnPropertyCondition)

   StackdriverMetricsExportAutoConfiguration:
      Did not match:
         - @ConditionalOnClass did not find required class 'io.micrometer.stackdriver.StackdriverMeterRegistry' (OnClassCondition)

   StartupEndpointAutoConfiguration:
      Did not match:
         - ApplicationStartup configured applicationStartup is of type class org.springframework.core.metrics.DefaultApplicationStartup, expected BufferingApplicationStartup. (StartupEndpointAutoConfiguration.ApplicationStartupCondition)

   StatsdMetricsExportAutoConfiguration:
      Did not match:
         - @ConditionalOnClass did not find required class 'io.micrometer.statsd.StatsdMeterRegistry' (OnClassCondition)

   TaskExecutorConfigurations.SimpleAsyncTaskExecutorBuilderConfiguration#simpleAsyncTaskExecutorBuilderVirtualThreads:
      Did not match:
         - @ConditionalOnMissingBean (types: org.springframework.boot.task.SimpleAsyncTaskExecutorBuilder; SearchStrategy: all) found beans of type 'org.springframework.boot.task.SimpleAsyncTaskExecutorBuilder' simpleAsyncTaskExecutorBuilder (OnBeanCondition)

   TaskExecutorConfigurations.TaskExecutorConfiguration#applicationTaskExecutorVirtualThreads:
      Did not match:
         - @ConditionalOnThreading did not find VIRTUAL (OnThreadingCondition)

   TaskSchedulingAutoConfiguration#scheduledBeanLazyInitializationExcludeFilter:
      Did not match:
         - @ConditionalOnBean (names: org.springframework.context.annotation.internalScheduledAnnotationProcessor; SearchStrategy: all) did not find any beans named org.springframework.context.annotation.internalScheduledAnnotationProcessor (OnBeanCondition)

   TaskSchedulingConfigurations.SimpleAsyncTaskSchedulerBuilderConfiguration#simpleAsyncTaskSchedulerBuilderVirtualThreads:
      Did not match:
         - @ConditionalOnMissingBean (types: org.springframework.boot.task.SimpleAsyncTaskSchedulerBuilder; SearchStrategy: all) found beans of type 'org.springframework.boot.task.SimpleAsyncTaskSchedulerBuilder' simpleAsyncTaskSchedulerBuilder (OnBeanCondition)

   TaskSchedulingConfigurations.TaskSchedulerConfiguration:
      Did not match:
         - @ConditionalOnBean (names: org.springframework.context.annotation.internalScheduledAnnotationProcessor; SearchStrategy: all) did not find any beans named org.springframework.context.annotation.internalScheduledAnnotationProcessor (OnBeanCondition)

   ThreadDumpEndpointAutoConfiguration:
      Did not match:
         - @ConditionalOnAvailableEndpoint not exposed (OnAvailableEndpointCondition)

   ThymeleafAutoConfiguration:
      Did not match:
         - @ConditionalOnClass did not find required class 'org.thymeleaf.spring6.SpringTemplateEngine' (OnClassCondition)

   TransactionAutoConfiguration#transactionalOperator:
      Did not match:
         - @ConditionalOnSingleCandidate (types: org.springframework.transaction.ReactiveTransactionManager; SearchStrategy: all) did not find any beans (OnBeanCondition)

   TransactionAutoConfiguration.AspectJTransactionManagementConfiguration:
      Did not match:
         - @ConditionalOnBean (types: org.springframework.transaction.aspectj.AbstractTransactionAspect; SearchStrategy: all) did not find any beans of type org.springframework.transaction.aspectj.AbstractTransactionAspect (OnBeanCondition)

   TransactionAutoConfiguration.EnableTransactionManagementConfiguration.JdkDynamicAutoProxyConfiguration:
      Did not match:
         - @ConditionalOnProperty (spring.aop.proxy-target-class=false) did not find property 'proxy-target-class' (OnPropertyCondition)

   UserDetailsServiceAutoConfiguration:
      Did not match:
         - @ConditionalOnClass did not find required class 'org.springframework.security.authentication.AuthenticationManager' (OnClassCondition)

   WavefrontAutoConfiguration:
      Did not match:
         - @ConditionalOnClass did not find required class 'com.wavefront.sdk.common.application.ApplicationTags' (OnClassCondition)

   WavefrontMetricsExportAutoConfiguration:
      Did not match:
         - @ConditionalOnClass did not find required class 'com.wavefront.sdk.common.WavefrontSender' (OnClassCondition)

   WavefrontTracingAutoConfiguration:
      Did not match:
         - @ConditionalOnClass did not find required class 'com.wavefront.sdk.common.WavefrontSender' (OnClassCondition)

   WebClientAutoConfiguration:
      Did not match:
         - @ConditionalOnClass did not find required class 'org.springframework.web.reactive.function.client.WebClient' (OnClassCondition)

   WebClientObservationConfiguration:
      Did not match:
         - @ConditionalOnClass did not find required class 'org.springframework.web.reactive.function.client.WebClient' (OnClassCondition)

   WebFluxAutoConfiguration:
      Did not match:
         - @ConditionalOnClass did not find required class 'org.springframework.web.reactive.config.WebFluxConfigurer' (OnClassCondition)

   WebFluxEndpointManagementContextConfiguration:
      Did not match:
         - @ConditionalOnClass did not find required class 'org.springframework.web.reactive.DispatcherHandler' (OnClassCondition)

   WebFluxObservationAutoConfiguration:
      Did not match:
         - @ConditionalOnWebApplication did not find reactive web application classes (OnWebApplicationCondition)

   WebMvcAutoConfiguration#hiddenHttpMethodFilter:
      Did not match:
         - @ConditionalOnProperty (spring.mvc.hiddenmethod.filter.enabled) did not find property 'enabled' (OnPropertyCondition)

   WebMvcAutoConfiguration.ProblemDetailsErrorHandlingConfiguration:
      Did not match:
         - @ConditionalOnProperty (spring.mvc.problemdetails.enabled=true) did not find property 'enabled' (OnPropertyCondition)

   WebMvcAutoConfiguration.ResourceChainCustomizerConfiguration:
      Did not match:
         - @ConditionalOnEnabledResourceChain did not find class org.webjars.WebJarVersionLocator (OnEnabledResourceChainCondition)

   WebMvcAutoConfiguration.WebMvcAutoConfigurationAdapter#beanNameViewResolver:
      Did not match:
         - @ConditionalOnMissingBean (types: org.springframework.web.servlet.view.BeanNameViewResolver; SearchStrategy: all) found beans of type 'org.springframework.web.servlet.view.BeanNameViewResolver' beanNameViewResolver (OnBeanCondition)

   WebMvcEndpointManagementContextConfiguration#managementHealthEndpointWebMvcHandlerMapping:
      Did not match:
         - Management Port actual port type (SAME) did not match required type (DIFFERENT) (OnManagementPortCondition)

   WebServiceTemplateAutoConfiguration:
      Did not match:
         - @ConditionalOnClass did not find required class 'org.springframework.oxm.Marshaller' (OnClassCondition)

   WebServicesAutoConfiguration:
      Did not match:
         - @ConditionalOnClass did not find required class 'org.springframework.ws.transport.http.MessageDispatcherServlet' (OnClassCondition)

   WebSessionIdResolverAutoConfiguration:
      Did not match:
         - @ConditionalOnClass did not find required class 'reactor.core.publisher.Mono' (OnClassCondition)

   WebSocketMessagingAutoConfiguration:
      Did not match:
         - @ConditionalOnClass did not find required class 'org.springframework.web.socket.config.annotation.WebSocketMessageBrokerConfigurer' (OnClassCondition)

   WebSocketReactiveAutoConfiguration:
      Did not match:
         - @ConditionalOnWebApplication did not find reactive web application classes (OnWebApplicationCondition)

   WebSocketServletAutoConfiguration.JettyWebSocketConfiguration:
      Did not match:
         - @ConditionalOnClass did not find required class 'org.eclipse.jetty.ee10.websocket.jakarta.server.config.JakartaWebSocketServletContainerInitializer' (OnClassCondition)

   WebSocketServletAutoConfiguration.UndertowWebSocketConfiguration:
      Did not match:
         - @ConditionalOnClass did not find required class 'io.undertow.websockets.jsr.Bootstrap' (OnClassCondition)

   XADataSourceAutoConfiguration:
      Did not match:
         - @ConditionalOnBean (types: org.springframework.boot.jdbc.XADataSourceWrapper; SearchStrategy: all) did not find any beans of type org.springframework.boot.jdbc.XADataSourceWrapper (OnBeanCondition)
      Matched:
         - @ConditionalOnClass found required classes 'javax.sql.DataSource', 'jakarta.transaction.TransactionManager', 'org.springframework.jdbc.datasource.embedded.EmbeddedDatabaseType' (OnClassCondition)

   ZipkinAutoConfiguration:
      Did not match:
         - @ConditionalOnClass did not find required class 'zipkin2.reporter.Encoding' (OnClassCondition)


Exclusions:
-----------

    None


Unconditional classes:
----------------------

    org.springframework.boot.autoconfigure.context.ConfigurationPropertiesAutoConfiguration

    org.springframework.boot.actuate.autoconfigure.availability.AvailabilityHealthContributorAutoConfiguration

    org.springframework.boot.autoconfigure.ssl.SslAutoConfiguration

    org.springframework.boot.actuate.autoconfigure.info.InfoContributorAutoConfiguration

    org.springframework.boot.autoconfigure.context.PropertyPlaceholderAutoConfiguration

    org.springframework.boot.autoconfigure.context.LifecycleAutoConfiguration

    org.springframework.boot.actuate.autoconfigure.metrics.integration.IntegrationMetricsAutoConfiguration

    org.springframework.boot.actuate.autoconfigure.endpoint.EndpointAutoConfiguration

    org.springframework.boot.actuate.autoconfigure.web.server.ManagementContextAutoConfiguration

    org.springframework.boot.actuate.autoconfigure.health.HealthContributorAutoConfiguration

    org.springframework.boot.actuate.autoconfigure.endpoint.jackson.JacksonEndpointAutoConfiguration

    org.springframework.boot.autoconfigure.availability.ApplicationAvailabilityAutoConfiguration

    org.springframework.boot.autoconfigure.info.ProjectInfoAutoConfiguration



2025-05-01T15:48:25.864-04:00  INFO 3567 --- [pedido] [           main] c.pedido.pedido.PedidoApplicationTests   : Started PedidoApplicationTests in 6.062 seconds (process running for 6.347)
2025-05-01T15:48:25.865-04:00 DEBUG 3567 --- [pedido] [           main] o.s.b.a.ApplicationAvailabilityBean      : Application availability state LivenessState changed to CORRECT
2025-05-01T15:48:25.865-04:00 DEBUG 3567 --- [pedido] [           main] o.s.boot.devtools.restart.Restarter      : Creating new Restarter for thread Thread[#1,main,5,main]
2025-05-01T15:48:25.866-04:00 DEBUG 3567 --- [pedido] [           main] o.s.b.a.ApplicationAvailabilityBean      : Application availability state ReadinessState changed to ACCEPTING_TRAFFIC
2025-05-01T15:48:25.866-04:00 DEBUG 3567 --- [pedido] [           main] org.springframework.test.context.cache   : Spring test ApplicationContext cache statistics: [DefaultContextCache@6f2d0d25 size = 1, maxSize = 32, parentContextCount = 0, hitCount = 0, missCount = 1, failureCount = 0]
2025-05-01T15:48:25.866-04:00 DEBUG 3567 --- [pedido] [           main] o.s.t.c.w.ServletTestExecutionListener   : Setting up MockHttpServletRequest, MockHttpServletResponse, ServletWebRequest, and RequestContextHolder for test class com.pedido.pedido.PedidoApplicationTests
2025-05-01T15:48:25.869-04:00 DEBUG 3567 --- [pedido] [           main] DependencyInjectionTestExecutionListener : Performing dependency injection for test class com.pedido.pedido.PedidoApplicationTests
2025-05-01T15:48:25.869-04:00 DEBUG 3567 --- [pedido] [           main] org.springframework.test.context.cache   : Spring test ApplicationContext cache statistics: [DefaultContextCache@6f2d0d25 size = 1, maxSize = 32, parentContextCount = 0, hitCount = 1, missCount = 1, failureCount = 0]
2025-05-01T15:48:25.870-04:00 DEBUG 3567 --- [pedido] [           main] org.springframework.test.context.cache   : Spring test ApplicationContext cache statistics: [DefaultContextCache@6f2d0d25 size = 1, maxSize = 32, parentContextCount = 0, hitCount = 2, missCount = 1, failureCount = 0]
2025-05-01T15:48:25.875-04:00 DEBUG 3567 --- [pedido] [           main] sContextBeforeModesTestExecutionListener : Before test method: class [PedidoApplicationTests], method [contextLoads], class annotated with @DirtiesContext [false] with mode [null], method annotated with @DirtiesContext [false] with mode [null]
2025-05-01T15:48:25.876-04:00 DEBUG 3567 --- [pedido] [           main] org.springframework.test.context.cache   : Spring test ApplicationContext cache statistics: [DefaultContextCache@6f2d0d25 size = 1, maxSize = 32, parentContextCount = 0, hitCount = 3, missCount = 1, failureCount = 0]
2025-05-01T15:48:25.876-04:00 DEBUG 3567 --- [pedido] [           main] org.springframework.test.context.cache   : Spring test ApplicationContext cache statistics: [DefaultContextCache@6f2d0d25 size = 1, maxSize = 32, parentContextCount = 0, hitCount = 4, missCount = 1, failureCount = 0]
2025-05-01T15:48:26.129-04:00 DEBUG 3567 --- [pedido] [           main] org.springframework.test.context.cache   : Spring test ApplicationContext cache statistics: [DefaultContextCache@6f2d0d25 size = 1, maxSize = 32, parentContextCount = 0, hitCount = 5, missCount = 1, failureCount = 0]
2025-05-01T15:48:26.130-04:00 DEBUG 3567 --- [pedido] [           main] org.springframework.test.context.cache   : Spring test ApplicationContext cache statistics: [DefaultContextCache@6f2d0d25 size = 1, maxSize = 32, parentContextCount = 0, hitCount = 6, missCount = 1, failureCount = 0]
2025-05-01T15:48:26.131-04:00 DEBUG 3567 --- [pedido] [           main] org.springframework.test.context.cache   : Spring test ApplicationContext cache statistics: [DefaultContextCache@6f2d0d25 size = 1, maxSize = 32, parentContextCount = 0, hitCount = 7, missCount = 1, failureCount = 0]
2025-05-01T15:48:26.131-04:00 DEBUG 3567 --- [pedido] [           main] org.springframework.test.context.cache   : Spring test ApplicationContext cache statistics: [DefaultContextCache@6f2d0d25 size = 1, maxSize = 32, parentContextCount = 0, hitCount = 8, missCount = 1, failureCount = 0]
2025-05-01T15:48:26.132-04:00 DEBUG 3567 --- [pedido] [           main] org.springframework.test.context.cache   : Spring test ApplicationContext cache statistics: [DefaultContextCache@6f2d0d25 size = 1, maxSize = 32, parentContextCount = 0, hitCount = 9, missCount = 1, failureCount = 0]
2025-05-01T15:48:26.132-04:00 DEBUG 3567 --- [pedido] [           main] org.springframework.test.context.cache   : Spring test ApplicationContext cache statistics: [DefaultContextCache@6f2d0d25 size = 1, maxSize = 32, parentContextCount = 0, hitCount = 10, missCount = 1, failureCount = 0]
2025-05-01T15:48:26.132-04:00 DEBUG 3567 --- [pedido] [           main] org.springframework.test.context.cache   : Spring test ApplicationContext cache statistics: [DefaultContextCache@6f2d0d25 size = 1, maxSize = 32, parentContextCount = 0, hitCount = 11, missCount = 1, failureCount = 0]
2025-05-01T15:48:26.132-04:00 DEBUG 3567 --- [pedido] [           main] org.springframework.test.context.cache   : Spring test ApplicationContext cache statistics: [DefaultContextCache@6f2d0d25 size = 1, maxSize = 32, parentContextCount = 0, hitCount = 12, missCount = 1, failureCount = 0]
2025-05-01T15:48:26.132-04:00 DEBUG 3567 --- [pedido] [           main] org.springframework.test.context.cache   : Spring test ApplicationContext cache statistics: [DefaultContextCache@6f2d0d25 size = 1, maxSize = 32, parentContextCount = 0, hitCount = 13, missCount = 1, failureCount = 0]
2025-05-01T15:48:26.133-04:00 DEBUG 3567 --- [pedido] [           main] .c.s.DirtiesContextTestExecutionListener : After test method: class [PedidoApplicationTests], method [contextLoads], class annotated with @DirtiesContext [false] with mode [null], method annotated with @DirtiesContext [false] with mode [null]
2025-05-01T15:48:26.133-04:00 DEBUG 3567 --- [pedido] [           main] o.s.t.c.w.ServletTestExecutionListener   : Resetting RequestContextHolder for test class com.pedido.pedido.PedidoApplicationTests
]]></system-out>
    <system-err><![CDATA[Mockito is currently self-attaching to enable the inline-mock-maker. This will no longer work in future releases of the JDK. Please add Mockito as an agent to your build what is described in Mockito's documentation: https://javadoc.io/doc/org.mockito/mockito-core/latest/org/mockito/Mockito.html#0.3
WARNING: A Java agent has been loaded dynamically (/Users/sebastianvaldiviavillagra/.m2/repository/net/bytebuddy/byte-buddy-agent/1.15.11/byte-buddy-agent-1.15.11.jar)
WARNING: If a serviceability tool is in use, please run with -XX:+EnableDynamicAgentLoading to hide this warning
WARNING: If a serviceability tool is not in use, please run with -Djdk.instrument.traceUsage for more information
WARNING: Dynamic loading of agents will be disallowed by default in a future release
]]></system-err>
  </testcase>
</testsuite>